Sat, 35, st_st4, st_st7, st_st3_n, st_st0_n, st_st4_n, st_st6, st_st9_n, st_st1, st_st9, st_st3, st_st6_n, st_st7_n, st_st5, st_st2_n, st_st0, st_st2, st_st1_n, st_st5_n, st_st8, st_st8_n,  
ASSIGN, 35, 25245712129, 24171904785, 24167776049, 23903534881, 24708841264, 24708710193, 23165335313, 22024486705, 18805358353, 22024552225, 21488598833, 22026649345, 20950740785, 22326476545, 22829793041, 22225813249, 6052577041, 8065842992, 24169873169, 20145438481,  
Sat, 34, st_st4, st_st7, st_st3_n, st_st0_n, st_st4_n, st_st6, st_st9_n, st_st1, st_st9, st_st3, st_st6_n, st_st7_n, st_st5, st_st2_n, st_st0, st_st2, st_st1_n, st_st5_n, st_st8, st_st8_n,  
ASSIGN, 34, 788317388, 251447502, 251453645, 251414476, 251455692, 251431884, 788286605, 788286156, 251447501, 788318285, 251414989, 251414222, 5083269324, 788303436, 1325157580, 5083253836, 784157900, 788431564, 251415788, 788318436,  
Sat, 33, st_st4, st_st7, st_st3_n, st_st0_n, st_st4_n, st_st6, st_st9_n, st_st1, st_st9, st_st3, st_st6_n, st_st7_n, st_st5, st_st2_n, st_st0, st_st2, st_st1_n, st_st5_n, st_st8, st_st8_n,  
ASSIGN, 33, 818693251, 852313090, 851723426, 881738881, 885802050, 818889744, 1892500481, 885867648, 881673219, 550323362, 818791425, 885851139, 818693328, 818889730, 886850561, 617432067, 617366721, 818758721, 818759169, 816661633,  
Sat, 32, st_st4, st_st7, st_st3_n, st_st0_n, st_st4_n, st_st6, st_st9_n, st_st1, st_st9, st_st3, st_st6_n, st_st7_n, st_st5, st_st2_n, st_st0, st_st2, st_st1_n, st_st5_n, st_st8, st_st8_n,  
ASSIGN, 32, 1392762924, 1359192111, 1361297453, 4043563044, 864215084, 1359208974, 2432950318, 1896013870, 1359732750, 1895948333, 1493393454, 1392685102, 822338092, 1896063276, 822861868, 1896341540, 1627644012, 1359143532, 1359179822, 1393188910,  
Sat, 31, st_st4, st_st7, st_st3_n, st_st0_n, st_st4_n, st_st6, st_st9_n, st_st1, st_st9, st_st3, st_st6_n, st_st7_n, st_st5, st_st2_n, st_st0, st_st2, st_st1_n, st_st5_n, st_st8, st_st8_n,  
ASSIGN, 31, 1615738893, 1618882572, 2018390028, 1618753545, 542521359, 1113470988, 21903375, 8271885, 1080965127, 678309901, 1077819436, 811481100, 572405773, 611203084, 544094219, 206452749, 13514767, 38680717, 1349400588, 1348352005,  
Sat, 30, st_st4, st_st7, st_st3_n, st_st0_n, st_st4_n, st_st6, st_st9_n, st_st1, st_st9, st_st3, st_st6_n, st_st7_n, st_st5, st_st2_n, st_st0, st_st2, st_st1_n, st_st5_n, st_st8, st_st8_n,  
ASSIGN, 30, 822974840, 822974072, 822580088, 823104632, 822958960, 822992408, 823089520, 822991984, 823117944, 822969209, 822894200, 823073912, 822976336, 822975089, 823106160, 822987632, 822974320, 822972024, 822958712, 822991080,  
Sat, 29, st_st4, st_st7, st_st3_n, st_st0_n, st_st4_n, st_st6, st_st9_n, st_st1, st_st9, st_st3, st_st6_n, st_st7_n, st_st5, st_st2_n, st_st0, st_st2, st_st1_n, st_st5_n, st_st8, st_st8_n,  
ASSIGN, 29, 302989071, 302856111, 302858043, 59588367, 312358671, 311310223, 310722351, 311260943, 378355467, 302989219, 311242639, 277692207, 277821231, 303003527, 313278223, 311246727, 315178767, 328152846, 311246479, 281886479,  
Sat, 28, st_st4, st_st7, st_st3_n, st_st0_n, st_st4_n, st_st6, st_st9_n, st_st1, st_st9, st_st3, st_st6_n, st_st7_n, st_st5, st_st2_n, st_st0, st_st2, st_st1_n, st_st5_n, st_st8, st_st8_n,  
ASSIGN, 28, 135372706, 134782898, 18390946, 1384355, 17997730, 1097650, 34643890, 1875874, 68214690, 151035814, 1626034, 135962528, 3186595, 1089447, 9478051, 135569286, 1105830, 9494434, 135845794, 202940320,  
Sat, 27, st_st4, st_st7, st_st3_n, st_st0_n, st_st4_n, st_st6, st_st9_n, st_st1, st_st9, st_st3, st_st6_n, st_st7_n, st_st5, st_st2_n, st_st0, st_st2, st_st1_n, st_st5_n, st_st8, st_st8_n,  
ASSIGN, 27, 16199735, 15966271, 16195707, 16463923, 31666239, 15950142, 49426495, 15937851, 49745979, 16187711, 15926079, 16458039, 14905655, 16199996, 66269235, 3617087, 28520759, 15945791, 16453695, 16060735,  
Sat, 26, st_st4, st_st7, st_st3_n, st_st0_n, st_st4_n, st_st6, st_st9_n, st_st1, st_st9, st_st3, st_st6_n, st_st7_n, st_st5, st_st2_n, st_st0, st_st2, st_st1_n, st_st5_n, st_st8, st_st8_n,  
ASSIGN, 26, 66398503, 65348919, 48704807, 63778087, 49228071, 66003239, 64956455, 65481767, 64302631, 49556791, 61286711, 66399286, 65481095, 49753381, 63384359, 48703799, 65481031, 65481003, 66397351, 66350119,  
Sat, 25, st_st4, st_st7, st_st3_n, st_st0_n, st_st4_n, st_st6, st_st9_n, st_st1, st_st9, st_st3, st_st6_n, st_st7_n, st_st5, st_st2_n, st_st0, st_st2, st_st1_n, st_st5_n, st_st8, st_st8_n,  
ASSIGN, 25, 26132780, 26009898, 26005801, 27132206, 26120238, 9367594, 26132523, 26104106, 26133258, 26001703, 26132526, 17744171, 8835374, 25973037, 26124586, 25977134, 26083631, 9330990, 9355578, 26198058,  
Sat, 24, st_st4, st_st7, st_st3_n, st_st0_n, st_st4_n, st_st6, st_st9_n, st_st1, st_st9, st_st3, st_st6_n, st_st7_n, st_st5, st_st2_n, st_st0, st_st2, st_st1_n, st_st5_n, st_st8, st_st8_n,  
ASSIGN, 24, 2355216, 2875393, 2334741, 2548240, 3731472, 10743808, 520194, 3076096, 1503248, 2797585, 2289697, 3338241, 3338752, 2682898, 2420754, 2994192, 6877200, 2289700, 1830912, 8908800,  
Sat, 23, st_st4, st_st7, st_st3_n, st_st0_n, st_st4_n, st_st6, st_st9_n, st_st1, st_st9, st_st3, st_st6_n, st_st7_n, st_st5, st_st2_n, st_st0, st_st2, st_st1_n, st_st5_n, st_st8, st_st8_n,  
ASSIGN, 23, 586788, 816224, 578672, 324704, 586755, 62816, 963588, 849152, 717826, 685104, 2421792, 847905, 588864, 586832, 832546, 570672, 324656, 588064, 324642, 193824,  
Sat, 22, st_st4, st_st7, st_st3_n, st_st0_n, st_st4_n, st_st6, st_st9_n, st_st1, st_st9, st_st3, st_st6_n, st_st7_n, st_st5, st_st2_n, st_st0, st_st2, st_st1_n, st_st5_n, st_st8, st_st8_n,  
ASSIGN, 22, 258207, 209151, 1290335, 516286, 456862, 242398, 254205, 192766, 1306812, 258167, 242170, 258291, 2290334, 520406, 520412, 258654, 258748, 258622, 258285, 258780,  
Sat, 21, st_st4, st_st7, st_st3_n, st_st0_n, st_st4_n, st_st6, st_st9_n, st_st1, st_st9, st_st3, st_st6_n, st_st7_n, st_st5, st_st2_n, st_st0, st_st2, st_st1_n, st_st5_n, st_st8, st_st8_n,  
ASSIGN, 21, 139922, 131719, 163990, 204962, 144008, 140421, 144001, 143494, 139783, 918, 12933, 139814, 139420, 197254, 139940, 131286, 139490, 140426, 139972, 131974,  
Sat, 20, st_st4, st_st7, st_st3_n, st_st0_n, st_st4_n, st_st6, st_st9_n, st_st1, st_st9, st_st3, st_st6_n, st_st7_n, st_st5, st_st2_n, st_st0, st_st2, st_st1_n, st_st5_n, st_st8, st_st8_n,  
ASSIGN, 20, 141314, 411648, 30720, 329730, 655874, 18690, 2818, 393474, 131650, 272388, 147970, 264202, 148482, 296962, 395776, 395296, 133380, 155904, 147466, 136194,  
Sat, 19, st_st4, st_st7, st_st3_n, st_st0_n, st_st4_n, st_st6, st_st9_n, st_st1, st_st9, st_st3, st_st6_n, st_st7_n, st_st5, st_st2_n, st_st0, st_st2, st_st1_n, st_st5_n, st_st8, st_st8_n,  
ASSIGN, 19, 20942, 69839, 22671, 18639, 16815, 16847, 17615, 20591, 21598, 6862, 90191, 82158, 82286, 17134, 16735, 4974, 495, 86343, 4350, 16607,  
Sat, 18, st_st4, st_st7, st_st3_n, st_st0_n, st_st4_n, st_st6, st_st9_n, st_st1, st_st9, st_st3, st_st6_n, st_st7_n, st_st5, st_st2_n, st_st0, st_st2, st_st1_n, st_st5_n, st_st8, st_st8_n,  
ASSIGN, 18, 72944, 200048, 211056, 15537, 76978, 3570, 14578, 142576, 3826, 215280, 15728, 138354, 77280, 199793, 138418, 19697, 36082, 74994, 198898, 76528,  
Sat, 17, st_st4, st_st7, st_st3_n, st_st0_n, st_st4_n, st_st6, st_st9_n, st_st1, st_st9, st_st3, st_st6_n, st_st7_n, st_st5, st_st2_n, st_st0, st_st2, st_st1_n, st_st5_n, st_st8, st_st8_n,  
ASSIGN, 17, 35, 4162, 2144, 16897, 8705, 2058, 769, 33282, 322, 2066, 36872, 8450, 12290, 24578, 608, 69634, 36896, 194, 138, 1042,  
Sat, 16, st_st4, st_st7, st_st3_n, st_st0_n, st_st4_n, st_st6, st_st9_n, st_st1, st_st9, st_st3, st_st6_n, st_st7_n, st_st5, st_st2_n, st_st0, st_st2, st_st1_n, st_st5_n, st_st8, st_st8_n,  
ASSIGN, 16, 64954, 48447, 65326, 64761, 63807, 56447, 32683, 31935, 64747, 65331, 48375, 48830, 54719, 16315, 32123, 32574, 28603, 64799, 65083, 64815,  
Sat, 15, st_st4, st_st7, st_st3_n, st_st0_n, st_st4_n, st_st6, st_st9_n, st_st1, st_st9, st_st3, st_st6_n, st_st7_n, st_st5, st_st2_n, st_st0, st_st2, st_st1_n, st_st5_n, st_st8, st_st8_n,  
ASSIGN, 15, 10306, 2248, 16578, 4194, 2310, 2316, 2307, 6464, 12546, 9408, 2944, 6274, 11008, 3168, 330, 15360, 6154, 2338, 12480, 10624,  
Sat, 14, st_st4, st_st7, st_st3_n, st_st0_n, st_st4_n, st_st6, st_st9_n, st_st1, st_st9, st_st3, st_st6_n, st_st7_n, st_st5, st_st2_n, st_st0, st_st2, st_st1_n, st_st5_n, st_st8, st_st8_n,  
ASSIGN, 14, 8950, 12533, 2805, 9084, 13268, 12665, 13284, 12662, 10726, 11508, 4981, 12924, 9077, 10366, 8693, 10738, 9075, 9082, 12526, 13282,  
Sat, 13, st_st4, st_st7, st_st3_n, st_st0_n, st_st4_n, st_st6, st_st9_n, st_st1, st_st9, st_st3, st_st6_n, st_st7_n, st_st5, st_st2_n, st_st0, st_st2, st_st1_n, st_st5_n, st_st8, st_st8_n,  
ASSIGN, 13, 5765, 1692, 5657, 1581, 1985, 909, 7305, 1675, 5832, 4253, 5645, 717, 6024, 5262, 1229, 5267, 1191, 1708, 1745, 1734,  
Sat, 12, st_st4, st_st7, st_st3_n, st_st0_n, st_st4_n, st_st6, st_st9_n, st_st1, st_st9, st_st3, st_st6_n, st_st7_n, st_st5, st_st2_n, st_st0, st_st2, st_st1_n, st_st5_n, st_st8, st_st8_n,  
ASSIGN, 12, 2051, 2592, 641, 37, 274, 2057, 2688, 769, 386, 3200, 522, 49, 145, 2624, 518, 1089, 3584, 1057, 530, 2320,  
Sat, 11, st_st4, st_st7, st_st3_n, st_st0_n, st_st4_n, st_st6, st_st9_n, st_st1, st_st9, st_st3, st_st6_n, st_st7_n, st_st5, st_st2_n, st_st0, st_st2, st_st1_n, st_st5_n, st_st8, st_st8_n,  
ASSIGN, 11, 1266, 1079, 1182, 753, 249, 1396, 126, 371, 500, 1134, 318, 1619, 1649, 634, 1141, 1890, 1587, 1842, 215, 474,  
Sat, 10, st_st4, st_st7, st_st3_n, st_st0_n, st_st4_n, st_st6, st_st9_n, st_st1, st_st9, st_st3, st_st6_n, st_st7_n, st_st5, st_st2_n, st_st0, st_st2, st_st1_n, st_st5_n, st_st8, st_st8_n,  
ASSIGN, 10, 773, 898, 705, 340, 834, 610, 547, 534, 294, 135, 178, 579, 708, 404, 816, 326, 778, 556, 275, 284,  
Sat, 9, st_st4, st_st7, st_st3_n, st_st0_n, st_st4_n, st_st6, st_st9_n, st_st1, st_st9, st_st3, st_st6_n, st_st7_n, st_st5, st_st2_n, st_st0, st_st2, st_st1_n, st_st5_n, st_st8, st_st8_n,  
ASSIGN, 9, 113, 216, 228, 180, 293, 172, 340, 197, 29, 60, 226, 147, 480, 232, 108, 356, 39, 163, 169, 329,  
Sat, 8, st_st4, st_st7, st_st3_n, st_st0_n, st_st4_n, st_st6, st_st9_n, st_st1, st_st9, st_st3, st_st6_n, st_st7_n, st_st5, st_st2_n, st_st0, st_st2, st_st1_n, st_st5_n, st_st8, st_st8_n,  
ASSIGN, 8, 184, 54, 163, 225, 30, 71, 142, 45, 228, 210, 106, 27, 51, 166, 149, 204, 139, 116, 113, 92,  
NotSat, 7,  
