Sat, 35, st_st4, st_st7, st_st15, st_st11_n, st_st0_n, st_st6, st_st1, st_st12_n, st_st9, st_st3, st_st6_n, st_st14, st_st5, st_st10, st_st13, st_st0, st_st2, st_st1_n, st_st12, st_st11, st_st8, st_st8_n, st_st10_n,  
ASSIGN, 35, 9798854670, 14496446476, 25770735885, 10066737165, 10067257868, 5503859724, 9798838285, 9798830860, 5503858702, 1208940556, 9664609293, 11963083012, 18388760590, 1208891469, 9798105372, 8993515789, 5503871244, 31273658380, 9798818317, 9798826252, 13288486924, 14093596684, 14093791245,  
Sat, 34, st_st4, st_st7, st_st15, st_st11_n, st_st0_n, st_st6, st_st1, st_st12_n, st_st9, st_st3, st_st6_n, st_st14, st_st5, st_st10, st_st13, st_st0, st_st2, st_st1_n, st_st12, st_st11, st_st8, st_st8_n, st_st10_n,  
ASSIGN, 34, 17171460436, 17179783505, 12884873684, 3758076254, 12348010980, 16642978160, 16642978118, 12348011364, 17163071828, 12876493139, 16374542681, 12582891863, 16634589523, 12884881764, 16642990420, 3758076263, 16642978067, 17179848965, 12347945814, 12348010837, 16978522453, 14763929941, 12884881746,  
Sat, 33, st_st4, st_st7, st_st15, st_st11_n, st_st0_n, st_st6, st_st1, st_st12_n, st_st9, st_st3, st_st6_n, st_st14, st_st5, st_st10, st_st13, st_st0, st_st2, st_st1_n, st_st12, st_st11, st_st8, st_st8_n, st_st10_n,  
ASSIGN, 33, 3866689471, 3195322303, 8564281279, 4234805167, 8396537790, 4269555646, 3027894207, 8396537279, 3162357694, 7758987199, 4269587901, 4241539071, 4269334462, 4135174078, 8472018367, 4117299135, 3430547391, 3564830655, 4235852991, 4235771839, 3174875071, 3170680735, 3195617215,  
Sat, 32, st_st4, st_st7, st_st15, st_st11_n, st_st0_n, st_st6, st_st1, st_st12_n, st_st9, st_st3, st_st6_n, st_st14, st_st5, st_st10, st_st13, st_st0, st_st2, st_st1_n, st_st12, st_st11, st_st8, st_st8_n, st_st10_n,  
ASSIGN, 32, 4293935057, 4293934803, 3732733649, 4293973969, 4277205969, 4294098577, 4292931537, 4285722065, 4294110913, 4283531217, 4294483665, 4269080259, 4285693841, 4294241937, 4285591473, 3991994321, 4293951440, 4293947121, 4285648849, 4285595345, 4293983938, 4293979888, 4294029009,  
Sat, 31, st_st4, st_st7, st_st15, st_st11_n, st_st0_n, st_st6, st_st1, st_st12_n, st_st9, st_st3, st_st6_n, st_st14, st_st5, st_st10, st_st13, st_st0, st_st2, st_st1_n, st_st12, st_st11, st_st8, st_st8_n, st_st10_n,  
ASSIGN, 31, 957039666, 1007373315, 941116579, 672089251, 940247219, 944458818, 940197043, 940199092, 944131234, 2014003378, 940276738, 1347112098, 990596098, 944393347, 706430114, 940250275, 403392691, 403391670, 940524720, 940264610, 940002339, 940723363, 944391394,  
Sat, 30, st_st4, st_st7, st_st15, st_st11_n, st_st0_n, st_st6, st_st1, st_st12_n, st_st9, st_st3, st_st6_n, st_st14, st_st5, st_st10, st_st13, st_st0, st_st2, st_st1_n, st_st12, st_st11, st_st8, st_st8_n, st_st10_n,  
ASSIGN, 30, 353953536, 889333696, 654505472, 336848640, 486600448, 890283840, 286453504, 822210304, 894576384, 353035780, 889370176, 889450752, 890021632, 890269440, 922791680, 369291008, 335736580, 336783232, 554952448, 889382656, 893413184, 893429512, 357623552,  
Sat, 29, st_st4, st_st7, st_st15, st_st11_n, st_st0_n, st_st6, st_st1, st_st12_n, st_st9, st_st3, st_st6_n, st_st14, st_st5, st_st10, st_st13, st_st0, st_st2, st_st1_n, st_st12, st_st11, st_st8, st_st8_n, st_st10_n,  
ASSIGN, 29, 378611789, 235546717, 381823005, 369240253, 374548493, 237185053, 378677277, 370288857, 503393309, 310454397, 69937245, 369567956, 372320285, 371338269, 369305942, 373434399, 311044189, 377629773, 370354233, 369305693, 469904477, 503457949, 379660317,  
Sat, 28, st_st4, st_st7, st_st15, st_st11_n, st_st0_n, st_st6, st_st1, st_st12_n, st_st9, st_st3, st_st6_n, st_st14, st_st5, st_st10, st_st13, st_st0, st_st2, st_st1_n, st_st12, st_st11, st_st8, st_st8_n, st_st10_n,  
ASSIGN, 28, 264793601, 132801793, 248163073, 248179713, 264825857, 130769665, 265184257, 248408069, 264402177, 261777921, 266952961, 264399110, 130641153, 264987904, 264923148, 264953861, 256797185, 264921603, 214854913, 264923393, 262302977, 230911233, 264990721,  
Sat, 27, st_st4, st_st7, st_st15, st_st11_n, st_st0_n, st_st6, st_st1, st_st12_n, st_st9, st_st3, st_st6_n, st_st14, st_st5, st_st10, st_st13, st_st0, st_st2, st_st1_n, st_st12, st_st11, st_st8, st_st8_n, st_st10_n,  
ASSIGN, 27, 130330634, 118960138, 130420749, 130289679, 65478666, 123147272, 130424843, 130228250, 130232329, 114200586, 117904650, 130520064, 131339274, 130421769, 121852170, 130359310, 114237450, 130523144, 130220047, 130486282, 131280898, 114765832, 131477512,  
Sat, 26, st_st4, st_st7, st_st15, st_st11_n, st_st0_n, st_st6, st_st1, st_st12_n, st_st9, st_st3, st_st6_n, st_st14, st_st5, st_st10, st_st13, st_st0, st_st2, st_st1_n, st_st12, st_st11, st_st8, st_st8_n, st_st10_n,  
ASSIGN, 26, 12746526, 30563359, 14842430, 14843676, 14835548, 23223583, 14866206, 14837535, 15883038, 13852190, 31874063, 7495323, 15097118, 14835038, 15359763, 15884046, 11689758, 13819422, 48395806, 14835231, 13793823, 32659487, 15881503,  
Sat, 25, st_st4, st_st7, st_st15, st_st11_n, st_st0_n, st_st6, st_st1, st_st12_n, st_st9, st_st3, st_st6_n, st_st14, st_st5, st_st10, st_st13, st_st0, st_st2, st_st1_n, st_st12, st_st11, st_st8, st_st8_n, st_st10_n,  
ASSIGN, 25, 33160067, 32817073, 28835714, 33087371, 33225603, 31522739, 32570255, 32571079, 32694163, 29162379, 32800690, 30734251, 24248227, 32567191, 33406723, 31653771, 32963466, 16120715, 32636555, 32833411, 32823219, 32824275, 31653767,  
Sat, 24, st_st4, st_st7, st_st15, st_st11_n, st_st0_n, st_st6, st_st1, st_st12_n, st_st9, st_st3, st_st6_n, st_st14, st_st5, st_st10, st_st13, st_st0, st_st2, st_st1_n, st_st12, st_st11, st_st8, st_st8_n, st_st10_n,  
ASSIGN, 24, 3873824, 1252421, 3870787, 3873282, 1776688, 1449027, 3349522, 3886082, 11213826, 3808328, 1252387, 1824832, 1514592, 3808259, 11213888, 12262400, 1252440, 10165264, 3364930, 1776706, 2300998, 2821442, 11672642,  
Sat, 23, st_st4, st_st7, st_st15, st_st11_n, st_st0_n, st_st6, st_st1, st_st12_n, st_st9, st_st3, st_st6_n, st_st14, st_st5, st_st10, st_st13, st_st0, st_st2, st_st1_n, st_st12, st_st11, st_st8, st_st8_n, st_st10_n,  
ASSIGN, 23, 7556093, 7568159, 8149982, 5471197, 5495550, 7435231, 5467134, 7539711, 5461983, 7818230, 6519773, 7561070, 7558139, 5341150, 6805982, 5503454, 7568246, 7502844, 5491679, 7560158, 5462975, 7820191, 7563230,  
Sat, 22, st_st4, st_st7, st_st15, st_st11_n, st_st0_n, st_st6, st_st1, st_st12_n, st_st9, st_st3, st_st6_n, st_st14, st_st5, st_st10, st_st13, st_st0, st_st2, st_st1_n, st_st12, st_st11, st_st8, st_st8_n, st_st10_n,  
ASSIGN, 22, 3287682, 2755110, 2624046, 3672707, 3676802, 3279650, 3681152, 3418784, 3672928, 3156739, 3410470, 2108070, 3549218, 1714976, 2632416, 3672850, 3157792, 3156802, 3672740, 3680802, 2640482, 2624298, 3156769,  
Sat, 21, st_st4, st_st7, st_st15, st_st11_n, st_st0_n, st_st6, st_st1, st_st12_n, st_st9, st_st3, st_st6_n, st_st14, st_st5, st_st10, st_st13, st_st0, st_st2, st_st1_n, st_st12, st_st11, st_st8, st_st8_n, st_st10_n,  
ASSIGN, 21, 331313, 597042, 532020, 659120, 134961, 531619, 396850, 134819, 138801, 69411, 548386, 547363, 7857, 663074, 3646, 265905, 73266, 724528, 659042, 527923, 269363, 134451, 7858,  
Sat, 20, st_st4, st_st7, st_st15, st_st11_n, st_st0_n, st_st6, st_st1, st_st12_n, st_st9, st_st3, st_st6_n, st_st14, st_st5, st_st10, st_st13, st_st0, st_st2, st_st1_n, st_st12, st_st11, st_st8, st_st8_n, st_st10_n,  
ASSIGN, 20, 67590, 11008, 7170, 3329, 83972, 133633, 19458, 7169, 74753, 67856, 198912, 66817, 198664, 3105, 74496, 7172, 198658, 74754, 142336, 69120, 15360, 76032, 83969,  
Sat, 19, st_st4, st_st7, st_st15, st_st11_n, st_st0_n, st_st6, st_st1, st_st12_n, st_st9, st_st3, st_st6_n, st_st14, st_st5, st_st10, st_st13, st_st0, st_st2, st_st1_n, st_st12, st_st11, st_st8, st_st8_n, st_st10_n,  
ASSIGN, 19, 52999, 150830, 216590, 93004, 323084, 281886, 118540, 98052, 23326, 93957, 85263, 28500, 265999, 36638, 53018, 61252, 77708, 69391, 85830, 28430, 56590, 52046, 20316,  
Sat, 18, st_st4, st_st7, st_st15, st_st11_n, st_st0_n, st_st6, st_st1, st_st12_n, st_st9, st_st3, st_st6_n, st_st14, st_st5, st_st10, st_st13, st_st0, st_st2, st_st1_n, st_st12, st_st11, st_st8, st_st8_n, st_st10_n,  
ASSIGN, 18, 87810, 48641, 56578, 116227, 129026, 46852, 123650, 64256, 48896, 251392, 46672, 42515, 30465, 59137, 38662, 127489, 190208, 185090, 52994, 62978, 110082, 48131, 42762,  
Sat, 17, st_st4, st_st7, st_st15, st_st11_n, st_st0_n, st_st6, st_st1, st_st12_n, st_st9, st_st3, st_st6_n, st_st14, st_st5, st_st10, st_st13, st_st0, st_st2, st_st1_n, st_st12, st_st11, st_st8, st_st8_n, st_st10_n,  
ASSIGN, 17, 120837, 53325, 46604, 63498, 47185, 116749, 63521, 47619, 59406, 104459, 57613, 7183, 71725, 129032, 47178, 63556, 124937, 104489, 61447, 47117, 28687, 14606, 55340,  
Sat, 16, st_st4, st_st7, st_st15, st_st11_n, st_st0_n, st_st6, st_st1, st_st12_n, st_st9, st_st3, st_st6_n, st_st14, st_st5, st_st10, st_st13, st_st0, st_st2, st_st1_n, st_st12, st_st11, st_st8, st_st8_n, st_st10_n,  
ASSIGN, 16, 8368, 8496, 720, 10320, 1856, 8962, 9408, 1122, 9536, 10280, 8640, 108, 8481, 9729, 561, 1136, 10305, 9249, 8514, 8800, 33120, 41032, 1602,  
Sat, 15, st_st4, st_st7, st_st15, st_st11_n, st_st0_n, st_st6, st_st1, st_st12_n, st_st9, st_st3, st_st6_n, st_st14, st_st5, st_st10, st_st13, st_st0, st_st2, st_st1_n, st_st12, st_st11, st_st8, st_st8_n, st_st10_n,  
ASSIGN, 15, 248, 451, 16500, 234, 1110, 16547, 158, 17434, 5314, 9424, 20673, 16774, 16585, 1202, 16609, 8282, 1222, 1114, 16568, 16594, 206, 707, 17542,  
Sat, 14, st_st4, st_st7, st_st15, st_st11_n, st_st0_n, st_st6, st_st1, st_st12_n, st_st9, st_st3, st_st6_n, st_st14, st_st5, st_st10, st_st13, st_st0, st_st2, st_st1_n, st_st12, st_st11, st_st8, st_st8_n, st_st10_n,  
ASSIGN, 14, 393, 4481, 212, 526, 269, 1410, 172, 293, 5636, 4496, 432, 8864, 135, 1157, 785, 649, 284, 525, 808, 900, 4420, 12420, 1696,  
Sat, 13, st_st4, st_st7, st_st15, st_st11_n, st_st0_n, st_st6, st_st1, st_st12_n, st_st9, st_st3, st_st6_n, st_st14, st_st5, st_st10, st_st13, st_st0, st_st2, st_st1_n, st_st12, st_st11, st_st8, st_st8_n, st_st10_n,  
ASSIGN, 13, 2668, 4818, 7008, 7752, 4316, 4938, 4685, 4206, 629, 630, 5016, 7280, 6754, 622, 5705, 5064, 748, 4460, 1644, 4728, 4710, 4659, 4707,  
Sat, 12, st_st4, st_st7, st_st15, st_st11_n, st_st0_n, st_st6, st_st1, st_st12_n, st_st9, st_st3, st_st6_n, st_st14, st_st5, st_st10, st_st13, st_st0, st_st2, st_st1_n, st_st12, st_st11, st_st8, st_st8_n, st_st10_n,  
ASSIGN, 12, 3336, 3084, 593, 3112, 3081, 3106, 2248, 2626, 3330, 1100, 2148, 1091, 1376, 1098, 2146, 2145, 1728, 3232, 2074, 3152, 1094, 3204, 2115,  
Sat, 11, st_st4, st_st7, st_st15, st_st11_n, st_st0_n, st_st6, st_st1, st_st12_n, st_st9, st_st3, st_st6_n, st_st14, st_st5, st_st10, st_st13, st_st0, st_st2, st_st1_n, st_st12, st_st11, st_st8, st_st8_n, st_st10_n,  
ASSIGN, 11, 380, 243, 1842, 828, 1083, 486, 189, 1141, 365, 814, 694, 444, 497, 399, 839, 126, 1071, 1309, 1086, 311, 455, 413, 469,  
Sat, 10, st_st4, st_st7, st_st15, st_st11_n, st_st0_n, st_st6, st_st1, st_st12_n, st_st9, st_st3, st_st6_n, st_st14, st_st5, st_st10, st_st13, st_st0, st_st2, st_st1_n, st_st12, st_st11, st_st8, st_st8_n, st_st10_n,  
ASSIGN, 10, 141, 396, 547, 424, 135, 417, 452, 912, 519, 46, 356, 533, 53, 705, 664, 897, 774, 293, 780, 676, 197, 163, 898,  
Sat, 9, st_st4, st_st7, st_st15, st_st11_n, st_st0_n, st_st6, st_st1, st_st12_n, st_st9, st_st3, st_st6_n, st_st14, st_st5, st_st10, st_st13, st_st0, st_st2, st_st1_n, st_st12, st_st11, st_st8, st_st8_n, st_st10_n,  
ASSIGN, 9, 304, 193, 50, 67, 388, 70, 162, 19, 385, 145, 104, 262, 28, 11, 42, 137, 196, 22, 112, 37, 324, 73, 140,  
Sat, 8, st_st4, st_st7, st_st15, st_st11_n, st_st0_n, st_st6, st_st1, st_st12_n, st_st9, st_st3, st_st6_n, st_st14, st_st5, st_st10, st_st13, st_st0, st_st2, st_st1_n, st_st12, st_st11, st_st8, st_st8_n, st_st10_n,  
ASSIGN, 8, 176, 162, 26, 69, 208, 11, 104, 25, 131, 193, 22, 100, 88, 70, 56, 52, 84, 38, 161, 140, 41, 21, 37,  
NotSat, 7,  
