Sat, 35, st_st4, st_st7, st_st3_n, st_st11_n, st_st0_n, st_st4_n, st_st6, st_st9_n, st_st1, st_st9, st_st3, st_st6_n, st_st7_n, st_st5, st_st2_n, st_st10, st_st0, st_st2, st_st1_n, st_st5_n, st_st8, st_st11, st_st8_n, st_st10_n,  
ASSIGN, 35, 7038041869, 21942492687, 7305166733, 3622818879, 3530554687, 2885680901, 4729077519, 2145380407, 7791967807, 534768703, 8362393357, 17647533838, 22009531951, 6641680141, 8362389023, 3755984959, 7842290751, 8362393134, 16414932542, 5031001871, 21942488127, 3746552895, 4823436351, 16631449663,  
Sat, 34, st_st4, st_st7, st_st3_n, st_st11_n, st_st0_n, st_st4_n, st_st6, st_st9_n, st_st1, st_st9, st_st3, st_st6_n, st_st7_n, st_st5, st_st2_n, st_st10, st_st0, st_st2, st_st1_n, st_st5_n, st_st8, st_st11, st_st8_n, st_st10_n,  
ASSIGN, 34, 13087404862, 2401497900, 13097890574, 8717991692, 13008761613, 13094810430, 2351166332, 8716548900, 13015053070, 8708159276, 13095795482, 2384713580, 2668229420, 8791520126, 13146127120, 8716022573, 8717988623, 13011909386, 131201806, 204202878, 260829996, 8719037228, 118223804, 9254986540,  
Sat, 33, st_st4, st_st7, st_st3_n, st_st11_n, st_st0_n, st_st4_n, st_st6, st_st9_n, st_st1, st_st9, st_st3, st_st6_n, st_st7_n, st_st5, st_st2_n, st_st10, st_st0, st_st2, st_st1_n, st_st5_n, st_st8, st_st11, st_st8_n, st_st10_n,  
ASSIGN, 33, 7051956109, 4865458077, 8058605453, 4961988288, 5021695169, 4904468365, 2785050525, 4348509891, 5021957760, 4345364175, 6984888204, 4932599693, 6459293597, 7046725517, 2739203980, 4357947075, 5029035712, 7035219840, 7035222660, 1678016413, 6476070559, 4358143680, 6761282191, 4345560771,  
Sat, 32, st_st4, st_st7, st_st3_n, st_st11_n, st_st0_n, st_st4_n, st_st6, st_st9_n, st_st1, st_st9, st_st3, st_st6_n, st_st7_n, st_st5, st_st2_n, st_st10, st_st0, st_st2, st_st1_n, st_st5_n, st_st8, st_st11, st_st8_n, st_st10_n,  
ASSIGN, 32, 274801170, 542257666, 275849488, 859837696, 827457602, 4268567, 542122690, 806433026, 292556866, 805384707, 812712464, 544252418, 563229184, 541139538, 812654610, 838938881, 859836482, 812650576, 812652546, 542188042, 813838850, 859844609, 813707395, 1648439297,  
Sat, 31, st_st4, st_st7, st_st3_n, st_st11_n, st_st0_n, st_st4_n, st_st6, st_st9_n, st_st1, st_st9, st_st3, st_st6_n, st_st7_n, st_st5, st_st2_n, st_st10, st_st0, st_st2, st_st1_n, st_st5_n, st_st8, st_st11, st_st8_n, st_st10_n,  
ASSIGN, 31, 1408377529, 2062573630, 1605509809, 1945211000, 1945155636, 1139942140, 2045927484, 1710276988, 1945284657, 1710342206, 1941056177, 2146451516, 535846974, 1911694012, 1941097009, 1878048828, 1945235504, 1945264689, 1945273137, 1978867772, 1743806526, 1945223228, 1744126012, 1810989372,  
Sat, 30, st_st4, st_st7, st_st3_n, st_st11_n, st_st0_n, st_st4_n, st_st6, st_st9_n, st_st1, st_st9, st_st3, st_st6_n, st_st7_n, st_st5, st_st2_n, st_st10, st_st0, st_st2, st_st1_n, st_st5_n, st_st8, st_st11, st_st8_n, st_st10_n,  
ASSIGN, 30, 243253119, 1063190520, 192937791, 805175126, 268369719, 1044365175, 1045364731, 533725148, 268418931, 267386868, 268386111, 1060044793, 1071316978, 1047510907, 267796479, 803209172, 805240659, 268386043, 268416507, 1053818491, 1072627696, 769654615, 804192213, 803200727,  
Sat, 29, st_st4, st_st7, st_st3_n, st_st11_n, st_st0_n, st_st4_n, st_st6, st_st9_n, st_st1, st_st9, st_st3, st_st6_n, st_st7_n, st_st5, st_st2_n, st_st10, st_st0, st_st2, st_st1_n, st_st5_n, st_st8, st_st11, st_st8_n, st_st10_n,  
ASSIGN, 29, 50803504, 154342273, 54801202, 54014520, 37168688, 50844448, 20124640, 36844325, 53817904, 36901639, 55194416, 20132513, 166925056, 50795488, 54866736, 37434116, 37433904, 57225776, 52113968, 55776192, 145953541, 37368364, 238097157, 35271476,  
Sat, 28, st_st4, st_st7, st_st3_n, st_st11_n, st_st0_n, st_st4_n, st_st6, st_st9_n, st_st1, st_st9, st_st3, st_st6_n, st_st7_n, st_st5, st_st2_n, st_st10, st_st0, st_st2, st_st1_n, st_st5_n, st_st8, st_st11, st_st8_n, st_st10_n,  
ASSIGN, 28, 117637975, 134344529, 119210311, 50437089, 63996773, 218301398, 201444179, 16842480, 59871589, 16899056, 117637487, 134532947, 142659441, 201526103, 117641596, 21019632, 51420005, 117674341, 61018469, 201395163, 134336496, 16817141, 83939312, 16826340,  
Sat, 27, st_st4, st_st7, st_st3_n, st_st11_n, st_st0_n, st_st4_n, st_st6, st_st9_n, st_st1, st_st9, st_st3, st_st6_n, st_st7_n, st_st5, st_st2_n, st_st10, st_st0, st_st2, st_st1_n, st_st5_n, st_st8, st_st11, st_st8_n, st_st10_n,  
ASSIGN, 27, 443352, 68092728, 304092, 1843685, 975300, 1213432, 68092152, 101655300, 7242180, 102705408, 451284, 67570104, 68619056, 918520, 2777812, 110960900, 4071876, 3072196, 7120068, 917755, 68102448, 10297796, 102508848, 77537600,  
Sat, 26, st_st4, st_st7, st_st3_n, st_st11_n, st_st0_n, st_st4_n, st_st6, st_st9_n, st_st1, st_st9, st_st3, st_st6_n, st_st7_n, st_st5, st_st2_n, st_st10, st_st0, st_st2, st_st1_n, st_st5_n, st_st8, st_st11, st_st8_n, st_st10_n,  
ASSIGN, 26, 39950848, 35695808, 37858048, 18934276, 191105, 39031296, 35892224, 33608325, 8571649, 33594244, 50436864, 33664160, 33599360, 37985280, 33741568, 33618560, 191236, 58772224, 8440656, 34573312, 35692160, 326148, 38836864, 33860228,  
Sat, 25, st_st4, st_st7, st_st3_n, st_st11_n, st_st0_n, st_st4_n, st_st6, st_st9_n, st_st1, st_st9, st_st3, st_st6_n, st_st7_n, st_st5, st_st2_n, st_st10, st_st0, st_st2, st_st1_n, st_st5_n, st_st8, st_st11, st_st8_n, st_st10_n,  
ASSIGN, 25, 4754658, 3704161, 6392034, 27197698, 19759111, 4820050, 12092738, 16285858, 3112971, 16286048, 6917154, 3835170, 1578353, 13143362, 6851722, 33063170, 17793283, 2722827, 2526219, 22578498, 5800305, 30245122, 14164336, 31015170,  
Sat, 24, st_st4, st_st7, st_st3_n, st_st11_n, st_st0_n, st_st4_n, st_st6, st_st9_n, st_st1, st_st9, st_st3, st_st6_n, st_st7_n, st_st5, st_st2_n, st_st10, st_st0, st_st2, st_st1_n, st_st5_n, st_st8, st_st11, st_st8_n, st_st10_n,  
ASSIGN, 24, 13599727, 10351055, 15696827, 16233259, 16642829, 16745295, 10461679, 16642827, 16708366, 10351419, 13615935, 10482156, 13497039, 12551149, 5233470, 14545770, 16749327, 13562686, 14611308, 10413037, 10351215, 14676747, 10416703, 16511818,  
Sat, 23, st_st4, st_st7, st_st3_n, st_st11_n, st_st0_n, st_st4_n, st_st6, st_st9_n, st_st1, st_st9, st_st3, st_st6_n, st_st7_n, st_st5, st_st2_n, st_st10, st_st0, st_st2, st_st1_n, st_st5_n, st_st8, st_st11, st_st8_n, st_st10_n,  
ASSIGN, 23, 2293691, 6518399, 2228157, 5177148, 5241639, 2285439, 4423547, 4538239, 5241772, 5078654, 2883257, 7550843, 7042423, 3309435, 262077, 5193596, 5225278, 2882477, 6946732, 5275519, 5207167, 4898686, 5144175, 6209388,  
Sat, 22, st_st4, st_st7, st_st3_n, st_st11_n, st_st0_n, st_st4_n, st_st6, st_st9_n, st_st1, st_st9, st_st3, st_st6_n, st_st7_n, st_st5, st_st2_n, st_st10, st_st0, st_st2, st_st1_n, st_st5_n, st_st8, st_st11, st_st8_n, st_st10_n,  
ASSIGN, 22, 4125684, 2948988, 4121335, 3079118, 2943991, 4088830, 4013948, 3014430, 2944990, 2948982, 3077079, 3129180, 3014501, 4142076, 3067863, 2944863, 3074783, 2932695, 2944759, 4132860, 3014580, 3075998, 3014358, 2289631,  
Sat, 21, st_st4, st_st7, st_st3_n, st_st11_n, st_st0_n, st_st4_n, st_st6, st_st9_n, st_st1, st_st9, st_st3, st_st6_n, st_st7_n, st_st5, st_st2_n, st_st10, st_st0, st_st2, st_st1_n, st_st5_n, st_st8, st_st11, st_st8_n, st_st10_n,  
ASSIGN, 21, 1731042, 1716455, 1719776, 348413, 1311231, 1894626, 1986787, 1335759, 1443055, 1057279, 1716707, 1466599, 1454563, 2015714, 930282, 287227, 1458429, 1966571, 1967354, 1036514, 1323255, 811261, 1323390, 283133,  
Sat, 20, st_st4, st_st7, st_st3_n, st_st11_n, st_st0_n, st_st4_n, st_st6, st_st9_n, st_st1, st_st9, st_st3, st_st6_n, st_st7_n, st_st5, st_st2_n, st_st10, st_st0, st_st2, st_st1_n, st_st5_n, st_st8, st_st11, st_st8_n, st_st10_n,  
ASSIGN, 20, 783905, 716302, 718529, 818850, 843305, 773921, 700198, 523521, 712248, 786176, 718361, 970502, 718926, 780068, 714283, 1047554, 843440, 714552, 671544, 763238, 785420, 908930, 261656, 851075,  
Sat, 19, st_st4, st_st7, st_st3_n, st_st11_n, st_st0_n, st_st4_n, st_st6, st_st9_n, st_st1, st_st9, st_st3, st_st6_n, st_st7_n, st_st5, st_st2_n, st_st10, st_st0, st_st2, st_st1_n, st_st5_n, st_st8, st_st11, st_st8_n, st_st10_n,  
ASSIGN, 19, 342223, 246991, 497863, 176044, 406508, 96974, 225487, 60905, 401132, 52723, 375014, 254607, 189902, 291535, 334311, 61410, 405476, 465638, 479980, 95119, 52687, 12270, 49663, 110506,  
Sat, 18, st_st4, st_st7, st_st3_n, st_st11_n, st_st0_n, st_st4_n, st_st6, st_st9_n, st_st1, st_st9, st_st3, st_st6_n, st_st7_n, st_st5, st_st2_n, st_st10, st_st0, st_st2, st_st1_n, st_st5_n, st_st8, st_st11, st_st8_n, st_st10_n,  
ASSIGN, 18, 16644, 65542, 33796, 147457, 131078, 1030, 266, 12292, 16404, 65604, 35072, 132098, 196, 1344, 10241, 14, 37, 67588, 65808, 584, 131077, 2051, 65553, 1154,  
Sat, 17, st_st4, st_st7, st_st3_n, st_st11_n, st_st0_n, st_st4_n, st_st6, st_st9_n, st_st1, st_st9, st_st3, st_st6_n, st_st7_n, st_st5, st_st2_n, st_st10, st_st0, st_st2, st_st1_n, st_st5_n, st_st8, st_st11, st_st8_n, st_st10_n,  
ASSIGN, 17, 117777, 57644, 114963, 49612, 49466, 117856, 124192, 22952, 98426, 117152, 114741, 57762, 59492, 52513, 49270, 35244, 49276, 32893, 34878, 118080, 60704, 34028, 117808, 2796,  
Sat, 16, st_st4, st_st7, st_st3_n, st_st11_n, st_st0_n, st_st4_n, st_st6, st_st9_n, st_st1, st_st9, st_st3, st_st6_n, st_st7_n, st_st5, st_st2_n, st_st10, st_st0, st_st2, st_st1_n, st_st5_n, st_st8, st_st11, st_st8_n, st_st10_n,  
ASSIGN, 16, 180, 13568, 8848, 1616, 60, 58, 8472, 4236, 49200, 4180, 1169, 12816, 9360, 8360, 660, 4868, 1328, 178, 49282, 153, 5168, 912, 4880, 33544,  
Sat, 15, st_st4, st_st7, st_st3_n, st_st11_n, st_st0_n, st_st4_n, st_st6, st_st9_n, st_st1, st_st9, st_st3, st_st6_n, st_st7_n, st_st5, st_st2_n, st_st10, st_st0, st_st2, st_st1_n, st_st5_n, st_st8, st_st11, st_st8_n, st_st10_n,  
ASSIGN, 15, 19240, 17038, 25896, 19602, 2505, 11144, 8843, 444, 25032, 287, 9002, 5770, 694, 19081, 12904, 175, 19656, 9036, 8554, 921, 16535, 17578, 12311, 1086,  
Sat, 14, st_st4, st_st7, st_st3_n, st_st11_n, st_st0_n, st_st4_n, st_st6, st_st9_n, st_st1, st_st9, st_st3, st_st6_n, st_st7_n, st_st5, st_st2_n, st_st10, st_st0, st_st2, st_st1_n, st_st5_n, st_st8, st_st11, st_st8_n, st_st10_n,  
ASSIGN, 14, 6351, 11721, 2302, 13518, 14391, 6830, 3407, 14539, 12534, 15564, 4349, 11851, 5581, 7215, 2271, 14510, 14430, 6387, 503, 15438, 14025, 15516, 9948, 12702,  
Sat, 13, st_st4, st_st7, st_st3_n, st_st11_n, st_st0_n, st_st4_n, st_st6, st_st9_n, st_st1, st_st9, st_st3, st_st6_n, st_st7_n, st_st5, st_st2_n, st_st10, st_st0, st_st2, st_st1_n, st_st5_n, st_st8, st_st11, st_st8_n, st_st10_n,  
ASSIGN, 13, 6623, 7917, 2815, 7803, 7614, 3070, 7535, 3581, 5055, 6591, 5375, 4047, 4863, 3327, 7791, 7631, 7162, 6527, 1919, 7645, 7415, 6107, 5503, 4055,  
Sat, 12, st_st4, st_st7, st_st3_n, st_st11_n, st_st0_n, st_st4_n, st_st6, st_st9_n, st_st1, st_st9, st_st3, st_st6_n, st_st7_n, st_st5, st_st2_n, st_st10, st_st0, st_st2, st_st1_n, st_st5_n, st_st8, st_st11, st_st8_n, st_st10_n,  
ASSIGN, 12, 1584, 777, 1122, 537, 3144, 54, 657, 3344, 1545, 1052, 1050, 2321, 417, 538, 562, 1290, 586, 650, 1066, 2073, 1297, 1548, 282, 1112,  
Sat, 11, st_st4, st_st7, st_st3_n, st_st11_n, st_st0_n, st_st4_n, st_st6, st_st9_n, st_st1, st_st9, st_st3, st_st6_n, st_st7_n, st_st5, st_st2_n, st_st10, st_st0, st_st2, st_st1_n, st_st5_n, st_st8, st_st11, st_st8_n, st_st10_n,  
ASSIGN, 11, 60, 141, 562, 326, 712, 1328, 198, 1560, 209, 1200, 177, 225, 1220, 240, 291, 1043, 344, 897, 1161, 456, 404, 267, 1668, 195,  
Sat, 10, st_st4, st_st7, st_st3_n, st_st11_n, st_st0_n, st_st4_n, st_st6, st_st9_n, st_st1, st_st9, st_st3, st_st6_n, st_st7_n, st_st5, st_st2_n, st_st10, st_st0, st_st2, st_st1_n, st_st5_n, st_st8, st_st11, st_st8_n, st_st10_n,  
ASSIGN, 10, 60, 165, 804, 534, 960, 51, 449, 325, 610, 785, 561, 226, 113, 101, 368, 89, 816, 720, 83, 593, 705, 338, 553, 71,  
Sat, 9, st_st4, st_st7, st_st3_n, st_st11_n, st_st0_n, st_st4_n, st_st6, st_st9_n, st_st1, st_st9, st_st3, st_st6_n, st_st7_n, st_st5, st_st2_n, st_st10, st_st0, st_st2, st_st1_n, st_st5_n, st_st8, st_st11, st_st8_n, st_st10_n,  
ASSIGN, 9, 201, 390, 269, 368, 92, 198, 202, 226, 329, 184, 330, 15, 180, 332, 195, 209, 83, 204, 326, 323, 306, 178, 43, 417,  
Sat, 8, st_st4, st_st7, st_st3_n, st_st11_n, st_st0_n, st_st4_n, st_st6, st_st9_n, st_st1, st_st9, st_st3, st_st6_n, st_st7_n, st_st5, st_st2_n, st_st10, st_st0, st_st2, st_st1_n, st_st5_n, st_st8, st_st11, st_st8_n, st_st10_n,  
ASSIGN, 8, 57, 154, 23, 45, 184, 108, 89, 198, 212, 75, 165, 43, 86, 141, 178, 209, 225, 60, 153, 53, 29, 120, 51, 204,  
Sat, 7, st_st4, st_st7, st_st3_n, st_st11_n, st_st0_n, st_st4_n, st_st6, st_st9_n, st_st1, st_st9, st_st3, st_st6_n, st_st7_n, st_st5, st_st2_n, st_st10, st_st0, st_st2, st_st1_n, st_st5_n, st_st8, st_st11, st_st8_n, st_st10_n,  
ASSIGN, 7, 23, 113, 114, 86, 39, 102, 108, 105, 116, 85, 57, 58, 92, 43, 77, 51, 29, 30, 89, 71, 45, 101, 78, 60,  
NotSat, 6,  
