Sat, 35, st_RMACK, st_WMACK, st_read1, st_init0_n, st_init0, st_START, st_init1_n, st_write0, st_RMACK_n, st_init4, st_IOwait_n, st_WMACK_n, st_init1, st_read0, st_init2, st_init4_n, st_IOwait,  
ASSIGN, 35, 4311701600, 4345242208, 4344600688, 4344662130, 49686898, 382085490, 4344723648, 4328468576, 4311382128, 4311562352, 4345196640, 4311560928, 4344658032, 4343093360, 4345247776, 4311552115, 4345237616,  
Sat, 34, st_RMACK, st_WMACK, st_read1, st_init0_n, st_init0, st_START, st_init1_n, st_write0, st_RMACK_n, st_init4, st_IOwait_n, st_WMACK_n, st_init1, st_read0, st_init2, st_init4_n, st_IOwait,  
ASSIGN, 34, 11529814017, 2804875395, 2873032770, 2905276515, 2922053985, 2922004897, 3206676675, 2938830993, 7235108864, 2872508483, 2939355267, 3072917651, 2921529571, 2939879616, 2905014467, 2871200067, 2938830915,  
Sat, 33, st_RMACK, st_WMACK, st_read1, st_init0_n, st_init0, st_START, st_init1_n, st_write0, st_RMACK_n, st_init4, st_IOwait_n, st_WMACK_n, st_init1, st_read0, st_init2, st_init4_n, st_IOwait,  
ASSIGN, 33, 8579186675, 8589541095, 4292804598, 8579448818, 4283957239, 4023910367, 8587574519, 4277927911, 4219207671, 8587575033, 8570666999, 8572698607, 8578138103, 8520400887, 8587558899, 4292870129, 4292607735,  
Sat, 32, st_RMACK, st_WMACK, st_read1, st_init0_n, st_init0, st_START, st_init1_n, st_write0, st_RMACK_n, st_init4, st_IOwait_n, st_WMACK_n, st_init1, st_read0, st_init2, st_init4_n, st_IOwait,  
ASSIGN, 32, 3807379971, 2480931347, 2191589979, 2196766926, 586154574, 602996750, 2196767317, 3002073603, 3270509322, 2212496977, 2213544459, 2464155395, 2213544518, 3269460507, 2213544769, 2213544560, 2196767315,  
Sat, 31, st_RMACK, st_WMACK, st_read1, st_init0_n, st_init0, st_START, st_init1_n, st_write0, st_RMACK_n, st_init4, st_IOwait_n, st_WMACK_n, st_init1, st_read0, st_init2, st_init4_n, st_IOwait,  
ASSIGN, 31, 1804350158, 1736847934, 1864118862, 1871589895, 1871581987, 1871647528, 1871589932, 1737380398, 1805398110, 1737405066, 1670263406, 1737372175, 1871589986, 1788752462, 1737372326, 1737372301, 1871589902,  
Sat, 30, st_RMACK, st_WMACK, st_read1, st_init0_n, st_init0, st_START, st_init1_n, st_write0, st_RMACK_n, st_init4, st_IOwait_n, st_WMACK_n, st_init1, st_read0, st_init2, st_init4_n, st_IOwait,  
ASSIGN, 30, 12635139, 12764169, 339918854, 12748035, 12731657, 12619017, 29529090, 29524995, 79711490, 79889411, 12764418, 12780555, 12735491, 348177410, 14844931, 79822947, 79872003,  
Sat, 29, st_RMACK, st_WMACK, st_read1, st_init0_n, st_init0, st_START, st_init1_n, st_write0, st_RMACK_n, st_init4, st_IOwait_n, st_WMACK_n, st_init1, st_read0, st_init2, st_init4_n, st_IOwait,  
ASSIGN, 29, 10632845, 3612174, 933578, 6450860, 5451436, 7417404, 137571978, 11812366, 10698316, 5652102, 10698254, 10960396, 2305710, 10632906, 1261198, 17219206, 2506382,  
Sat, 28, st_RMACK, st_WMACK, st_read1, st_init0_n, st_init0, st_START, st_init1_n, st_write0, st_RMACK_n, st_init4, st_IOwait_n, st_WMACK_n, st_init1, st_read0, st_init2, st_init4_n, st_IOwait,  
ASSIGN, 28, 22966910, 18773630, 202273527, 235546495, 227157879, 99100535, 157164414, 17758846, 73299518, 152004222, 17724287, 30306942, 219030399, 69104255, 151938046, 152007287, 219050622,  
Sat, 27, st_RMACK, st_WMACK, st_read1, st_init0_n, st_init0, st_START, st_init1_n, st_write0, st_RMACK_n, st_init4, st_IOwait_n, st_WMACK_n, st_init1, st_read0, st_init2, st_init4_n, st_IOwait,  
ASSIGN, 27, 25584398, 17101071, 25424138, 2405647, 2422156, 2422162, 1437966, 21287214, 25322046, 88264974, 21422350, 21033261, 2552078, 25354542, 5689614, 67555614, 25612558,  
Sat, 26, st_RMACK, st_WMACK, st_read1, st_init0_n, st_init0, st_START, st_init1_n, st_write0, st_RMACK_n, st_init4, st_IOwait_n, st_WMACK_n, st_init1, st_read0, st_init2, st_init4_n, st_IOwait,  
ASSIGN, 26, 52601132, 44052844, 34644334, 3317870, 16953454, 237934, 57712740, 52453740, 50504764, 36800620, 58761580, 35955052, 52469870, 33727852, 51486828, 18975084, 35758444,  
Sat, 25, st_RMACK, st_WMACK, st_read1, st_init0_n, st_init0, st_START, st_init1_n, st_write0, st_RMACK_n, st_init4, st_IOwait_n, st_WMACK_n, st_init1, st_read0, st_init2, st_init4_n, st_IOwait,  
ASSIGN, 25, 29615104, 29582400, 12806784, 4418563, 13330434, 13320203, 21654544, 30499856, 29581315, 15887360, 29453440, 29453313, 12807184, 31678592, 23292928, 15968256, 30631936,  
Sat, 24, st_RMACK, st_WMACK, st_read1, st_init0_n, st_init0, st_START, st_init1_n, st_write0, st_RMACK_n, st_init4, st_IOwait_n, st_WMACK_n, st_init1, st_read0, st_init2, st_init4_n, st_IOwait,  
ASSIGN, 24, 7400925, 13691773, 15781565, 13760213, 12711885, 1701837, 12713452, 13684732, 7441917, 13663613, 13692877, 13688685, 13761741, 15781357, 13725165, 13663965, 13692157,  
Sat, 23, st_RMACK, st_WMACK, st_read1, st_init0_n, st_init0, st_START, st_init1_n, st_write0, st_RMACK_n, st_init4, st_IOwait_n, st_WMACK_n, st_init1, st_read0, st_init2, st_init4_n, st_IOwait,  
ASSIGN, 23, 1169600, 1177602, 1175617, 5488832, 2343105, 246466, 2148547, 1161408, 1102064, 116162, 1108162, 1304704, 3260610, 1241280, 116934, 62912, 127170,  
Sat, 22, st_RMACK, st_WMACK, st_read1, st_init0_n, st_init0, st_START, st_init1_n, st_write0, st_RMACK_n, st_init4, st_IOwait_n, st_WMACK_n, st_init1, st_read0, st_init2, st_init4_n, st_IOwait,  
ASSIGN, 22, 3191584, 1160464, 3187936, 2158882, 61539, 586755, 3256368, 1226016, 3252993, 3322432, 3191856, 1291008, 3190882, 3253536, 3190992, 3453000, 3192128,  
Sat, 21, st_RMACK, st_WMACK, st_read1, st_init0_n, st_init0, st_START, st_init1_n, st_write0, st_RMACK_n, st_init4, st_IOwait_n, st_WMACK_n, st_init1, st_read0, st_init2, st_init4_n, st_IOwait,  
ASSIGN, 21, 152652, 138316, 1359, 180750, 152077, 1232901, 132654, 132302, 17741, 131631, 1184782, 1442892, 135950, 21519, 5647, 197197, 135247,  
Sat, 20, st_RMACK, st_WMACK, st_read1, st_init0_n, st_init0, st_START, st_init1_n, st_write0, st_RMACK_n, st_init4, st_IOwait_n, st_WMACK_n, st_init1, st_read0, st_init2, st_init4_n, st_IOwait,  
ASSIGN, 20, 61379, 261920, 61410, 196320, 261296, 259129, 64931, 65324, 130435, 192099, 65504, 130826, 65201, 64739, 57059, 188227, 65315,  
Sat, 19, st_RMACK, st_WMACK, st_read1, st_init0_n, st_init0, st_START, st_init1_n, st_write0, st_RMACK_n, st_init4, st_IOwait_n, st_WMACK_n, st_init1, st_read0, st_init2, st_init4_n, st_IOwait,  
ASSIGN, 19, 346900, 475413, 397076, 398211, 267162, 144026, 279382, 475972, 118532, 148380, 459542, 459557, 410514, 214804, 394196, 184724, 443156,  
Sat, 18, st_RMACK, st_WMACK, st_read1, st_init0_n, st_init0, st_START, st_init1_n, st_write0, st_RMACK_n, st_init4, st_IOwait_n, st_WMACK_n, st_init1, st_read0, st_init2, st_init4_n, st_IOwait,  
ASSIGN, 18, 74244, 8213, 65797, 73888, 74753, 9312, 139270, 135188, 70400, 356, 139276, 4241, 208896, 780, 139552, 278, 12548,  
Sat, 17, st_RMACK, st_WMACK, st_read1, st_init0_n, st_init0, st_START, st_init1_n, st_write0, st_RMACK_n, st_init4, st_IOwait_n, st_WMACK_n, st_init1, st_read0, st_init2, st_init4_n, st_IOwait,  
ASSIGN, 17, 8415, 70855, 8685, 10423, 9335, 887, 14487, 9671, 77967, 78278, 45255, 3783, 4343, 74183, 71879, 13260, 4559,  
Sat, 16, st_RMACK, st_WMACK, st_read1, st_init0_n, st_init0, st_START, st_init1_n, st_write0, st_RMACK_n, st_init4, st_IOwait_n, st_WMACK_n, st_init1, st_read0, st_init2, st_init4_n, st_IOwait,  
ASSIGN, 16, 8707, 2563, 2817, 4626, 526, 23, 6658, 533, 13313, 37504, 1542, 27, 771, 9984, 650, 17026, 1665,  
Sat, 15, st_RMACK, st_WMACK, st_read1, st_init0_n, st_init0, st_START, st_init1_n, st_write0, st_RMACK_n, st_init4, st_IOwait_n, st_WMACK_n, st_init1, st_read0, st_init2, st_init4_n, st_IOwait,  
ASSIGN, 15, 9352, 24656, 8864, 676, 150, 170, 8242, 16529, 8577, 20738, 10384, 8211, 4272, 8386, 12560, 13056, 28800,  
Sat, 14, st_RMACK, st_WMACK, st_read1, st_init0_n, st_init0, st_START, st_init1_n, st_write0, st_RMACK_n, st_init4, st_IOwait_n, st_WMACK_n, st_init1, st_read0, st_init2, st_init4_n, st_IOwait,  
ASSIGN, 14, 473, 14544, 2513, 12563, 5010, 921, 12626, 12520, 8920, 12620, 12696, 4316, 12706, 5072, 12490, 4493, 12737,  
Sat, 13, st_RMACK, st_WMACK, st_read1, st_init0_n, st_init0, st_START, st_init1_n, st_write0, st_RMACK_n, st_init4, st_IOwait_n, st_WMACK_n, st_init1, st_read0, st_init2, st_init4_n, st_IOwait,  
ASSIGN, 13, 6184, 2817, 27, 4385, 4227, 226, 2067, 3077, 58, 83, 7680, 2145, 6402, 4632, 4626, 2136, 6161,  
Sat, 12, st_RMACK, st_WMACK, st_read1, st_init0_n, st_init0, st_START, st_init1_n, st_write0, st_RMACK_n, st_init4, st_IOwait_n, st_WMACK_n, st_init1, st_read0, st_init2, st_init4_n, st_IOwait,  
ASSIGN, 12, 75, 58, 263, 2307, 2593, 43, 354, 2089, 114, 294, 2146, 232, 2344, 2067, 2818, 534, 2062,  
Sat, 11, st_RMACK, st_WMACK, st_read1, st_init0_n, st_init0, st_START, st_init1_n, st_write0, st_RMACK_n, st_init4, st_IOwait_n, st_WMACK_n, st_init1, st_read0, st_init2, st_init4_n, st_IOwait,  
ASSIGN, 11, 827, 1912, 1513, 875, 1507, 1243, 719, 1342, 731, 883, 956, 1962, 431, 1009, 575, 761, 381,  
Sat, 10, st_RMACK, st_WMACK, st_read1, st_init0_n, st_init0, st_START, st_init1_n, st_write0, st_RMACK_n, st_init4, st_IOwait_n, st_WMACK_n, st_init1, st_read0, st_init2, st_init4_n, st_IOwait,  
ASSIGN, 10, 213, 457, 787, 460, 203, 47, 566, 707, 31, 227, 327, 779, 230, 598, 866, 453, 466,  
Sat, 9, st_RMACK, st_WMACK, st_read1, st_init0_n, st_init0, st_START, st_init1_n, st_write0, st_RMACK_n, st_init4, st_IOwait_n, st_WMACK_n, st_init1, st_read0, st_init2, st_init4_n, st_IOwait,  
ASSIGN, 9, 306, 114, 387, 284, 58, 278, 240, 464, 394, 232, 177, 85, 89, 404, 195, 396, 154,  
Sat, 8, st_RMACK, st_WMACK, st_read1, st_init0_n, st_init0, st_START, st_init1_n, st_write0, st_RMACK_n, st_init4, st_IOwait_n, st_WMACK_n, st_init1, st_read0, st_init2, st_init4_n, st_IOwait,  
ASSIGN, 8, 209, 150, 43, 102, 77, 142, 15, 177, 163, 46, 139, 228, 90, 184, 204, 120, 226,  
Sat, 7, st_RMACK, st_WMACK, st_read1, st_init0_n, st_init0, st_START, st_init1_n, st_write0, st_RMACK_n, st_init4, st_IOwait_n, st_WMACK_n, st_init1, st_read0, st_init2, st_init4_n, st_IOwait,  
ASSIGN, 7, 46, 53, 78, 75, 51, 106, 102, 92, 29, 39, 114, 58, 85, 105, 60, 113, 27,  
NotSat, 6,  
