Sat, 34, st_st4, st_st7, st_st5, st_st0, st_st2, st_st6, st_st1, st_st8, st_st9, st_st3,  
ASSIGN, 34, 8674869007, 9689628431, 3306155791, 9733799695, 9396289295, 3247374095, 11812208399, 13976469007, 9732881935, 9177923343,  
Sat, 33, st_st4, st_st7, st_st5, st_st0, st_st2, st_st6, st_st1, st_st8, st_st9, st_st3,  
ASSIGN, 33, 4310706177, 4444915744, 4713351168, 4327538689, 4310715392, 5527046144, 4394584064, 4579395584, 4310894592, 4310696993,  
Sat, 32, st_st4, st_st7, st_st5, st_st0, st_st2, st_st6, st_st1, st_st8, st_st9, st_st3,  
ASSIGN, 32, 923802974, 923946318, 907074846, 922851678, 2130713934, 840097102, 922803534, 907050318, 907073886, 1060113742,  
Sat, 31, st_st4, st_st7, st_st5, st_st0, st_st2, st_st6, st_st1, st_st8, st_st9, st_st3,  
ASSIGN, 31, 1862732796, 1865354224, 1863205884, 1059392508, 2132937724, 1863192564, 1865157628, 1863158776, 789400572, 2133134328,  
Sat, 30, st_st4, st_st7, st_st5, st_st0, st_st2, st_st6, st_st1, st_st8, st_st9, st_st3,  
ASSIGN, 30, 252704561, 252703035, 252671922, 487569209, 251918139, 252442426, 252655419, 789541689, 521107256, 253227833,  
Sat, 29, st_st4, st_st7, st_st5, st_st0, st_st2, st_st6, st_st1, st_st8, st_st9, st_st3,  
ASSIGN, 29, 351210709, 351227021, 349134033, 82811989, 384506965, 483351685, 351230997, 348081301, 347053205, 384502941,  
Sat, 28, st_st4, st_st7, st_st5, st_st0, st_st2, st_st6, st_st1, st_st8, st_st9, st_st3,  
ASSIGN, 28, 259783486, 259768119, 264239926, 258996799, 259979583, 267893559, 260045607, 257949494, 253754175, 259783095,  
Sat, 27, st_st4, st_st7, st_st5, st_st0, st_st2, st_st6, st_st1, st_st8, st_st9, st_st3,  
ASSIGN, 27, 4388472, 4387068, 71479932, 21156476, 4449016, 4387700, 258684, 4454520, 4389484, 4453560,  
Sat, 26, st_st4, st_st7, st_st5, st_st0, st_st2, st_st6, st_st1, st_st8, st_st9, st_st3,  
ASSIGN, 26, 327933, 264941, 198908, 328942, 362605, 280828, 2427116, 330981, 2360557, 297212,  
Sat, 25, st_st4, st_st7, st_st5, st_st0, st_st2, st_st6, st_st1, st_st8, st_st9, st_st3,  
ASSIGN, 25, 32911360, 14561288, 14037032, 29765635, 30748680, 13938698, 30810122, 30289922, 29765704, 31207680,  
Sat, 24, st_st4, st_st7, st_st5, st_st0, st_st2, st_st6, st_st1, st_st8, st_st9, st_st3,  
ASSIGN, 24, 12988844, 14553260, 5714092, 13054628, 13046124, 2035885, 13045933, 13566380, 13047204, 9834988,  
Sat, 23, st_st4, st_st7, st_st5, st_st0, st_st2, st_st6, st_st1, st_st8, st_st9, st_st3,  
ASSIGN, 23, 323402, 65291, 44891, 310603, 44879, 49097, 180042, 130888, 376394, 307083,  
Sat, 22, st_st4, st_st7, st_st5, st_st0, st_st2, st_st6, st_st1, st_st8, st_st9, st_st3,  
ASSIGN, 22, 327515, 458582, 1113971, 917322, 393052, 3473234, 393074, 65406, 2424682, 524106,  
Sat, 21, st_st4, st_st7, st_st5, st_st0, st_st2, st_st6, st_st1, st_st8, st_st9, st_st3,  
ASSIGN, 21, 1032395, 2072778, 738251, 1025226, 987851, 762315, 1016778, 893387, 1024713, 2031823,  
Sat, 20, st_st4, st_st7, st_st5, st_st0, st_st2, st_st6, st_st1, st_st8, st_st9, st_st3,  
ASSIGN, 20, 794649, 860208, 921617, 925832, 663640, 729105, 925716, 925736, 729112, 794832,  
Sat, 19, st_st4, st_st7, st_st5, st_st0, st_st2, st_st6, st_st1, st_st8, st_st9, st_st3,  
ASSIGN, 19, 188453, 189697, 181300, 245812, 57621, 50481, 188720, 182561, 181540, 172337,  
Sat, 18, st_st4, st_st7, st_st5, st_st0, st_st2, st_st6, st_st1, st_st8, st_st9, st_st3,  
ASSIGN, 18, 66048, 1025, 34816, 258, 3, 65538, 12, 131074, 16385, 131076,  
Sat, 17, st_st4, st_st7, st_st5, st_st0, st_st2, st_st6, st_st1, st_st8, st_st9, st_st3,  
ASSIGN, 17, 59127, 55023, 52975, 59388, 108271, 40702, 34815, 46846, 116478, 115967,  
Sat, 16, st_st4, st_st7, st_st5, st_st0, st_st2, st_st6, st_st1, st_st8, st_st9, st_st3,  
ASSIGN, 16, 18614, 28852, 26850, 49338, 2235, 26789, 24755, 9398, 43186, 22712,  
Sat, 15, st_st4, st_st7, st_st5, st_st0, st_st2, st_st6, st_st1, st_st8, st_st9, st_st3,  
ASSIGN, 15, 48, 6, 192, 8704, 130, 2080, 16640, 520, 6144, 257,  
Sat, 14, st_st4, st_st7, st_st5, st_st0, st_st2, st_st6, st_st1, st_st8, st_st9, st_st3,  
ASSIGN, 14, 243, 4547, 111, 4515, 8359, 347, 8547, 4707, 819, 359,  
Sat, 13, st_st4, st_st7, st_st5, st_st0, st_st2, st_st6, st_st1, st_st8, st_st9, st_st3,  
ASSIGN, 13, 2321, 2098, 2070, 3105, 1424, 338, 3152, 3075, 2241, 1043,  
Sat, 12, st_st4, st_st7, st_st5, st_st0, st_st2, st_st6, st_st1, st_st8, st_st9, st_st3,  
ASSIGN, 12, 1297, 1556, 368, 1920, 2073, 594, 792, 657, 833, 2832,  
Sat, 11, st_st4, st_st7, st_st5, st_st0, st_st2, st_st6, st_st1, st_st8, st_st9, st_st3,  
ASSIGN, 11, 840, 898, 452, 1632, 771, 1728, 1796, 526, 708, 1824,  
Sat, 10, st_st4, st_st7, st_st5, st_st0, st_st2, st_st6, st_st1, st_st8, st_st9, st_st3,  
ASSIGN, 10, 780, 329, 108, 834, 30, 368, 298, 263, 550, 408,  
Sat, 9, st_st4, st_st7, st_st5, st_st0, st_st2, st_st6, st_st1, st_st8, st_st9, st_st3,  
ASSIGN, 9, 163, 27, 197, 393, 294, 210, 323, 305, 480, 297,  
Sat, 8, st_st4, st_st7, st_st5, st_st0, st_st2, st_st6, st_st1, st_st8, st_st9, st_st3,  
ASSIGN, 8, 54, 71, 106, 226, 45, 201, 113, 147, 43, 149,  
Sat, 7, st_st4, st_st7, st_st5, st_st0, st_st2, st_st6, st_st1, st_st8, st_st9, st_st3,  
ASSIGN, 7, 114, 39, 78, 92, 71, 116, 105, 85, 27, 108,  
NotSat, 6,  
