Sat, 34, st_st4, st_st7, st_st15, st_st6, st_st1, st_st9, st_st3, st_st14, st_st5, st_st10, st_st13, st_st0, st_st2, st_st12, st_st11, st_st8,  
ASSIGN, 34, 3508760401, 3243503185, 7784877907, 3507711825, 3497225041, 3645075280, 3504566033, 7789602385, 3779293009, 3495128914, 3511218001, 3497258753, 3497127697, 4027837265, 3494113105, 3640913489,  
Sat, 33, st_st4, st_st7, st_st15, st_st6, st_st1, st_st9, st_st3, st_st14, st_st5, st_st10, st_st13, st_st0, st_st2, st_st12, st_st11, st_st8,  
ASSIGN, 33, 4073858284, 3100697836, 5667726572, 4039177452, 4040174829, 2983242988, 8385471720, 5952808684, 4074808556, 4031823084, 8335254628, 8335140047, 4073989356, 4041254125, 8335172844, 7278216428,  
Sat, 32, st_st4, st_st7, st_st15, st_st6, st_st1, st_st9, st_st3, st_st14, st_st5, st_st10, st_st13, st_st0, st_st2, st_st12, st_st11, st_st8,  
ASSIGN, 32, 2325384192, 2358905888, 2207385890, 2157628448, 2193230864, 2157579362, 2161806368, 2208172096, 2184875040, 2159676456, 3264744482, 2743733264, 2189036576, 2208959490, 2207910944, 2308443170,  
Sat, 31, st_st4, st_st7, st_st15, st_st6, st_st1, st_st9, st_st3, st_st14, st_st5, st_st10, st_st13, st_st0, st_st2, st_st12, st_st11, st_st8,  
ASSIGN, 31, 1488111280, 452120192, 1492502688, 1391642272, 1358087841, 418434976, 1488095921, 1483918176, 1492567584, 485672608, 1492181728, 1358086826, 2029159073, 1358089872, 1492306592, 1223872384,  
Sat, 30, st_st4, st_st7, st_st15, st_st6, st_st1, st_st9, st_st3, st_st14, st_st5, st_st10, st_st13, st_st0, st_st2, st_st12, st_st11, st_st8,  
ASSIGN, 30, 406726160, 372139520, 142500356, 438199808, 440279808, 422470148, 289301008, 1010200576, 406611520, 443441664, 473318928, 406790657, 389947904, 507257376, 473850368, 355426816,  
Sat, 29, st_st4, st_st7, st_st15, st_st6, st_st1, st_st9, st_st3, st_st14, st_st5, st_st10, st_st13, st_st0, st_st2, st_st12, st_st11, st_st8,  
ASSIGN, 29, 534454480, 521872074, 526062018, 521085635, 530260169, 526065679, 526328008, 526099074, 533406402, 520822991, 242950595, 534454369, 526065833, 521873857, 526065859, 525017294,  
Sat, 28, st_st4, st_st7, st_st15, st_st6, st_st1, st_st9, st_st3, st_st14, st_st5, st_st10, st_st13, st_st0, st_st2, st_st12, st_st11, st_st8,  
ASSIGN, 28, 68157818, 218300768, 18219346, 159514978, 152043882, 218235490, 202375526, 85114914, 135397746, 251658594, 85114976, 84934766, 17891686, 219153218, 85066082, 84022112,  
Sat, 27, st_st4, st_st7, st_st15, st_st6, st_st1, st_st9, st_st3, st_st14, st_st5, st_st10, st_st13, st_st0, st_st2, st_st12, st_st11, st_st8,  
ASSIGN, 27, 5438032, 1035088, 1306962, 69454672, 13871696, 3910224, 1178194, 1298368, 70445648, 7572304, 5303121, 9694736, 1289810, 9153360, 1305424, 2073424,  
Sat, 26, st_st4, st_st7, st_st15, st_st6, st_st1, st_st9, st_st3, st_st14, st_st5, st_st10, st_st13, st_st0, st_st2, st_st12, st_st11, st_st8,  
ASSIGN, 26, 11715718, 14795972, 6407331, 49398848, 14992518, 13878404, 12043266, 15782915, 15909954, 16106500, 15320704, 15254722, 16040994, 12960914, 15844482, 15811732,  
Sat, 25, st_st4, st_st7, st_st15, st_st6, st_st1, st_st9, st_st3, st_st14, st_st5, st_st10, st_st13, st_st0, st_st2, st_st12, st_st11, st_st8,  
ASSIGN, 25, 24635309, 31979405, 19265533, 33028040, 25159628, 17823695, 20440957, 20444861, 24637385, 20969418, 20381646, 24638926, 20965085, 20948943, 20445133, 19396511,  
Sat, 24, st_st4, st_st7, st_st15, st_st6, st_st1, st_st9, st_st3, st_st14, st_st5, st_st10, st_st13, st_st0, st_st2, st_st12, st_st11, st_st8,  
ASSIGN, 24, 61999, 414782, 516650, 448044, 713262, 413807, 258604, 1486891, 324653, 442990, 454757, 258602, 193126, 716878, 454702, 421919,  
Sat, 23, st_st4, st_st7, st_st15, st_st6, st_st1, st_st9, st_st3, st_st14, st_st5, st_st10, st_st13, st_st0, st_st2, st_st12, st_st11, st_st8,  
ASSIGN, 23, 8342536, 7223562, 7293250, 7280654, 7297034, 8329474, 8324618, 7147282, 8328202, 7018778, 7314440, 7248906, 7291946, 7291147, 7277834, 7290112,  
Sat, 22, st_st4, st_st7, st_st15, st_st6, st_st1, st_st9, st_st3, st_st14, st_st5, st_st10, st_st13, st_st0, st_st2, st_st12, st_st11, st_st8,  
ASSIGN, 22, 394836, 1867, 657176, 3661, 9844, 99868, 527956, 197212, 134236, 3644, 1367, 11092, 3196, 67428, 1884, 34381,  
Sat, 21, st_st4, st_st7, st_st15, st_st6, st_st1, st_st9, st_st3, st_st14, st_st5, st_st10, st_st13, st_st0, st_st2, st_st12, st_st11, st_st8,  
ASSIGN, 21, 197250, 209408, 82060, 230016, 155778, 231552, 723072, 149664, 197776, 253952, 151555, 1208320, 149633, 29056, 217216, 246272,  
Sat, 20, st_st4, st_st7, st_st15, st_st6, st_st1, st_st9, st_st3, st_st14, st_st5, st_st10, st_st13, st_st0, st_st2, st_st12, st_st11, st_st8,  
ASSIGN, 20, 262727, 4487, 394113, 397445, 394757, 656133, 4623, 787078, 262797, 917511, 132111, 1925, 397830, 266885, 131719, 136068,  
Sat, 19, st_st4, st_st7, st_st15, st_st6, st_st1, st_st9, st_st3, st_st14, st_st5, st_st10, st_st13, st_st0, st_st2, st_st12, st_st11, st_st8,  
ASSIGN, 19, 139562, 401925, 336138, 459273, 466954, 459304, 9001, 197448, 205065, 393754, 270862, 270603, 205352, 467460, 402184, 466953,  
Sat, 18, st_st4, st_st7, st_st15, st_st6, st_st1, st_st9, st_st3, st_st14, st_st5, st_st10, st_st13, st_st0, st_st2, st_st12, st_st11, st_st8,  
ASSIGN, 18, 34314, 7688, 8849, 5000, 19976, 11136, 149000, 651, 38024, 14856, 8334, 11777, 1802, 1578, 9864, 10761,  
Sat, 17, st_st4, st_st7, st_st15, st_st6, st_st1, st_st9, st_st3, st_st14, st_st5, st_st10, st_st13, st_st0, st_st2, st_st12, st_st11, st_st8,  
ASSIGN, 17, 66336, 106498, 76032, 9730, 67074, 8722, 771, 9760, 99840, 77826, 65547, 2563, 73986, 65795, 74241, 65555,  
Sat, 16, st_st4, st_st7, st_st15, st_st6, st_st1, st_st9, st_st3, st_st14, st_st5, st_st10, st_st13, st_st0, st_st2, st_st12, st_st11, st_st8,  
ASSIGN, 16, 41008, 49172, 2070, 36912, 12308, 780, 33568, 547, 32852, 37380, 774, 2324, 4868, 340, 564, 33304,  
Sat, 15, st_st4, st_st7, st_st15, st_st6, st_st1, st_st9, st_st3, st_st14, st_st5, st_st10, st_st13, st_st0, st_st2, st_st12, st_st11, st_st8,  
ASSIGN, 15, 20545, 10498, 387, 10320, 6273, 2321, 16643, 139, 89, 4177, 585, 147, 643, 2577, 2115, 6464,  
Sat, 14, st_st4, st_st7, st_st15, st_st6, st_st1, st_st9, st_st3, st_st14, st_st5, st_st10, st_st13, st_st0, st_st2, st_st12, st_st11, st_st8,  
ASSIGN, 14, 226, 71, 706, 43, 4264, 708, 177, 2313, 172, 108, 353, 396, 408, 240, 201, 149,  
Sat, 13, st_st4, st_st7, st_st15, st_st6, st_st1, st_st9, st_st3, st_st14, st_st5, st_st10, st_st13, st_st0, st_st2, st_st12, st_st11, st_st8,  
ASSIGN, 13, 593, 840, 712, 650, 3600, 4304, 5648, 643, 673, 2194, 2193, 5264, 531, 537, 912, 4744,  
Sat, 12, st_st4, st_st7, st_st15, st_st6, st_st1, st_st9, st_st3, st_st14, st_st5, st_st10, st_st13, st_st0, st_st2, st_st12, st_st11, st_st8,  
ASSIGN, 12, 1774, 3045, 1020, 1006, 3817, 4035, 2990, 3886, 1886, 3946, 3501, 1005, 2812, 3033, 4044, 2895,  
Sat, 11, st_st4, st_st7, st_st15, st_st6, st_st1, st_st9, st_st3, st_st14, st_st5, st_st10, st_st13, st_st0, st_st2, st_st12, st_st11, st_st8,  
ASSIGN, 11, 1991, 893, 1275, 703, 879, 2006, 951, 2040, 1631, 1935, 1515, 255, 1823, 1879, 987, 1997,  
Sat, 10, st_st4, st_st7, st_st15, st_st6, st_st1, st_st9, st_st3, st_st14, st_st5, st_st10, st_st13, st_st0, st_st2, st_st12, st_st11, st_st8,  
ASSIGN, 10, 321, 515, 274, 784, 196, 44, 641, 259, 521, 176, 208, 524, 592, 548, 21, 560,  
Sat, 9, st_st4, st_st7, st_st15, st_st6, st_st1, st_st9, st_st3, st_st14, st_st5, st_st10, st_st13, st_st0, st_st2, st_st12, st_st11, st_st8,  
ASSIGN, 9, 155, 302, 313, 94, 451, 174, 61, 248, 339, 358, 93, 229, 217, 334, 107, 31,  
Sat, 8, st_st4, st_st7, st_st15, st_st6, st_st1, st_st9, st_st3, st_st14, st_st5, st_st10, st_st13, st_st0, st_st2, st_st12, st_st11, st_st8,  
ASSIGN, 8, 224, 100, 42, 41, 137, 21, 67, 148, 145, 176, 11, 194, 196, 19, 88, 50,  
Sat, 7, st_st4, st_st7, st_st15, st_st6, st_st1, st_st9, st_st3, st_st14, st_st5, st_st10, st_st13, st_st0, st_st2, st_st12, st_st11, st_st8,  
ASSIGN, 7, 52, 49, 19, 67, 70, 22, 35, 42, 104, 88, 84, 97, 26, 81, 13, 100,  
NotSat, 6,  
