Sat, 35, st_state_14, st_state_12, st_state_9, st_state_27, st_state_4, st_state_7, st_state_13, st_state_18, st_state_19, st_state_3, st_state_22, st_state_8, st_state_6, st_state_20, st_state_26, st_state_24, st_state_5, st_state_2, st_state_10, st_state_17, st_state_1, st_state_25, st_state_11, st_state_23, st_state_16, st_state_21, st_state_15,  
ASSIGN, 35, 4293983356, 4287691903, 4293000254, 12874480765, 4293457983, 12866092095, 4218485887, 4292934779, 12870286463, 12807896127, 4225956927, 4285659262, 4284546239, 12876643391, 4288806014, 4276157567, 4226874431, 4285856830, 4293983263, 4281400447, 4284546175, 8579513407, 17085561983, 12858752126, 4290837631, 4281400574, 4292934782,  
Sat, 34, st_state_14, st_state_12, st_state_9, st_state_27, st_state_4, st_state_7, st_state_13, st_state_18, st_state_19, st_state_3, st_state_22, st_state_8, st_state_6, st_state_20, st_state_26, st_state_24, st_state_5, st_state_2, st_state_10, st_state_17, st_state_1, st_state_25, st_state_11, st_state_23, st_state_16, st_state_21, st_state_15,  
ASSIGN, 34, 1073705206, 6442153186, 5351896308, 7507505398, 6962247156, 8572859620, 1073444086, 5368411380, 6423278838, 7514846452, 7499134196, 3204347126, 7499116796, 5351634151, 5351892214, 5083460854, 8572794100, 5368345846, 13941567734, 7513732342, 6442152180, 7495972342, 5351634420, 5366576372, 7499116790, 5351633143, 7499117810,  
Sat, 33, st_state_14, st_state_12, st_state_9, st_state_27, st_state_4, st_state_7, st_state_13, st_state_18, st_state_19, st_state_3, st_state_22, st_state_8, st_state_6, st_state_20, st_state_26, st_state_24, st_state_5, st_state_2, st_state_10, st_state_17, st_state_1, st_state_25, st_state_11, st_state_23, st_state_16, st_state_21, st_state_15,  
ASSIGN, 33, 8372553961, 8338966763, 8372562115, 8372496611, 8376699105, 8372497121, 8372519395, 8372750563, 8372488681, 8506706401, 8489937129, 8372522209, 8372496625, 8372488907, 8439597793, 8372552673, 8372586721, 8439605473, 8372560099, 8372390123, 8372492515, 8376556001, 8439599585, 8439595243, 8372519657, 8372505057, 8372492521,  
Sat, 32, st_state_14, st_state_12, st_state_9, st_state_27, st_state_4, st_state_7, st_state_13, st_state_18, st_state_19, st_state_3, st_state_22, st_state_8, st_state_6, st_state_20, st_state_26, st_state_24, st_state_5, st_state_2, st_state_10, st_state_17, st_state_1, st_state_25, st_state_11, st_state_23, st_state_16, st_state_21, st_state_15,  
ASSIGN, 32, 1023113970, 822050546, 2027650802, 888893171, 1021279970, 1021017074, 754679538, 1023374066, 922450674, 1012629235, 1023110883, 1023049586, 1018920690, 956037874, 1023114482, 887848698, 486244082, 821788658, 3102965490, 620723954, 687570675, 888895219, 1022066417, 888896755, 251394802, 352026355, 888897506,  
Sat, 31, st_state_14, st_state_12, st_state_9, st_state_27, st_state_4, st_state_7, st_state_13, st_state_18, st_state_19, st_state_3, st_state_22, st_state_8, st_state_6, st_state_20, st_state_26, st_state_24, st_state_5, st_state_2, st_state_10, st_state_17, st_state_1, st_state_25, st_state_11, st_state_23, st_state_16, st_state_21, st_state_15,  
ASSIGN, 31, 1352631536, 1395557616, 1368311024, 1080001778, 1362067698, 1896776946, 1349485808, 1094616306, 1369343216, 1097762034, 1077904626, 1343206640, 1099924722, 1353614578, 1346340080, 1358726384, 1093649648, 1376765168, 1087358192, 1096729840, 1364165872, 1350468848, 1355711730, 1381926128, 296715504, 1343194866, 1361020144,  
Sat, 30, st_state_14, st_state_12, st_state_9, st_state_27, st_state_4, st_state_7, st_state_13, st_state_18, st_state_19, st_state_3, st_state_22, st_state_8, st_state_6, st_state_20, st_state_26, st_state_24, st_state_5, st_state_2, st_state_10, st_state_17, st_state_1, st_state_25, st_state_11, st_state_23, st_state_16, st_state_21, st_state_15,  
ASSIGN, 30, 655176747, 55522347, 588199082, 118437003, 386872458, 858731530, 118436963, 53425322, 61813771, 655307818, 252130474, 118387755, 101659882, 590296105, 53359723, 596587555, 84882666, 51328107, 638529643, 118437036, 101659819, 590292011, 319763499, 118436879, 51328171, 103625835, 120534058,  
Sat, 29, st_state_14, st_state_12, st_state_9, st_state_27, st_state_4, st_state_7, st_state_13, st_state_18, st_state_19, st_state_3, st_state_22, st_state_8, st_state_6, st_state_20, st_state_26, st_state_24, st_state_5, st_state_2, st_state_10, st_state_17, st_state_1, st_state_25, st_state_11, st_state_23, st_state_16, st_state_21, st_state_15,  
ASSIGN, 29, 56557547, 22806523, 56554495, 55836667, 52363135, 60749807, 52166654, 18872319, 31127551, 52428779, 35651327, 35586047, 52427263, 23003119, 56555515, 64684014, 52296703, 60750843, 52426747, 52363259, 56622074, 64747499, 190578666, 64684026, 56164351, 51904507, 52164607,  
Sat, 28, st_state_14, st_state_12, st_state_9, st_state_27, st_state_4, st_state_7, st_state_13, st_state_18, st_state_19, st_state_3, st_state_22, st_state_8, st_state_6, st_state_20, st_state_26, st_state_24, st_state_5, st_state_2, st_state_10, st_state_17, st_state_1, st_state_25, st_state_11, st_state_23, st_state_16, st_state_21, st_state_15,  
ASSIGN, 28, 136477443, 449347, 137009923, 134929155, 135219971, 135189251, 134699779, 135142211, 134642435, 135256067, 514579, 136436483, 134667011, 134650631, 134536003, 136800771, 135238403, 136762115, 137779970, 135223811, 135158531, 135174915, 134674947, 136732163, 134462211, 136600355, 908035,  
Sat, 27, st_state_14, st_state_12, st_state_9, st_state_27, st_state_4, st_state_7, st_state_13, st_state_18, st_state_19, st_state_3, st_state_22, st_state_8, st_state_6, st_state_20, st_state_26, st_state_24, st_state_5, st_state_2, st_state_10, st_state_17, st_state_1, st_state_25, st_state_11, st_state_23, st_state_16, st_state_21, st_state_15,  
ASSIGN, 27, 35770454, 35705572, 35705458, 40161350, 35967540, 36098640, 35770470, 35705457, 2282100, 35967090, 37015649, 36032624, 35967523, 36754004, 35967588, 2158710, 39899252, 35770980, 35705398, 35967077, 35967572, 40030320, 39899222, 44093556, 3264628, 36033090, 40161888,  
Sat, 26, st_state_14, st_state_12, st_state_9, st_state_27, st_state_4, st_state_7, st_state_13, st_state_18, st_state_19, st_state_3, st_state_22, st_state_8, st_state_6, st_state_20, st_state_26, st_state_24, st_state_5, st_state_2, st_state_10, st_state_17, st_state_1, st_state_25, st_state_11, st_state_23, st_state_16, st_state_21, st_state_15,  
ASSIGN, 26, 11660668, 15788525, 15789548, 28436972, 28375532, 15792589, 11595246, 15792618, 15789518, 32565710, 15792620, 11663726, 11659758, 15855049, 11660778, 15789421, 15858124, 15858988, 3276142, 12122604, 15853934, 11659727, 15855052, 16313708, 15855020, 11791662, 11661805,  
Sat, 25, st_state_14, st_state_12, st_state_9, st_state_27, st_state_4, st_state_7, st_state_13, st_state_18, st_state_19, st_state_3, st_state_22, st_state_8, st_state_6, st_state_20, st_state_26, st_state_24, st_state_5, st_state_2, st_state_10, st_state_17, st_state_1, st_state_25, st_state_11, st_state_23, st_state_16, st_state_21, st_state_15,  
ASSIGN, 25, 2129632, 2113249, 2109409, 3175649, 2103267, 2237923, 2128113, 2176481, 2174179, 2112993, 2168801, 2193634, 2127585, 2256097, 2127075, 2125042, 2166243, 2178273, 4226273, 2186465, 2125027, 2106867, 28145, 2190576, 2120931, 2260129, 2176227,  
Sat, 24, st_state_14, st_state_12, st_state_9, st_state_27, st_state_4, st_state_7, st_state_13, st_state_18, st_state_19, st_state_3, st_state_22, st_state_8, st_state_6, st_state_20, st_state_26, st_state_24, st_state_5, st_state_2, st_state_10, st_state_17, st_state_1, st_state_25, st_state_11, st_state_23, st_state_16, st_state_21, st_state_15,  
ASSIGN, 24, 8524380, 135774, 8430172, 9044062, 8422108, 8569372, 9048590, 172636, 8520285, 9077324, 1622604, 660172, 565964, 8409692, 136028, 8393247, 8552542, 8553164, 8917708, 8585820, 8426062, 8552572, 8552990, 8520526, 8536654, 692812, 688732,  
Sat, 23, st_state_14, st_state_12, st_state_9, st_state_27, st_state_4, st_state_7, st_state_13, st_state_18, st_state_19, st_state_3, st_state_22, st_state_8, st_state_6, st_state_20, st_state_26, st_state_24, st_state_5, st_state_2, st_state_10, st_state_17, st_state_1, st_state_25, st_state_11, st_state_23, st_state_16, st_state_21, st_state_15,  
ASSIGN, 23, 3400482, 5370754, 3275042, 3273538, 3271584, 3404576, 3797888, 3273601, 2225058, 3275521, 3206019, 3785634, 3275394, 7463714, 3531650, 3270530, 3209633, 3269027, 3269510, 3209987, 3273632, 3259170, 3260288, 3271554, 3269537, 3793570, 3208098,  
Sat, 22, st_state_14, st_state_12, st_state_9, st_state_27, st_state_4, st_state_7, st_state_13, st_state_18, st_state_19, st_state_3, st_state_22, st_state_8, st_state_6, st_state_20, st_state_26, st_state_24, st_state_5, st_state_2, st_state_10, st_state_17, st_state_1, st_state_25, st_state_11, st_state_23, st_state_16, st_state_21, st_state_15,  
ASSIGN, 22, 1073954, 483376, 1392930, 1368098, 1335331, 352294, 417830, 352545, 90420, 1337380, 2385968, 287330, 3432736, 352672, 352356, 24998, 287014, 3432482, 1327398, 352802, 1466656, 417844, 352548, 287026, 221474, 1335844, 2514978,  
Sat, 21, st_state_14, st_state_12, st_state_9, st_state_27, st_state_4, st_state_7, st_state_13, st_state_18, st_state_19, st_state_3, st_state_22, st_state_8, st_state_6, st_state_20, st_state_26, st_state_24, st_state_5, st_state_2, st_state_10, st_state_17, st_state_1, st_state_25, st_state_11, st_state_23, st_state_16, st_state_21, st_state_15,  
ASSIGN, 21, 20480, 5120, 48, 32769, 34, 16512, 1050624, 8193, 1310720, 768, 2049, 40960, 132, 3, 24, 532480, 1049600, 2560, 1088, 258, 8320, 12, 33, 557056, 32776, 33024, 262208,  
Sat, 20, st_state_14, st_state_12, st_state_9, st_state_27, st_state_4, st_state_7, st_state_13, st_state_18, st_state_19, st_state_3, st_state_22, st_state_8, st_state_6, st_state_20, st_state_26, st_state_24, st_state_5, st_state_2, st_state_10, st_state_17, st_state_1, st_state_25, st_state_11, st_state_23, st_state_16, st_state_21, st_state_15,  
ASSIGN, 20, 1015678, 786426, 785406, 1048314, 1023991, 1040318, 1048379, 1048534, 786359, 1048438, 983029, 980863, 966654, 1048550, 950263, 1011647, 1047287, 1047391, 982895, 1048547, 786047, 785918, 1043839, 1048437, 1047486, 1032055, 1046518,  
Sat, 19, st_state_14, st_state_12, st_state_9, st_state_27, st_state_4, st_state_7, st_state_13, st_state_18, st_state_19, st_state_3, st_state_22, st_state_8, st_state_6, st_state_20, st_state_26, st_state_24, st_state_5, st_state_2, st_state_10, st_state_17, st_state_1, st_state_25, st_state_11, st_state_23, st_state_16, st_state_21, st_state_15,  
ASSIGN, 19, 13878, 31508, 291350, 13079, 13971, 144918, 30230, 14871, 15924, 275094, 407058, 54834, 13854, 31766, 31282, 79381, 275219, 29490, 79634, 29211, 13086, 46614, 12855, 29244, 16146, 21054, 30482,  
Sat, 18, st_state_14, st_state_12, st_state_9, st_state_27, st_state_4, st_state_7, st_state_13, st_state_18, st_state_19, st_state_3, st_state_22, st_state_8, st_state_6, st_state_20, st_state_26, st_state_24, st_state_5, st_state_2, st_state_10, st_state_17, st_state_1, st_state_25, st_state_11, st_state_23, st_state_16, st_state_21, st_state_15,  
ASSIGN, 18, 1032, 16392, 640, 12288, 10240, 16386, 96, 131584, 192, 131080, 1152, 4352, 257, 33, 65540, 65537, 1280, 131074, 65552, 34, 2052, 66048, 144, 24576, 528, 49152, 32784,  
Sat, 17, st_state_14, st_state_12, st_state_9, st_state_27, st_state_4, st_state_7, st_state_13, st_state_18, st_state_19, st_state_3, st_state_22, st_state_8, st_state_6, st_state_20, st_state_26, st_state_24, st_state_5, st_state_2, st_state_10, st_state_17, st_state_1, st_state_25, st_state_11, st_state_23, st_state_16, st_state_21, st_state_15,  
ASSIGN, 17, 3590, 11288, 2126, 12032, 10310, 11336, 9746, 10251, 44034, 11284, 3206, 3122, 9230, 19466, 3079, 34314, 2071, 3139, 3098, 10758, 3085, 11808, 11274, 11777, 3346, 1547, 11267,  
Sat, 16, st_state_14, st_state_12, st_state_9, st_state_27, st_state_4, st_state_7, st_state_13, st_state_18, st_state_19, st_state_3, st_state_22, st_state_8, st_state_6, st_state_20, st_state_26, st_state_24, st_state_5, st_state_2, st_state_10, st_state_17, st_state_1, st_state_25, st_state_11, st_state_23, st_state_16, st_state_21, st_state_15,  
ASSIGN, 16, 4896, 8248, 13824, 12672, 9250, 5160, 41232, 106, 300, 12336, 4448, 8481, 12354, 9228, 8520, 49440, 8744, 12384, 8482, 4392, 12552, 41000, 61440, 24864, 9504, 37184, 28704,  
Sat, 15, st_state_14, st_state_12, st_state_9, st_state_27, st_state_4, st_state_7, st_state_13, st_state_18, st_state_19, st_state_3, st_state_22, st_state_8, st_state_6, st_state_20, st_state_26, st_state_24, st_state_5, st_state_2, st_state_10, st_state_17, st_state_1, st_state_25, st_state_11, st_state_23, st_state_16, st_state_21, st_state_15,  
ASSIGN, 15, 17168, 8528, 562, 6912, 368, 291, 960, 16706, 24864, 4512, 6192, 8962, 4194, 864, 306, 16705, 1314, 928, 16736, 10498, 2352, 2344, 18816, 8592, 17728, 624, 12576,  
Sat, 14, st_state_14, st_state_12, st_state_9, st_state_27, st_state_4, st_state_7, st_state_13, st_state_18, st_state_19, st_state_3, st_state_22, st_state_8, st_state_6, st_state_20, st_state_26, st_state_24, st_state_5, st_state_2, st_state_10, st_state_17, st_state_1, st_state_25, st_state_11, st_state_23, st_state_16, st_state_21, st_state_15,  
ASSIGN, 14, 1280, 2304, 2056, 18, 48, 514, 12, 5120, 17, 2176, 288, 2064, 516, 36, 258, 2112, 8448, 192, 2050, 129, 513, 40, 272, 2080, 640, 12288, 1088,  
Sat, 13, st_state_14, st_state_12, st_state_9, st_state_27, st_state_4, st_state_7, st_state_13, st_state_18, st_state_19, st_state_3, st_state_22, st_state_8, st_state_6, st_state_20, st_state_26, st_state_24, st_state_5, st_state_2, st_state_10, st_state_17, st_state_1, st_state_25, st_state_11, st_state_23, st_state_16, st_state_21, st_state_15,  
ASSIGN, 13, 288, 257, 1028, 129, 640, 320, 4098, 34, 4100, 12, 192, 513, 4097, 514, 2064, 144, 2049, 66, 3072, 80, 528, 272, 1025, 2176, 1040, 1152, 1032,  
Sat, 12, st_state_14, st_state_12, st_state_9, st_state_27, st_state_4, st_state_7, st_state_13, st_state_18, st_state_19, st_state_3, st_state_22, st_state_8, st_state_6, st_state_20, st_state_26, st_state_24, st_state_5, st_state_2, st_state_10, st_state_17, st_state_1, st_state_25, st_state_11, st_state_23, st_state_16, st_state_21, st_state_15,  
ASSIGN, 12, 2049, 132, 66, 160, 640, 36, 2064, 2050, 513, 320, 20, 136, 40, 1280, 68, 288, 33, 516, 384, 520, 24, 144, 514, 192, 10, 258, 1026,  
Sat, 11, st_state_14, st_state_12, st_state_9, st_state_27, st_state_4, st_state_7, st_state_13, st_state_18, st_state_19, st_state_3, st_state_22, st_state_8, st_state_6, st_state_20, st_state_26, st_state_24, st_state_5, st_state_2, st_state_10, st_state_17, st_state_1, st_state_25, st_state_11, st_state_23, st_state_16, st_state_21, st_state_15,  
ASSIGN, 11, 2040, 2034, 1005, 1526, 1406, 2022, 1275, 1020, 759, 1018, 1013, 765, 447, 894, 1726, 891, 831, 1014, 1003, 1405, 1966, 927, 751, 1662, 509, 1971, 1980,  
Sat, 10, st_state_14, st_state_12, st_state_9, st_state_27, st_state_4, st_state_7, st_state_13, st_state_18, st_state_19, st_state_3, st_state_22, st_state_8, st_state_6, st_state_20, st_state_26, st_state_24, st_state_5, st_state_2, st_state_10, st_state_17, st_state_1, st_state_25, st_state_11, st_state_23, st_state_16, st_state_21, st_state_15,  
ASSIGN, 10, 664, 464, 281, 848, 864, 338, 660, 312, 785, 432, 390, 780, 786, 113, 340, 525, 291, 523, 561, 114, 897, 282, 277, 147, 562, 593, 308,  
Sat, 9, st_state_14, st_state_12, st_state_9, st_state_27, st_state_4, st_state_7, st_state_13, st_state_18, st_state_19, st_state_3, st_state_22, st_state_8, st_state_6, st_state_20, st_state_26, st_state_24, st_state_5, st_state_2, st_state_10, st_state_17, st_state_1, st_state_25, st_state_11, st_state_23, st_state_16, st_state_21, st_state_15,  
ASSIGN, 9, 26, 19, 52, 145, 38, 13, 386, 289, 193, 67, 200, 296, 324, 134, 11, 70, 133, 76, 265, 162, 262, 25, 336, 148, 176, 98, 97,  
Sat, 8, st_state_14, st_state_12, st_state_9, st_state_27, st_state_4, st_state_7, st_state_13, st_state_18, st_state_19, st_state_3, st_state_22, st_state_8, st_state_6, st_state_20, st_state_26, st_state_24, st_state_5, st_state_2, st_state_10, st_state_17, st_state_1, st_state_25, st_state_11, st_state_23, st_state_16, st_state_21, st_state_15,  
ASSIGN, 8, 78, 240, 99, 101, 102, 165, 166, 170, 147, 232, 139, 60, 45, 85, 15, 141, 210, 23, 58, 120, 89, 90, 195, 43, 156, 197, 51,  
NotSat, 7,  
