Sat, 34, st_state_3, st_state_14, st_state_6, st_state_12, st_state_9, st_state_5, st_state_2, st_state_10, st_state_4, st_state_1, st_state_7, st_state_13, st_state_11, st_state_15, st_state_8,  
ASSIGN, 34, 17000100757, 16932993877, 17000100694, 16481055637, 16329014165, 16429677461, 8346203029, 7842888596, 16397171605, 16130833301, 16396254164, 17033655061, 16934040461, 16397171542, 3547921301,  
Sat, 33, st_state_3, st_state_14, st_state_6, st_state_12, st_state_9, st_state_5, st_state_2, st_state_10, st_state_4, st_state_1, st_state_7, st_state_13, st_state_11, st_state_15, st_state_8,  
ASSIGN, 33, 551834620, 65033212, 595874812, 16045036, 14963695, 149312492, 48518125, 4342436589, 14046189, 4343485420, 63329260, 549868540, 11817981, 60052461, 46552046,  
Sat, 32, st_state_3, st_state_14, st_state_6, st_state_12, st_state_9, st_state_5, st_state_2, st_state_10, st_state_4, st_state_1, st_state_7, st_state_13, st_state_11, st_state_15, st_state_8,  
ASSIGN, 32, 4103086055, 4105199588, 4105183158, 1452351463, 1693458407, 3801161703, 3600818151, 1458577382, 1202724839, 1794121702, 2008031204, 3803193271, 3853524965, 3870302182, 1924145127,  
Sat, 31, st_state_3, st_state_14, st_state_6, st_state_12, st_state_9, st_state_5, st_state_2, st_state_10, st_state_4, st_state_1, st_state_7, st_state_13, st_state_11, st_state_15, st_state_8,  
ASSIGN, 31, 2116502772, 2083995894, 2087141876, 2116485373, 2116485367, 2116488433, 2114928885, 1997357303, 2084503797, 1999061235, 2084519991, 2087128308, 2083471606, 2083996021, 2117550321,  
Sat, 30, st_state_3, st_state_14, st_state_6, st_state_12, st_state_9, st_state_5, st_state_2, st_state_10, st_state_4, st_state_1, st_state_7, st_state_13, st_state_11, st_state_15, st_state_8,  
ASSIGN, 30, 723778551, 727972095, 195295743, 590871287, 732412917, 775158519, 730069951, 730315773, 596114423, 781171701, 724040439, 238287359, 732412407, 195558390, 780401655,  
Sat, 29, st_state_3, st_state_14, st_state_6, st_state_12, st_state_9, st_state_5, st_state_2, st_state_10, st_state_4, st_state_1, st_state_7, st_state_13, st_state_11, st_state_15, st_state_8,  
ASSIGN, 29, 104658436, 107279878, 107542021, 108582406, 104460836, 108589828, 104395316, 70841137, 104387366, 104395060, 103084838, 115925765, 121426692, 103346981, 104391588,  
Sat, 28, st_state_3, st_state_14, st_state_6, st_state_12, st_state_9, st_state_5, st_state_2, st_state_10, st_state_4, st_state_1, st_state_7, st_state_13, st_state_11, st_state_15, st_state_8,  
ASSIGN, 28, 134800608, 134800428, 145286176, 134755556, 134785252, 566501, 134751462, 730278, 134753460, 566502, 134766780, 2680032, 138947808, 143156400, 134784116,  
Sat, 27, st_state_3, st_state_14, st_state_6, st_state_12, st_state_9, st_state_5, st_state_2, st_state_10, st_state_4, st_state_1, st_state_7, st_state_13, st_state_11, st_state_15, st_state_8,  
ASSIGN, 27, 71208914, 71224730, 87989650, 3993554, 71200658, 4106195, 4110290, 4112304, 71231186, 4124564, 71298194, 20876755, 70447058, 88008082, 3991510,  
Sat, 26, st_state_3, st_state_14, st_state_6, st_state_12, st_state_9, st_state_5, st_state_2, st_state_10, st_state_4, st_state_1, st_state_7, st_state_13, st_state_11, st_state_15, st_state_8,  
ASSIGN, 26, 45189830, 36408006, 44665046, 45910722, 7703238, 44403395, 37128902, 2542286, 37587652, 11832014, 48859844, 44400855, 45976070, 45714068, 43354822,  
Sat, 25, st_state_3, st_state_14, st_state_6, st_state_12, st_state_9, st_state_5, st_state_2, st_state_10, st_state_4, st_state_1, st_state_7, st_state_13, st_state_11, st_state_15, st_state_8,  
ASSIGN, 25, 8388170, 15990347, 7863885, 24575690, 14663370, 23002702, 15990474, 3931854, 30931658, 6225614, 30669391, 6290959, 16710346, 24640078, 30605006,  
Sat, 24, st_state_3, st_state_14, st_state_6, st_state_12, st_state_9, st_state_5, st_state_2, st_state_10, st_state_4, st_state_1, st_state_7, st_state_13, st_state_11, st_state_15, st_state_8,  
ASSIGN, 24, 2657071, 3185453, 3709738, 2673466, 2674474, 2681614, 2673468, 3713848, 3723056, 3721786, 3182393, 3722058, 2674476, 3678008, 2681650,  
Sat, 23, st_state_3, st_state_14, st_state_6, st_state_12, st_state_9, st_state_5, st_state_2, st_state_10, st_state_4, st_state_1, st_state_7, st_state_13, st_state_11, st_state_15, st_state_8,  
ASSIGN, 23, 6818818, 6620162, 2917378, 7078920, 2888706, 4984320, 2885635, 2884866, 2887168, 791298, 2459136, 7078402, 2624560, 820800, 789762,  
Sat, 22, st_state_3, st_state_14, st_state_6, st_state_12, st_state_9, st_state_5, st_state_2, st_state_10, st_state_4, st_state_1, st_state_7, st_state_13, st_state_11, st_state_15, st_state_8,  
ASSIGN, 22, 846848, 974864, 848128, 583232, 1697792, 582920, 798216, 844296, 584200, 1630472, 2940936, 586880, 813570, 845826, 813320,  
Sat, 21, st_state_3, st_state_14, st_state_6, st_state_12, st_state_9, st_state_5, st_state_2, st_state_10, st_state_4, st_state_1, st_state_7, st_state_13, st_state_11, st_state_15, st_state_8,  
ASSIGN, 21, 1858360, 1898552, 1637168, 1866344, 1989928, 1987192, 1858377, 1694536, 1997128, 2022152, 1866028, 2021936, 1866026, 2029856, 1990216,  
Sat, 20, st_state_3, st_state_14, st_state_6, st_state_12, st_state_9, st_state_5, st_state_2, st_state_10, st_state_4, st_state_1, st_state_7, st_state_13, st_state_11, st_state_15, st_state_8,  
ASSIGN, 20, 533265, 25377, 9091, 534400, 272144, 41872, 26384, 75025, 10018, 69392, 132897, 43394, 534049, 534273, 44800,  
Sat, 19, st_state_3, st_state_14, st_state_6, st_state_12, st_state_9, st_state_5, st_state_2, st_state_10, st_state_4, st_state_1, st_state_7, st_state_13, st_state_11, st_state_15, st_state_8,  
ASSIGN, 19, 18499, 115, 69699, 49250, 16490, 107, 49163, 2571, 36938, 19466, 331, 65762, 100418, 37123, 24650,  
Sat, 18, st_state_3, st_state_14, st_state_6, st_state_12, st_state_9, st_state_5, st_state_2, st_state_10, st_state_4, st_state_1, st_state_7, st_state_13, st_state_11, st_state_15, st_state_8,  
ASSIGN, 18, 133148, 542, 2836, 1564, 197132, 2616, 133642, 132642, 527, 197672, 601, 3848, 131095, 2579, 131625,  
Sat, 17, st_state_3, st_state_14, st_state_6, st_state_12, st_state_9, st_state_5, st_state_2, st_state_10, st_state_4, st_state_1, st_state_7, st_state_13, st_state_11, st_state_15, st_state_8,  
ASSIGN, 17, 2060, 2320, 3073, 6160, 6400, 2051, 67585, 545, 34820, 3584, 268, 385, 68608, 21, 33793,  
Sat, 16, st_state_3, st_state_14, st_state_6, st_state_12, st_state_9, st_state_5, st_state_2, st_state_10, st_state_4, st_state_1, st_state_7, st_state_13, st_state_11, st_state_15, st_state_8,  
ASSIGN, 16, 2553, 18810, 383, 7353, 37368, 12537, 14521, 63656, 20921, 57784, 28986, 4602, 955, 16830, 25273,  
Sat, 15, st_state_3, st_state_14, st_state_6, st_state_12, st_state_9, st_state_5, st_state_2, st_state_10, st_state_4, st_state_1, st_state_7, st_state_13, st_state_11, st_state_15, st_state_8,  
ASSIGN, 15, 9736, 14848, 8964, 16936, 8737, 523, 4872, 12576, 8716, 297, 25152, 8199, 13056, 28676, 270,  
Sat, 14, st_state_3, st_state_14, st_state_6, st_state_12, st_state_9, st_state_5, st_state_2, st_state_10, st_state_4, st_state_1, st_state_7, st_state_13, st_state_11, st_state_15, st_state_8,  
ASSIGN, 14, 1073, 1248, 116, 1037, 8273, 1066, 43, 12322, 201, 12360, 424, 616, 1091, 452, 5129,  
Sat, 13, st_state_3, st_state_14, st_state_6, st_state_12, st_state_9, st_state_5, st_state_2, st_state_10, st_state_4, st_state_1, st_state_7, st_state_13, st_state_11, st_state_15, st_state_8,  
ASSIGN, 13, 68, 144, 5120, 3, 514, 1056, 288, 4608, 4112, 80, 12, 513, 2176, 192, 130,  
Sat, 12, st_state_3, st_state_14, st_state_6, st_state_12, st_state_9, st_state_5, st_state_2, st_state_10, st_state_4, st_state_1, st_state_7, st_state_13, st_state_11, st_state_15, st_state_8,  
ASSIGN, 12, 2325, 2318, 2582, 2342, 3352, 2345, 2099, 434, 3114, 2449, 62, 2597, 3079, 3124, 2330,  
Sat, 11, st_state_3, st_state_14, st_state_6, st_state_12, st_state_9, st_state_5, st_state_2, st_state_10, st_state_4, st_state_1, st_state_7, st_state_13, st_state_11, st_state_15, st_state_8,  
ASSIGN, 11, 259, 14, 1538, 25, 577, 1057, 1029, 321, 1096, 1104, 296, 38, 448, 521, 1664,  
Sat, 10, st_state_3, st_state_14, st_state_6, st_state_12, st_state_9, st_state_5, st_state_2, st_state_10, st_state_4, st_state_1, st_state_7, st_state_13, st_state_11, st_state_15, st_state_8,  
ASSIGN, 10, 908, 899, 453, 271, 488, 205, 302, 61, 346, 186, 203, 167, 838, 87, 124,  
Sat, 9, st_state_3, st_state_14, st_state_6, st_state_12, st_state_9, st_state_5, st_state_2, st_state_10, st_state_4, st_state_1, st_state_7, st_state_13, st_state_11, st_state_15, st_state_8,  
ASSIGN, 9, 138, 193, 388, 290, 133, 265, 7, 266, 273, 276, 112, 28, 262, 146, 26,  
Sat, 8, st_state_3, st_state_14, st_state_6, st_state_12, st_state_9, st_state_5, st_state_2, st_state_10, st_state_4, st_state_1, st_state_7, st_state_13, st_state_11, st_state_15, st_state_8,  
ASSIGN, 8, 150, 177, 141, 83, 71, 216, 92, 209, 201, 53, 170, 180, 78, 108, 228,  
Sat, 7, st_state_3, st_state_14, st_state_6, st_state_12, st_state_9, st_state_5, st_state_2, st_state_10, st_state_4, st_state_1, st_state_7, st_state_13, st_state_11, st_state_15, st_state_8,  
ASSIGN, 7, 92, 27, 53, 75, 71, 114, 83, 116, 29, 46, 39, 30, 58, 108, 105,  
Sat, 6, st_state_3, st_state_14, st_state_6, st_state_12, st_state_9, st_state_5, st_state_2, st_state_10, st_state_4, st_state_1, st_state_7, st_state_13, st_state_11, st_state_15, st_state_8,  
ASSIGN, 6, 21, 41, 50, 26, 14, 38, 56, 37, 35, 19, 52, 28, 44, 25, 13,  
NotSat, 5,  
