Sat, 34, st_st4, st_st5, st_st7, st_st10, st_st0, st_st2, st_st6, st_st1, st_st8, st_st9, st_st11, st_st3,  
ASSIGN, 34, 5889816567, 7768881143, 17138562551, 8452511479, 6439220723, 6426621919, 8045311991, 6426637823, 12848018935, 4157552119, 6439278323, 15016556531,  
Sat, 33, st_st4, st_st5, st_st7, st_st10, st_st0, st_st2, st_st6, st_st1, st_st8, st_st9, st_st11, st_st3,  
ASSIGN, 33, 5151589364, 5164171508, 869139379, 4883678963, 589285491, 5151588599, 869139444, 4884203763, 860292083, 2739341043, 4883727475, 4346282999,  
Sat, 32, st_st4, st_st5, st_st7, st_st10, st_st0, st_st2, st_st6, st_st1, st_st8, st_st9, st_st11, st_st3,  
ASSIGN, 32, 603917565, 670961397, 653672157, 4143386874, 4110357746, 3875214585, 670187253, 3891991794, 922107129, 4143330552, 4141290994, 3808365817,  
Sat, 31, st_st4, st_st5, st_st7, st_st10, st_st0, st_st2, st_st6, st_st1, st_st8, st_st9, st_st11, st_st3,  
ASSIGN, 31, 17046063, 18094254, 117837987, 50799749, 117908996, 50802702, 51779746, 117900302, 50745483, 50794631, 117908616, 17240591,  
Sat, 30, st_st4, st_st5, st_st7, st_st10, st_st0, st_st2, st_st6, st_st1, st_st8, st_st9, st_st11, st_st3,  
ASSIGN, 30, 285995845, 319025957, 54196993, 982977, 51182403, 50985797, 51116805, 50985826, 51051289, 51051457, 51314241, 571208517,  
Sat, 29, st_st4, st_st5, st_st7, st_st10, st_st0, st_st2, st_st6, st_st1, st_st8, st_st9, st_st11, st_st3,  
ASSIGN, 29, 149753851, 147787647, 152014815, 220163763, 203255802, 139329395, 164564957, 135135226, 219131859, 220179379, 219115506, 149778291,  
Sat, 28, st_st4, st_st5, st_st7, st_st10, st_st0, st_st2, st_st6, st_st1, st_st8, st_st9, st_st11, st_st3,  
ASSIGN, 28, 563760, 1088560, 73504, 75833, 342064, 86577, 24112, 77875, 102048, 101432, 75890, 553520,  
Sat, 27, st_st4, st_st5, st_st7, st_st10, st_st0, st_st2, st_st6, st_st1, st_st8, st_st9, st_st11, st_st3,  
ASSIGN, 27, 130743807, 132904191, 133300220, 134150391, 134217129, 130809789, 133297919, 133953465, 116522999, 117112567, 134216931, 130777071,  
Sat, 26, st_st4, st_st5, st_st7, st_st10, st_st0, st_st2, st_st6, st_st1, st_st8, st_st9, st_st11, st_st3,  
ASSIGN, 26, 66204301, 32715406, 49345163, 49374087, 45212303, 66298499, 66073231, 62038671, 66122505, 66151305, 49406487, 66216583,  
Sat, 25, st_st4, st_st5, st_st7, st_st10, st_st0, st_st2, st_st6, st_st1, st_st8, st_st9, st_st11, st_st3,  
ASSIGN, 25, 32764417, 32759849, 27771435, 28831768, 27753224, 29258497, 33013795, 27687683, 26722874, 28820536, 28799368, 32667393,  
Sat, 24, st_st4, st_st5, st_st7, st_st10, st_st0, st_st2, st_st6, st_st1, st_st8, st_st9, st_st11, st_st3,  
ASSIGN, 24, 7272598, 3668118, 13040282, 5189530, 6814090, 6928858, 4717206, 6946186, 13627546, 5225626, 7289738, 7321754,  
Sat, 23, st_st4, st_st5, st_st7, st_st10, st_st0, st_st2, st_st6, st_st1, st_st8, st_st9, st_st11, st_st3,  
ASSIGN, 23, 3991606, 3532839, 3436974, 8347690, 7301155, 8190000, 3438759, 8349744, 3633546, 3633195, 8350752, 3993653,  
Sat, 22, st_st4, st_st5, st_st7, st_st10, st_st0, st_st2, st_st6, st_st1, st_st8, st_st9, st_st11, st_st3,  
ASSIGN, 22, 135171, 790529, 1180416, 526480, 329856, 802818, 918016, 278657, 133378, 2130, 2687104, 81923,  
Sat, 21, st_st4, st_st5, st_st7, st_st10, st_st0, st_st2, st_st6, st_st1, st_st8, st_st9, st_st11, st_st3,  
ASSIGN, 21, 1278715, 1246206, 1290740, 1220338, 1241842, 1220329, 1283030, 1235704, 1162736, 1228017, 1113840, 1225451,  
Sat, 20, st_st4, st_st5, st_st7, st_st10, st_st0, st_st2, st_st6, st_st1, st_st8, st_st9, st_st11, st_st3,  
ASSIGN, 20, 828073, 372905, 373298, 652064, 838433, 848009, 369209, 836489, 438840, 324400, 588321, 832073,  
Sat, 19, st_st4, st_st5, st_st7, st_st10, st_st0, st_st2, st_st6, st_st1, st_st8, st_st9, st_st11, st_st3,  
ASSIGN, 19, 927, 270495, 401590, 397980, 410034, 107440, 401467, 140210, 402076, 458910, 398002, 33722,  
Sat, 18, st_st4, st_st5, st_st7, st_st10, st_st0, st_st2, st_st6, st_st1, st_st8, st_st9, st_st11, st_st3,  
ASSIGN, 18, 119486, 62127, 193964, 160250, 254202, 238267, 47022, 189370, 160252, 28927, 181754, 250553,  
Sat, 17, st_st4, st_st5, st_st7, st_st10, st_st0, st_st2, st_st6, st_st1, st_st8, st_st9, st_st11, st_st3,  
ASSIGN, 17, 104201, 103439, 72719, 107674, 113800, 102840, 39183, 127368, 78878, 107574, 95384, 105256,  
Sat, 16, st_st4, st_st5, st_st7, st_st10, st_st0, st_st2, st_st6, st_st1, st_st8, st_st9, st_st11, st_st3,  
ASSIGN, 16, 320, 10240, 132, 20480, 12288, 272, 72, 192, 1088, 136, 1028, 4097,  
Sat, 15, st_st4, st_st5, st_st7, st_st10, st_st0, st_st2, st_st6, st_st1, st_st8, st_st9, st_st11, st_st3,  
ASSIGN, 15, 2305, 8512, 641, 4288, 112, 1537, 578, 1048, 4640, 4114, 20512, 12289,  
Sat, 14, st_st4, st_st5, st_st7, st_st10, st_st0, st_st2, st_st6, st_st1, st_st8, st_st9, st_st11, st_st3,  
ASSIGN, 14, 5632, 4105, 12290, 3074, 580, 35, 266, 2114, 8464, 4114, 1036, 3073,  
Sat, 13, st_st4, st_st5, st_st7, st_st10, st_st0, st_st2, st_st6, st_st1, st_st8, st_st9, st_st11, st_st3,  
ASSIGN, 13, 445, 5041, 5554, 5844, 4909, 5740, 6323, 7468, 5331, 1754, 5916, 764,  
Sat, 12, st_st4, st_st5, st_st7, st_st10, st_st0, st_st2, st_st6, st_st1, st_st8, st_st9, st_st11, st_st3,  
ASSIGN, 12, 516, 9, 520, 260, 2304, 514, 258, 1028, 192, 1026, 33, 65,  
Sat, 11, st_st4, st_st5, st_st7, st_st10, st_st0, st_st2, st_st6, st_st1, st_st8, st_st9, st_st11, st_st3,  
ASSIGN, 11, 147, 1232, 323, 1328, 1316, 1352, 1297, 1424, 402, 1043, 424, 201,  
Sat, 10, st_st4, st_st5, st_st7, st_st10, st_st0, st_st2, st_st6, st_st1, st_st8, st_st9, st_st11, st_st3,  
ASSIGN, 10, 893, 495, 975, 751, 735, 1020, 703, 891, 383, 990, 503, 759,  
Sat, 9, st_st4, st_st5, st_st7, st_st10, st_st0, st_st2, st_st6, st_st1, st_st8, st_st9, st_st11, st_st3,  
ASSIGN, 9, 496, 460, 158, 301, 205, 309, 79, 188, 47, 307, 398, 185,  
Sat, 8, st_st4, st_st5, st_st7, st_st10, st_st0, st_st2, st_st6, st_st1, st_st8, st_st9, st_st11, st_st3,  
ASSIGN, 8, 93, 143, 248, 47, 241, 244, 179, 218, 214, 205, 236, 233,  
Sat, 7, st_st4, st_st5, st_st7, st_st10, st_st0, st_st2, st_st6, st_st1, st_st8, st_st9, st_st11, st_st3,  
ASSIGN, 7, 69, 25, 26, 88, 81, 82, 44, 76, 7, 49, 11, 28,  
Sat, 6, st_st4, st_st5, st_st7, st_st10, st_st0, st_st2, st_st6, st_st1, st_st8, st_st9, st_st11, st_st3,  
ASSIGN, 6, 60, 27, 29, 23, 57, 53, 39, 30, 51, 45, 46, 15,  
NotSat, 5,  
