Sat, 34, st_RMACK, st_write0, st_WMACK, st_init4, st_read1, st_init1, st_read0, st_init0, st_START, st_init2, st_IOwait,  
ASSIGN, 34, 17162887130, 17163034579, 17095835603, 17028865990, 12800991198, 12801007601, 12834562010, 4211081202, 3909091319, 17028866032, 17095974866,  
Sat, 33, st_RMACK, st_write0, st_WMACK, st_init4, st_read1, st_init1, st_read0, st_init0, st_START, st_init2, st_IOwait,  
ASSIGN, 33, 5839426546, 1546574816, 1544347632, 5839411443, 5839476977, 5856057841, 5839442673, 5709388273, 3561904371, 6376020465, 5839412208,  
Sat, 32, st_RMACK, st_write0, st_WMACK, st_init4, st_read1, st_init1, st_read0, st_init0, st_START, st_init2, st_IOwait,  
ASSIGN, 32, 4043901452, 3221821036, 3825799724, 4044161572, 4044030028, 4043899461, 4043838028, 4043571783, 4027322950, 4043637324, 3775464044,  
Sat, 31, st_RMACK, st_write0, st_WMACK, st_init4, st_read1, st_init1, st_read0, st_init0, st_START, st_init2, st_IOwait,  
ASSIGN, 31, 1342568194, 2013521154, 1209001218, 1611461891, 521479, 1611068720, 285734146, 1074190136, 1086510888, 1627714850, 1611134210,  
Sat, 30, st_RMACK, st_write0, st_WMACK, st_init4, st_read1, st_init1, st_read0, st_init0, st_START, st_init2, st_IOwait,  
ASSIGN, 30, 118748750, 387106367, 521193055, 117687039, 130270799, 385992415, 257148494, 385967863, 386479831, 922993247, 118736479,  
Sat, 29, st_RMACK, st_write0, st_WMACK, st_init4, st_read1, st_init1, st_read0, st_init0, st_START, st_init2, st_IOwait,  
ASSIGN, 29, 520081665, 519562753, 518252353, 515502881, 250868490, 519959296, 251392259, 519564032, 527936257, 519434785, 519303937,  
Sat, 28, st_RMACK, st_write0, st_WMACK, st_init4, st_read1, st_init1, st_read0, st_init0, st_START, st_init2, st_IOwait,  
ASSIGN, 28, 258999510, 221709466, 255005834, 259785866, 267519124, 259196098, 192022166, 259089474, 259101762, 258999530, 259130522,  
Sat, 27, st_RMACK, st_write0, st_WMACK, st_init4, st_read1, st_init1, st_read0, st_init0, st_START, st_init2, st_IOwait,  
ASSIGN, 27, 14913551, 10739804, 12836893, 48423180, 49496078, 13819919, 15959054, 13886476, 80901132, 15917100, 14934030,  
Sat, 26, st_RMACK, st_write0, st_WMACK, st_init4, st_read1, st_init1, st_read0, st_init0, st_START, st_init2, st_IOwait,  
ASSIGN, 26, 14417882, 14581726, 16285663, 13594621, 16285693, 14680009, 14319614, 14679659, 16711283, 16740301, 14385117,  
Sat, 25, st_RMACK, st_write0, st_WMACK, st_init4, st_read1, st_init1, st_read0, st_init0, st_START, st_init2, st_IOwait,  
ASSIGN, 25, 20058280, 20156448, 20087584, 18252000, 19071154, 20152337, 20119713, 20041744, 20004883, 20152416, 20086960,  
Sat, 24, st_RMACK, st_write0, st_WMACK, st_init4, st_read1, st_init1, st_read0, st_init0, st_START, st_init2, st_IOwait,  
ASSIGN, 24, 4882661, 168143, 2789578, 2654451, 295163, 295151, 4751609, 1605869, 753900, 2195691, 688363,  
Sat, 23, st_RMACK, st_write0, st_WMACK, st_init4, st_read1, st_init1, st_read0, st_init0, st_START, st_init2, st_IOwait,  
ASSIGN, 23, 8127247, 7899911, 5303047, 5862149, 7955210, 7893794, 7946511, 7927552, 7888656, 6058758, 7889671,  
Sat, 22, st_RMACK, st_write0, st_WMACK, st_init4, st_read1, st_init1, st_read0, st_init0, st_START, st_init2, st_IOwait,  
ASSIGN, 22, 2622981, 721420, 131725, 2818568, 3670533, 2622114, 2818564, 9122, 9892, 3801728, 2622092,  
Sat, 21, st_RMACK, st_write0, st_WMACK, st_init4, st_read1, st_init1, st_read0, st_init0, st_START, st_init2, st_IOwait,  
ASSIGN, 21, 1048709, 1212417, 49155, 196992, 131154, 20610, 71, 295042, 32908, 143488, 131203,  
Sat, 20, st_RMACK, st_write0, st_WMACK, st_init4, st_read1, st_init1, st_read0, st_init0, st_START, st_init2, st_IOwait,  
ASSIGN, 20, 525675, 541231, 262959, 534155, 66507, 1959, 591243, 10919, 27556, 533923, 525227,  
Sat, 19, st_RMACK, st_write0, st_WMACK, st_init4, st_read1, st_init1, st_read0, st_init0, st_START, st_init2, st_IOwait,  
ASSIGN, 19, 196164, 63581, 64015, 129353, 225884, 122456, 258884, 130696, 89784, 130569, 129612,  
Sat, 18, st_RMACK, st_write0, st_WMACK, st_init4, st_read1, st_init1, st_read0, st_init0, st_START, st_init2, st_IOwait,  
ASSIGN, 18, 206017, 12530, 8444, 66739, 50385, 1270, 44225, 42038, 33853, 9271, 9457,  
Sat, 17, st_RMACK, st_write0, st_WMACK, st_init4, st_read1, st_init1, st_read0, st_init0, st_START, st_init2, st_IOwait,  
ASSIGN, 17, 16584, 21248, 4614, 12300, 69644, 49161, 81929, 51202, 2434, 269, 16908,  
Sat, 16, st_RMACK, st_write0, st_WMACK, st_init4, st_read1, st_init1, st_read0, st_init0, st_START, st_init2, st_IOwait,  
ASSIGN, 16, 2339, 7426, 3203, 4373, 3107, 3340, 2609, 1549, 42500, 7173, 3345,  
Sat, 15, st_RMACK, st_write0, st_WMACK, st_init4, st_read1, st_init1, st_read0, st_init0, st_START, st_init2, st_IOwait,  
ASSIGN, 15, 16520, 16898, 772, 4099, 24640, 784, 8576, 26, 2068, 1282, 16641,  
Sat, 14, st_RMACK, st_write0, st_WMACK, st_init4, st_read1, st_init1, st_read0, st_init0, st_START, st_init2, st_IOwait,  
ASSIGN, 14, 9477, 271, 12554, 2819, 1474, 6151, 9490, 2323, 465, 14594, 5379,  
Sat, 13, st_RMACK, st_write0, st_WMACK, st_init4, st_read1, st_init1, st_read0, st_init0, st_START, st_init2, st_IOwait,  
ASSIGN, 13, 4472, 4330, 4577, 888, 4564, 1656, 6576, 1635, 1582, 6264, 4848,  
Sat, 12, st_RMACK, st_write0, st_WMACK, st_init4, st_read1, st_init1, st_read0, st_init0, st_START, st_init2, st_IOwait,  
ASSIGN, 12, 3273, 246, 1253, 1272, 2506, 1737, 1230, 603, 243, 2265, 235,  
Sat, 11, st_RMACK, st_write0, st_WMACK, st_init4, st_read1, st_init1, st_read0, st_init0, st_START, st_init2, st_IOwait,  
ASSIGN, 11, 1594, 1690, 1579, 821, 1008, 190, 822, 1083, 311, 826, 691,  
Sat, 10, st_RMACK, st_write0, st_WMACK, st_init4, st_read1, st_init1, st_read0, st_init0, st_START, st_init2, st_IOwait,  
ASSIGN, 10, 900, 401, 278, 720, 92, 600, 325, 284, 23, 582, 533,  
Sat, 9, st_RMACK, st_write0, st_WMACK, st_init4, st_read1, st_init1, st_read0, st_init0, st_START, st_init2, st_IOwait,  
ASSIGN, 9, 281, 340, 330, 450, 326, 154, 15, 195, 240, 306, 83,  
Sat, 8, st_RMACK, st_write0, st_WMACK, st_init4, st_read1, st_init1, st_read0, st_init0, st_START, st_init2, st_IOwait,  
ASSIGN, 8, 149, 141, 195, 29, 106, 172, 15, 58, 39, 120, 101,  
Sat, 7, st_RMACK, st_write0, st_WMACK, st_init4, st_read1, st_init1, st_read0, st_init0, st_START, st_init2, st_IOwait,  
ASSIGN, 7, 97, 73, 44, 35, 19, 52, 13, 69, 14, 26, 70,  
Sat, 6, st_RMACK, st_write0, st_WMACK, st_init4, st_read1, st_init1, st_read0, st_init0, st_START, st_init2, st_IOwait,  
ASSIGN, 6, 13, 21, 14, 44, 52, 22, 26, 49, 7, 25, 35,  
NotSat, 5,  
