Sat, 35, st_st4, st_st7, st_st19, st_st15, st_st6, st_st18, st_st1, st_10, st_st9, st_st17, st_st3, st_st20, st_st14, st_st5, st_st10, st_st13, st_st12, st_st2, st_st11, st_st8, st_st16,  
ASSIGN, 35, 15955680012, 7373609756, 7374125340, 11736201500, 11660705052, 15964048156, 11669093132, 11593661709, 11669092630, 11669088541, 28848446220, 24553995016, 11669090589, 11669100828, 11794914076, 11669223452, 15896943388, 28840565532, 11668691740, 11652397324, 11669616924,  
Sat, 34, st_st4, st_st7, st_st19, st_st15, st_st6, st_st18, st_st1, st_10, st_st9, st_st17, st_st3, st_st20, st_st14, st_st5, st_st10, st_st13, st_st12, st_st2, st_st11, st_st8, st_st16,  
ASSIGN, 34, 13136678820, 13136678694, 13858103172, 13270900485, 13069569957, 13203791750, 13338009380, 4479635413, 13270896421, 13388340998, 13070749476, 13874876068, 13136678756, 13405114244, 9043042181, 13338005317, 13405117958, 13070622596, 13136682757, 13338008468, 13405048613,  
Sat, 33, st_st4, st_st7, st_st19, st_st15, st_st6, st_st18, st_st1, st_10, st_st9, st_st17, st_st3, st_st20, st_st14, st_st5, st_st10, st_st13, st_st12, st_st2, st_st11, st_st8, st_st16,  
ASSIGN, 33, 5324636407, 761247927, 5861466295, 5324616115, 5863612595, 4787790518, 5324660915, 6433906866, 5058306231, 4787761843, 5324648630, 8009015474, 5056196791, 4787777719, 4787773883, 5358166199, 1029664951, 5326741685, 5324617907, 4788838583, 4821315763,  
Sat, 32, st_st4, st_st7, st_st19, st_st15, st_st6, st_st18, st_st1, st_10, st_st9, st_st17, st_st3, st_st20, st_st14, st_st5, st_st10, st_st13, st_st12, st_st2, st_st11, st_st8, st_st16,  
ASSIGN, 32, 806358899, 806096697, 806358009, 806890456, 806366200, 806685680, 806883312, 806365941, 814230512, 806358012, 806883125, 806751216, 537407480, 806095864, 805841908, 814223320, 807145304, 805310458, 805900152, 807142388, 809504760,  
Sat, 31, st_st4, st_st7, st_st19, st_st15, st_st6, st_st18, st_st1, st_10, st_st9, st_st17, st_st3, st_st20, st_st14, st_st5, st_st10, st_st13, st_st12, st_st2, st_st11, st_st8, st_st16,  
ASSIGN, 31, 1908408206, 1899986799, 1912463247, 1912566735, 1358954383, 1912593199, 1912585103, 1408696207, 1895791535, 1375730511, 1908391727, 1912389535, 1908374431, 1912569615, 1912600459, 1937734543, 1904212815, 1910439823, 1900019599, 301989775, 1941961487,  
Sat, 30, st_st4, st_st7, st_st19, st_st15, st_st6, st_st18, st_st1, st_10, st_st9, st_st17, st_st3, st_st20, st_st14, st_st5, st_st10, st_st13, st_st12, st_st2, st_st11, st_st8, st_st16,  
ASSIGN, 30, 972968642, 968643034, 968864192, 966750546, 952070624, 973041984, 968782274, 967791074, 1002402112, 972845394, 972902850, 834580946, 968323410, 968716752, 966752704, 968782192, 431968722, 968840128, 1002328528, 1002401984, 972452304,  
Sat, 29, st_st4, st_st7, st_st19, st_st15, st_st6, st_st18, st_st1, st_10, st_st9, st_st17, st_st3, st_st20, st_st14, st_st5, st_st10, st_st13, st_st12, st_st2, st_st11, st_st8, st_st16,  
ASSIGN, 29, 2236204, 69222149, 68296454, 67378951, 86056453, 68820229, 69345029, 90250246, 352329477, 68296199, 2240269, 69375750, 71573253, 68230917, 83894085, 209723141, 69279494, 69279500, 67116823, 69291781, 83894053,  
Sat, 28, st_st4, st_st7, st_st19, st_st15, st_st6, st_st18, st_st1, st_10, st_st9, st_st17, st_st3, st_st20, st_st14, st_st5, st_st10, st_st13, st_st12, st_st2, st_st11, st_st8, st_st16,  
ASSIGN, 28, 149635341, 150167563, 166805531, 150159417, 150159452, 147931231, 150159375, 16400988, 150159513, 148062315, 150151437, 15945755, 150159418, 15941723, 15941741, 150143515, 216219675, 16465997, 83051019, 15942411, 215171099,  
Sat, 27, st_st4, st_st7, st_st19, st_st15, st_st6, st_st18, st_st1, st_10, st_st9, st_st17, st_st3, st_st20, st_st14, st_st5, st_st10, st_st13, st_st12, st_st2, st_st11, st_st8, st_st16,  
ASSIGN, 27, 57151663, 53088494, 54137018, 53117118, 53674174, 36311742, 53022910, 54206620, 52646074, 53088382, 52991150, 53154226, 53088954, 52826302, 52789438, 36327614, 19534015, 57675966, 118100158, 53809340, 54137014,  
Sat, 26, st_st4, st_st7, st_st19, st_st15, st_st6, st_st18, st_st1, st_10, st_st9, st_st17, st_st3, st_st20, st_st14, st_st5, st_st10, st_st13, st_st12, st_st2, st_st11, st_st8, st_st16,  
ASSIGN, 26, 44425228, 10546698, 60942338, 14739469, 27388164, 44230666, 60876812, 27644164, 25225486, 35710991, 10807310, 61402112, 27379980, 10610702, 23193612, 10545932, 10545740, 27386892, 27320846, 27388932, 27322630,  
Sat, 25, st_st4, st_st7, st_st19, st_st15, st_st6, st_st18, st_st1, st_10, st_st9, st_st17, st_st3, st_st20, st_st14, st_st5, st_st10, st_st13, st_st12, st_st2, st_st11, st_st8, st_st16,  
ASSIGN, 25, 26460656, 16236836, 29606705, 30851428, 30789924, 29870384, 30654772, 30662948, 30852388, 14141732, 9945460, 30654521, 32686373, 30916897, 14139692, 26657077, 32751968, 30785904, 32948528, 32751877, 30589235,  
Sat, 24, st_st4, st_st7, st_st19, st_st15, st_st6, st_st18, st_st1, st_10, st_st9, st_st17, st_st3, st_st20, st_st14, st_st5, st_st10, st_st13, st_st12, st_st2, st_st11, st_st8, st_st16,  
ASSIGN, 24, 7458304, 9556528, 9500162, 11653633, 5625344, 11654146, 3274240, 1169028, 3464704, 3267074, 3267088, 11581184, 3267592, 9559552, 10868224, 3267328, 3267104, 1437184, 11653636, 9564673, 11654400,  
Sat, 23, st_st4, st_st7, st_st19, st_st15, st_st6, st_st18, st_st1, st_10, st_st9, st_st17, st_st3, st_st20, st_st14, st_st5, st_st10, st_st13, st_st12, st_st2, st_st11, st_st8, st_st16,  
ASSIGN, 23, 7505496, 7472345, 7381716, 7394512, 6522072, 7374428, 7382232, 6424028, 6325724, 7374546, 7341788, 3187418, 7382420, 7505108, 5424344, 7374290, 7374035, 7505049, 3310810, 7349492, 7505304,  
Sat, 22, st_st4, st_st7, st_st19, st_st15, st_st6, st_st18, st_st1, st_10, st_st9, st_st17, st_st3, st_st20, st_st14, st_st5, st_st10, st_st13, st_st12, st_st2, st_st11, st_st8, st_st16,  
ASSIGN, 22, 405122, 396579, 133987, 335394, 855840, 461154, 397090, 3018496, 528163, 465696, 396454, 142130, 918307, 330531, 69418, 853794, 268067, 331426, 460577, 2492963, 985888,  
Sat, 21, st_st4, st_st7, st_st19, st_st15, st_st6, st_st18, st_st1, st_10, st_st9, st_st17, st_st3, st_st20, st_st14, st_st5, st_st10, st_st13, st_st12, st_st2, st_st11, st_st8, st_st16,  
ASSIGN, 21, 334118, 1116978, 1182499, 1253670, 600358, 1059626, 1116966, 893220, 77604, 1386786, 1378358, 1051239, 80646, 207650, 199974, 598822, 1123234, 854818, 592802, 1248048, 76454,  
Sat, 20, st_st4, st_st7, st_st19, st_st15, st_st6, st_st18, st_st1, st_10, st_st9, st_st17, st_st3, st_st20, st_st14, st_st5, st_st10, st_st13, st_st12, st_st2, st_st11, st_st8, st_st16,  
ASSIGN, 20, 32991, 272842, 41692, 271694, 266702, 172126, 303310, 267736, 295388, 794718, 264414, 319580, 393438, 8670, 13518, 328142, 42442, 786654, 295386, 270582, 336090,  
Sat, 19, st_st4, st_st7, st_st19, st_st15, st_st6, st_st18, st_st1, st_10, st_st9, st_st17, st_st3, st_st20, st_st14, st_st5, st_st10, st_st13, st_st12, st_st2, st_st11, st_st8, st_st16,  
ASSIGN, 19, 199180, 328206, 10326, 854, 330258, 106580, 68180, 330497, 67638, 196948, 66108, 4694, 630, 327766, 66131, 66198, 262748, 328220, 66138, 114772, 66119,  
Sat, 18, st_st4, st_st7, st_st19, st_st15, st_st6, st_st18, st_st1, st_10, st_st9, st_st17, st_st3, st_st20, st_st14, st_st5, st_st10, st_st13, st_st12, st_st2, st_st11, st_st8, st_st16,  
ASSIGN, 18, 586, 4626, 131139, 196613, 65550, 8770, 197122, 12300, 65571, 73731, 131154, 149506, 66084, 519, 139270, 131617, 135174, 131596, 131091, 139267, 66065,  
Sat, 17, st_st4, st_st7, st_st19, st_st15, st_st6, st_st18, st_st1, st_10, st_st9, st_st17, st_st3, st_st20, st_st14, st_st5, st_st10, st_st13, st_st12, st_st2, st_st11, st_st8, st_st16,  
ASSIGN, 17, 7472, 11872, 36176, 7376, 36144, 36034, 3552, 33075, 52384, 7490, 19568, 40224, 34528, 40032, 11376, 7840, 14560, 40320, 7008, 68720, 69216,  
Sat, 16, st_st4, st_st7, st_st19, st_st15, st_st6, st_st18, st_st1, st_10, st_st9, st_st17, st_st3, st_st20, st_st14, st_st5, st_st10, st_st13, st_st12, st_st2, st_st11, st_st8, st_st16,  
ASSIGN, 16, 63042, 52267, 33403, 36472, 34643, 49719, 50802, 33778, 34531, 52788, 52810, 9850, 40546, 36403, 36438, 35570, 51770, 38499, 51811, 46642, 37491,  
Sat, 15, st_st4, st_st7, st_st19, st_st15, st_st6, st_st18, st_st1, st_10, st_st9, st_st17, st_st3, st_st20, st_st14, st_st5, st_st10, st_st13, st_st12, st_st2, st_st11, st_st8, st_st16,  
ASSIGN, 15, 16397, 21506, 585, 525, 1065, 16460, 16936, 17544, 24609, 586, 16902, 17480, 17442, 16395, 16421, 17921, 17420, 8713, 1546, 17026, 547,  
Sat, 14, st_st4, st_st7, st_st19, st_st15, st_st6, st_st18, st_st1, st_10, st_st9, st_st17, st_st3, st_st20, st_st14, st_st5, st_st10, st_st13, st_st12, st_st2, st_st11, st_st8, st_st16,  
ASSIGN, 14, 4372, 4140, 2185, 204, 1300, 394, 389, 3152, 294, 15, 332, 29, 2055, 2316, 3204, 45, 1037, 2196, 142, 77, 267,  
Sat, 13, st_st4, st_st7, st_st19, st_st15, st_st6, st_st18, st_st1, st_10, st_st9, st_st17, st_st3, st_st20, st_st14, st_st5, st_st10, st_st13, st_st12, st_st2, st_st11, st_st8, st_st16,  
ASSIGN, 13, 6448, 3632, 6406, 3340, 309, 6920, 4396, 4150, 2345, 6405, 4660, 4884, 1317, 2852, 2093, 7456, 2360, 2108, 3116, 781, 6181,  
Sat, 12, st_st4, st_st7, st_st19, st_st15, st_st6, st_st18, st_st1, st_10, st_st9, st_st17, st_st3, st_st20, st_st14, st_st5, st_st10, st_st13, st_st12, st_st2, st_st11, st_st8, st_st16,  
ASSIGN, 12, 746, 3552, 3395, 2387, 497, 1139, 2275, 486, 2501, 2673, 489, 2418, 2481, 3281, 1475, 3425, 3009, 2296, 1761, 3459, 3241,  
Sat, 11, st_st4, st_st7, st_st19, st_st15, st_st6, st_st18, st_st1, st_10, st_st9, st_st17, st_st3, st_st20, st_st14, st_st5, st_st10, st_st13, st_st12, st_st2, st_st11, st_st8, st_st16,  
ASSIGN, 11, 1618, 426, 233, 155, 203, 369, 242, 1480, 236, 1233, 618, 440, 121, 472, 721, 1208, 1226, 339, 1504, 602, 433,  
Sat, 10, st_st4, st_st7, st_st19, st_st15, st_st6, st_st18, st_st1, st_10, st_st9, st_st17, st_st3, st_st20, st_st14, st_st5, st_st10, st_st13, st_st12, st_st2, st_st11, st_st8, st_st16,  
ASSIGN, 10, 149, 526, 325, 402, 960, 900, 417, 356, 394, 657, 139, 705, 674, 771, 195, 294, 904, 390, 269, 649, 43,  
Sat, 9, st_st4, st_st7, st_st19, st_st15, st_st6, st_st18, st_st1, st_10, st_st9, st_st17, st_st3, st_st20, st_st14, st_st5, st_st10, st_st13, st_st12, st_st2, st_st11, st_st8, st_st16,  
ASSIGN, 9, 480, 278, 240, 139, 71, 169, 204, 353, 340, 449, 389, 85, 101, 149, 225, 89, 166, 116, 60, 210, 86,  
Sat, 8, st_st4, st_st7, st_st19, st_st15, st_st6, st_st18, st_st1, st_10, st_st9, st_st17, st_st3, st_st20, st_st14, st_st5, st_st10, st_st13, st_st12, st_st2, st_st11, st_st8, st_st16,  
ASSIGN, 8, 216, 108, 85, 99, 89, 57, 147, 60, 53, 201, 226, 225, 169, 240, 58, 166, 198, 86, 156, 54, 197,  
NotSat, 7,  
