Sat, 35, st_st28, st_st19, st_st7, st_st15, st_st23, st_st9, st_st3, st_st31, st_st22, st_st5, st_st21, st_st10, st_st0, st_st26, st_st27, st_st11, st_st16, st_st4, st_st29, st_st30, st_st25, st_st6, st_st18, st_st24, st_st1, st_st17, st_st20, st_st14, st_st13, st_st12, st_st2, st_st8,  
ASSIGN, 35, 12878384943, 16373287295, 12077273069, 12076419966, 12077305723, 12345708270, 12073078527, 12077256559, 12077830015, 12076224383, 12075503615, 12068900671, 12073095037, 12079368687, 12073078767, 12345675583, 16371321723, 12073095102, 16368045935, 33480789871, 3489435007, 11270918141, 16360705919, 29257141627, 12072308735, 16373288819, 16370928639, 12029234046, 12078386046, 12075966447, 12073094654, 11003531007,  
Sat, 34, st_st28, st_st19, st_st7, st_st15, st_st23, st_st9, st_st3, st_st31, st_st22, st_st5, st_st21, st_st10, st_st0, st_st26, st_st27, st_st11, st_st16, st_st4, st_st29, st_st30, st_st25, st_st6, st_st18, st_st24, st_st1, st_st17, st_st20, st_st14, st_st13, st_st12, st_st2, st_st8,  
ASSIGN, 34, 16944922175, 4294770491, 12645826367, 4093640503, 17028677183, 12782071805, 16961568575, 12683575055, 12750552635, 12683378495, 12750552847, 14814215999, 4076863295, 12851280959, 12650020159, 10536025982, 4143972143, 16961764415, 16944791479, 16978345775, 12683574335, 11593056063, 4294967051, 8371830335, 16960978751, 4160618299, 12884696863, 10603196215, 12750483319, 12779847551, 16156458815, 12782075711,  
Sat, 33, st_st28, st_st19, st_st7, st_st15, st_st23, st_st9, st_st3, st_st31, st_st22, st_st5, st_st21, st_st10, st_st0, st_st26, st_st27, st_st11, st_st16, st_st4, st_st29, st_st30, st_st25, st_st6, st_st18, st_st24, st_st1, st_st17, st_st20, st_st14, st_st13, st_st12, st_st2, st_st8,  
ASSIGN, 33, 4629485142, 4759631436, 4826625572, 4825822996, 4793251588, 531638093, 4792082244, 5900351264, 4726142492, 4826609476, 4759696964, 4826675972, 4826619652, 4829755216, 4629477204, 5363545856, 4826994448, 5865758484, 4759508806, 4826617636, 4428150612, 4809848708, 4763694916, 4663162644, 4825571152, 4759762768, 4759631427, 4825823168, 4826608577, 4826608868, 4825599812, 4826605356,  
Sat, 32, st_st28, st_st19, st_st7, st_st15, st_st23, st_st9, st_st3, st_st31, st_st22, st_st5, st_st21, st_st10, st_st0, st_st26, st_st27, st_st11, st_st16, st_st4, st_st29, st_st30, st_st25, st_st6, st_st18, st_st24, st_st1, st_st17, st_st20, st_st14, st_st13, st_st12, st_st2, st_st8,  
ASSIGN, 32, 3389629480, 1225491601, 1246667904, 168486019, 3389238273, 1230668992, 1309451840, 1280025728, 1242213441, 1242276993, 1242212513, 1250616448, 1309320832, 3406341256, 2315887753, 1221305472, 1241572515, 504145536, 3398149120, 3360662528, 3389568129, 1242211468, 1241744593, 3389174849, 1309451424, 1241638081, 1258988673, 1208738819, 1242285121, 1225696385, 1308796065, 1229628545,  
Sat, 31, st_st28, st_st19, st_st7, st_st15, st_st23, st_st9, st_st3, st_st31, st_st22, st_st5, st_st21, st_st10, st_st0, st_st26, st_st27, st_st11, st_st16, st_st4, st_st29, st_st30, st_st25, st_st6, st_st18, st_st24, st_st1, st_st17, st_st20, st_st14, st_st13, st_st12, st_st2, st_st8,  
ASSIGN, 31, 800257926, 264798070, 264372166, 231342004, 399568822, 133234138, 212008935, 264306643, 391167927, 264306614, 398639030, 65077238, 262209510, 267452242, 267452294, 332464054, 244055988, 262340391, 263255990, 260112311, 259063730, 264306535, 264797623, 267448230, 765525927, 243859383, 130219894, 264888241, 130670518, 264503078, 799080238, 264306142,  
Sat, 30, st_st28, st_st19, st_st7, st_st15, st_st23, st_st9, st_st3, st_st31, st_st22, st_st5, st_st21, st_st10, st_st0, st_st26, st_st27, st_st11, st_st16, st_st4, st_st29, st_st30, st_st25, st_st6, st_st18, st_st24, st_st1, st_st17, st_st20, st_st14, st_st13, st_st12, st_st2, st_st8,  
ASSIGN, 30, 355097904, 358776065, 69401905, 295853424, 338304369, 78708001, 77847601, 606231861, 69893233, 354573617, 84573489, 88235377, 81943857, 352931681, 355032353, 889343345, 296385856, 75718449, 352476474, 620911926, 354443105, 354608433, 362962193, 355077985, 79920177, 363486496, 486702369, 296508720, 362896688, 69623153, 212032561, 78798129,  
Sat, 29, st_st28, st_st19, st_st7, st_st15, st_st23, st_st9, st_st3, st_st31, st_st22, st_st5, st_st21, st_st10, st_st0, st_st26, st_st27, st_st11, st_st16, st_st4, st_st29, st_st30, st_st25, st_st6, st_st18, st_st24, st_st1, st_st17, st_st20, st_st14, st_st13, st_st12, st_st2, st_st8,  
ASSIGN, 29, 151682803, 170587884, 139654908, 205186804, 210499276, 139130835, 146929404, 202503932, 168818380, 202045180, 235599820, 214627956, 214103740, 204109564, 134905598, 202047094, 204732132, 281278140, 151680765, 151123709, 201815804, 207287028, 187758316, 201979644, 482473148, 205059820, 120256204, 205190888, 235599594, 135853822, 214038201, 139130868,  
Sat, 28, st_st28, st_st19, st_st7, st_st15, st_st23, st_st9, st_st3, st_st31, st_st22, st_st5, st_st21, st_st10, st_st0, st_st26, st_st27, st_st11, st_st16, st_st4, st_st29, st_st30, st_st25, st_st6, st_st18, st_st24, st_st1, st_st17, st_st20, st_st14, st_st13, st_st12, st_st2, st_st8,  
ASSIGN, 28, 184795927, 252168964, 255101702, 188189441, 254970704, 260737804, 255238466, 255232832, 259165056, 255036164, 259099456, 263490308, 255238916, 262327056, 186895124, 263359264, 204966659, 259432720, 254001940, 255050560, 254991104, 252874502, 202361612, 254958160, 255766784, 204966668, 258444032, 242715392, 250710788, 255232268, 255251200, 263228172,  
Sat, 27, st_st28, st_st19, st_st7, st_st15, st_st23, st_st9, st_st3, st_st31, st_st22, st_st5, st_st21, st_st10, st_st0, st_st26, st_st27, st_st11, st_st16, st_st4, st_st29, st_st30, st_st25, st_st6, st_st18, st_st24, st_st1, st_st17, st_st20, st_st14, st_st13, st_st12, st_st2, st_st8,  
ASSIGN, 27, 19706160, 17676300, 26130496, 702666, 84785160, 29599936, 92878858, 86816832, 84750440, 17610952, 84703304, 17676298, 25966666, 19462336, 19708000, 637130, 5814346, 25705226, 19708224, 86913344, 17348805, 21805121, 17348638, 84457485, 25246282, 571610, 17725452, 8501450, 25213129, 17799360, 25229386, 29669568,  
Sat, 26, st_st28, st_st19, st_st7, st_st15, st_st23, st_st9, st_st3, st_st31, st_st22, st_st5, st_st21, st_st10, st_st0, st_st26, st_st27, st_st11, st_st16, st_st4, st_st29, st_st30, st_st25, st_st6, st_st18, st_st24, st_st1, st_st17, st_st20, st_st14, st_st13, st_st12, st_st2, st_st8,  
ASSIGN, 26, 24118455, 15926791, 14878309, 11764814, 7540262, 13861221, 15867965, 32573028, 15863558, 15926374, 15934982, 15925372, 15860853, 7538034, 24249462, 14876783, 7570518, 16254013, 32506983, 28313198, 5441382, 15927908, 15926884, 4656934, 15926332, 7538290, 15806983, 11748429, 15926377, 15811685, 7537719, 11764837,  
Sat, 25, st_st28, st_st19, st_st7, st_st15, st_st23, st_st9, st_st3, st_st31, st_st22, st_st5, st_st21, st_st10, st_st0, st_st26, st_st27, st_st11, st_st16, st_st4, st_st29, st_st30, st_st25, st_st6, st_st18, st_st24, st_st1, st_st17, st_st20, st_st14, st_st13, st_st12, st_st2, st_st8,  
ASSIGN, 25, 9773202, 3539139, 3608736, 3539617, 11731217, 1984672, 2576513, 3494017, 1246097, 3604625, 1769619, 19335185, 2558113, 13705745, 9904145, 20187281, 2556549, 3098752, 9765265, 1394049, 15794321, 3342499, 2491078, 11599929, 2562178, 2556562, 4063378, 19071649, 2560641, 3653760, 19351680, 4063408,  
Sat, 24, st_st28, st_st19, st_st7, st_st15, st_st23, st_st9, st_st3, st_st31, st_st22, st_st5, st_st21, st_st10, st_st0, st_st26, st_st27, st_st11, st_st16, st_st4, st_st29, st_st30, st_st25, st_st6, st_st18, st_st24, st_st1, st_st17, st_st20, st_st14, st_st13, st_st12, st_st2, st_st8,  
ASSIGN, 24, 13943558, 16008206, 3424830, 4080654, 3498764, 1201934, 2426399, 7619150, 16016136, 3426062, 16008964, 3492366, 2442014, 14762796, 16007948, 3621644, 1991182, 2184734, 15991566, 7684876, 2180910, 3564046, 10766094, 3475244, 83743, 935694, 13910798, 3753038, 3752718, 1328046, 3228431, 1066814,  
Sat, 23, st_st28, st_st19, st_st7, st_st15, st_st23, st_st9, st_st3, st_st31, st_st22, st_st5, st_st21, st_st10, st_st0, st_st26, st_st27, st_st11, st_st16, st_st4, st_st29, st_st30, st_st25, st_st6, st_st18, st_st24, st_st1, st_st17, st_st20, st_st14, st_st13, st_st12, st_st2, st_st8,  
ASSIGN, 23, 1245016, 4389498, 163826, 6482778, 4341746, 4337471, 3554899, 4226810, 4222970, 4357978, 4419194, 6455090, 2522962, 450409, 4644696, 7372626, 7531610, 3636754, 1211739, 163322, 163705, 155611, 195066, 32755, 3563283, 5437786, 1305210, 6434654, 6454366, 4341752, 2293523, 4337658,  
Sat, 22, st_st28, st_st19, st_st7, st_st15, st_st23, st_st9, st_st3, st_st31, st_st22, st_st5, st_st21, st_st10, st_st0, st_st26, st_st27, st_st11, st_st16, st_st4, st_st29, st_st30, st_st25, st_st6, st_st18, st_st24, st_st1, st_st17, st_st20, st_st14, st_st13, st_st12, st_st2, st_st8,  
ASSIGN, 22, 3155423, 2437598, 3945559, 3998047, 3748127, 2898780, 3941109, 3977555, 3813726, 3944798, 4063583, 3944878, 3944694, 4006110, 3224030, 4141326, 4002909, 4006518, 3941719, 832855, 3989598, 3159391, 4010450, 4005983, 3949302, 4010329, 3608926, 3940671, 3945743, 3945940, 3933686, 3946589,  
Sat, 21, st_st28, st_st19, st_st7, st_st15, st_st23, st_st9, st_st3, st_st31, st_st22, st_st5, st_st21, st_st10, st_st0, st_st26, st_st27, st_st11, st_st16, st_st4, st_st29, st_st30, st_st25, st_st6, st_st18, st_st24, st_st1, st_st17, st_st20, st_st14, st_st13, st_st12, st_st2, st_st8,  
ASSIGN, 21, 1044534, 2070277, 979719, 2080260, 2064951, 1560727, 834079, 2007823, 2084915, 2077191, 2085387, 1882639, 897807, 1538063, 1568791, 964111, 2077228, 389663, 2027543, 1897223, 2060814, 1028391, 2055940, 2077206, 113439, 2094596, 2003727, 2095140, 2076837, 1045027, 1176335, 1569031,  
Sat, 20, st_st28, st_st19, st_st7, st_st15, st_st23, st_st9, st_st3, st_st31, st_st22, st_st5, st_st21, st_st10, st_st0, st_st26, st_st27, st_st11, st_st16, st_st4, st_st29, st_st30, st_st25, st_st6, st_st18, st_st24, st_st1, st_st17, st_st20, st_st14, st_st13, st_st12, st_st2, st_st8,  
ASSIGN, 20, 967128, 761950, 974878, 770842, 1024600, 820186, 508007, 958810, 766041, 1032282, 774227, 902174, 1032246, 681051, 704859, 901199, 762458, 1032711, 835931, 1016139, 708699, 968762, 770079, 1036376, 509478, 705115, 258134, 773146, 1002584, 966876, 520230, 836190,  
Sat, 19, st_st28, st_st19, st_st7, st_st15, st_st23, st_st9, st_st3, st_st31, st_st22, st_st5, st_st21, st_st10, st_st0, st_st26, st_st27, st_st11, st_st16, st_st4, st_st29, st_st30, st_st25, st_st6, st_st18, st_st24, st_st1, st_st17, st_st20, st_st14, st_st13, st_st12, st_st2, st_st8,  
ASSIGN, 19, 308523, 471119, 405990, 62798, 307407, 426895, 420966, 401775, 405966, 438606, 471371, 403822, 440422, 45471, 46415, 303471, 46894, 469095, 434479, 426478, 176350, 438886, 439371, 241807, 404326, 439594, 483599, 194316, 242446, 487750, 416358, 439174,  
Sat, 18, st_st28, st_st19, st_st7, st_st15, st_st23, st_st9, st_st3, st_st31, st_st22, st_st5, st_st21, st_st10, st_st0, st_st26, st_st27, st_st11, st_st16, st_st4, st_st29, st_st30, st_st25, st_st6, st_st18, st_st24, st_st1, st_st17, st_st20, st_st14, st_st13, st_st12, st_st2, st_st8,  
ASSIGN, 18, 35574, 24488, 55992, 146076, 39485, 119837, 236768, 40626, 7996, 7868, 24460, 72765, 105656, 2783, 19134, 7327, 137901, 232664, 3829, 38581, 4862, 72632, 36780, 6271, 249008, 23468, 163208, 141725, 11933, 52908, 101617, 54460,  
Sat, 17, st_st28, st_st19, st_st7, st_st15, st_st23, st_st9, st_st3, st_st31, st_st22, st_st5, st_st21, st_st10, st_st0, st_st26, st_st27, st_st11, st_st16, st_st4, st_st29, st_st30, st_st25, st_st6, st_st18, st_st24, st_st1, st_st17, st_st20, st_st14, st_st13, st_st12, st_st2, st_st8,  
ASSIGN, 17, 103202, 74154, 67252, 78386, 71858, 76481, 8948, 6064, 70324, 66482, 949, 84656, 78512, 34571, 34722, 82800, 9018, 74660, 4915, 38193, 34706, 1778, 13224, 67250, 9137, 3000, 8633, 107057, 74403, 1462, 4787, 76464,  
Sat, 16, st_st28, st_st19, st_st7, st_st15, st_st23, st_st9, st_st3, st_st31, st_st22, st_st5, st_st21, st_st10, st_st0, st_st26, st_st27, st_st11, st_st16, st_st4, st_st29, st_st30, st_st25, st_st6, st_st18, st_st24, st_st1, st_st17, st_st20, st_st14, st_st13, st_st12, st_st2, st_st8,  
ASSIGN, 16, 65529, 63999, 65399, 61435, 48639, 49147, 65271, 62975, 65467, 65277, 65022, 49150, 57339, 65263, 61407, 65515, 65343, 64447, 64510, 65463, 24575, 64507, 65530, 65469, 63485, 63479, 53247, 57342, 62463, 65470, 45055, 61438,  
Sat, 15, st_st28, st_st19, st_st7, st_st15, st_st23, st_st9, st_st3, st_st31, st_st22, st_st5, st_st21, st_st10, st_st0, st_st26, st_st27, st_st11, st_st16, st_st4, st_st29, st_st30, st_st25, st_st6, st_st18, st_st24, st_st1, st_st17, st_st20, st_st14, st_st13, st_st12, st_st2, st_st8,  
ASSIGN, 15, 8344, 25216, 17568, 2194, 3360, 804, 17280, 3168, 3588, 11392, 26112, 10336, 8864, 1045, 9264, 2242, 2241, 8577, 8325, 8292, 3344, 1680, 8329, 1283, 24720, 10243, 16899, 8340, 8896, 1172, 16552, 3616,  
Sat, 14, st_st28, st_st19, st_st7, st_st15, st_st23, st_st9, st_st3, st_st31, st_st22, st_st5, st_st21, st_st10, st_st0, st_st26, st_st27, st_st11, st_st16, st_st4, st_st29, st_st30, st_st25, st_st6, st_st18, st_st24, st_st1, st_st17, st_st20, st_st14, st_st13, st_st12, st_st2, st_st8,  
ASSIGN, 14, 1576, 78, 2074, 4248, 8769, 7176, 4241, 523, 8388, 600, 8296, 337, 531, 537, 1556, 579, 13328, 673, 2608, 610, 8752, 6224, 1091, 533, 139, 1136, 556, 680, 4620, 2121, 898, 10312,  
Sat, 13, st_st28, st_st19, st_st7, st_st15, st_st23, st_st9, st_st3, st_st31, st_st22, st_st5, st_st21, st_st10, st_st0, st_st26, st_st27, st_st11, st_st16, st_st4, st_st29, st_st30, st_st25, st_st6, st_st18, st_st24, st_st1, st_st17, st_st20, st_st14, st_st13, st_st12, st_st2, st_st8,  
ASSIGN, 13, 3201, 1073, 4362, 5160, 1091, 1539, 2640, 786, 771, 5138, 1808, 4628, 538, 2055, 1035, 6161, 1112, 706, 3082, 2067, 2130, 6168, 1556, 4115, 6658, 4180, 1232, 4196, 4124, 1283, 4625, 5129,  
Sat, 12, st_st28, st_st19, st_st7, st_st15, st_st23, st_st9, st_st3, st_st31, st_st22, st_st5, st_st21, st_st10, st_st0, st_st26, st_st27, st_st11, st_st16, st_st4, st_st29, st_st30, st_st25, st_st6, st_st18, st_st24, st_st1, st_st17, st_st20, st_st14, st_st13, st_st12, st_st2, st_st8,  
ASSIGN, 12, 2782, 3766, 2491, 3694, 3315, 3287, 2003, 3867, 2554, 3135, 3422, 1391, 1275, 3539, 1247, 2430, 3855, 1502, 3291, 4056, 3293, 255, 3446, 3449, 1743, 3687, 3863, 3982, 3485, 3891, 3795, 3322,  
Sat, 11, st_st28, st_st19, st_st7, st_st15, st_st23, st_st9, st_st3, st_st31, st_st22, st_st5, st_st21, st_st10, st_st0, st_st26, st_st27, st_st11, st_st16, st_st4, st_st29, st_st30, st_st25, st_st6, st_st18, st_st24, st_st1, st_st17, st_st20, st_st14, st_st13, st_st12, st_st2, st_st8,  
ASSIGN, 11, 587, 1113, 1700, 157, 809, 789, 94, 1180, 409, 1549, 271, 1832, 620, 1114, 93, 805, 1196, 1101, 604, 286, 1109, 1193, 1173, 625, 1140, 1417, 59, 206, 333, 1798, 566, 1317,  
Sat, 10, st_st28, st_st19, st_st7, st_st15, st_st23, st_st9, st_st3, st_st31, st_st22, st_st5, st_st21, st_st10, st_st0, st_st26, st_st27, st_st11, st_st16, st_st4, st_st29, st_st30, st_st25, st_st6, st_st18, st_st24, st_st1, st_st17, st_st20, st_st14, st_st13, st_st12, st_st2, st_st8,  
ASSIGN, 10, 394, 643, 360, 282, 312, 90, 792, 226, 113, 291, 531, 833, 553, 616, 674, 816, 75, 897, 449, 579, 523, 778, 802, 106, 424, 326, 550, 78, 23, 554, 664, 610,  
Sat, 9, st_st28, st_st19, st_st7, st_st15, st_st23, st_st9, st_st3, st_st31, st_st22, st_st5, st_st21, st_st10, st_st0, st_st26, st_st27, st_st11, st_st16, st_st4, st_st29, st_st30, st_st25, st_st6, st_st18, st_st24, st_st1, st_st17, st_st20, st_st14, st_st13, st_st12, st_st2, st_st8,  
ASSIGN, 9, 321, 35, 134, 69, 416, 289, 21, 392, 273, 44, 352, 280, 11, 268, 290, 262, 41, 70, 25, 133, 74, 324, 137, 208, 88, 7, 386, 38, 276, 50, 296, 224,  
Sat, 8, st_st28, st_st19, st_st7, st_st15, st_st23, st_st9, st_st3, st_st31, st_st22, st_st5, st_st21, st_st10, st_st0, st_st26, st_st27, st_st11, st_st16, st_st4, st_st29, st_st30, st_st25, st_st6, st_st18, st_st24, st_st1, st_st17, st_st20, st_st14, st_st13, st_st12, st_st2, st_st8,  
ASSIGN, 8, 184, 197, 83, 204, 216, 27, 23, 78, 58, 150, 240, 102, 92, 60, 141, 163, 120, 75, 29, 101, 177, 53, 116, 114, 46, 209, 166, 45, 51, 15, 71, 202,  
Sat, 7, st_st28, st_st19, st_st7, st_st15, st_st23, st_st9, st_st3, st_st31, st_st22, st_st5, st_st21, st_st10, st_st0, st_st26, st_st27, st_st11, st_st16, st_st4, st_st29, st_st30, st_st25, st_st6, st_st18, st_st24, st_st1, st_st17, st_st20, st_st14, st_st13, st_st12, st_st2, st_st8,  
ASSIGN, 7, 29, 60, 120, 75, 30, 78, 99, 83, 106, 102, 92, 105, 53, 71, 113, 58, 46, 108, 90, 57, 51, 43, 27, 116, 89, 77, 101, 114, 23, 85, 15, 45,  
NotSat, 6,  
