Sat, 34, st_st4, st_st7, st_st15, st_st6, st_st1, st_st9, st_st3, st_st14, st_st10, st_st5, st_st13, st_st12, st_st0, st_st2, st_st11, st_st8,  
ASSIGN, 34, 3494113105, 3497127697, 7784877907, 3504566033, 3779293009, 3640913489, 3645075280, 7789602385, 3497225041, 4027837265, 3511218001, 3508760401, 3507711825, 3495128914, 3497258753, 3243503185,  
Sat, 33, st_st4, st_st7, st_st15, st_st6, st_st1, st_st9, st_st3, st_st14, st_st10, st_st5, st_st13, st_st12, st_st0, st_st2, st_st11, st_st8,  
ASSIGN, 33, 8335172844, 4073989356, 5667726572, 8385471720, 4074808556, 7278216428, 2983242988, 5952808684, 4040174829, 4041254125, 8335254628, 4073858284, 4039177452, 4031823084, 8335140047, 3100697836,  
Sat, 32, st_st4, st_st7, st_st15, st_st6, st_st1, st_st9, st_st3, st_st14, st_st10, st_st5, st_st13, st_st12, st_st0, st_st2, st_st11, st_st8,  
ASSIGN, 32, 2207910944, 2189036576, 2207385890, 2161806368, 2184875040, 2308443170, 2157579362, 2208172096, 2193230864, 2208959490, 3264744482, 2325384192, 2157628448, 2159676456, 2743733264, 2358905888,  
Sat, 31, st_st4, st_st7, st_st15, st_st6, st_st1, st_st9, st_st3, st_st14, st_st10, st_st5, st_st13, st_st12, st_st0, st_st2, st_st11, st_st8,  
ASSIGN, 31, 1492306592, 2029159073, 1492502688, 1488095921, 1492567584, 1223872384, 418434976, 1483918176, 1358087841, 1358089872, 1492181728, 1488111280, 1391642272, 485672608, 1358086826, 452120192,  
Sat, 30, st_st4, st_st7, st_st15, st_st6, st_st1, st_st9, st_st3, st_st14, st_st10, st_st5, st_st13, st_st12, st_st0, st_st2, st_st11, st_st8,  
ASSIGN, 30, 473850368, 389947904, 142500356, 289301008, 406611520, 355426816, 422470148, 1010200576, 440279808, 507257376, 473318928, 406726160, 438199808, 443441664, 406790657, 372139520,  
Sat, 29, st_st4, st_st7, st_st15, st_st6, st_st1, st_st9, st_st3, st_st14, st_st10, st_st5, st_st13, st_st12, st_st0, st_st2, st_st11, st_st8,  
ASSIGN, 29, 526065859, 526065833, 526062018, 526328008, 533406402, 525017294, 526065679, 526099074, 530260169, 521873857, 242950595, 534454480, 521085635, 520822991, 534454369, 521872074,  
Sat, 28, st_st4, st_st7, st_st15, st_st6, st_st1, st_st9, st_st3, st_st14, st_st10, st_st5, st_st13, st_st12, st_st0, st_st2, st_st11, st_st8,  
ASSIGN, 28, 85066082, 17891686, 18219346, 202375526, 135397746, 84022112, 218235490, 85114914, 152043882, 219153218, 85114976, 68157818, 159514978, 251658594, 84934766, 218300768,  
Sat, 27, st_st4, st_st7, st_st15, st_st6, st_st1, st_st9, st_st3, st_st14, st_st10, st_st5, st_st13, st_st12, st_st0, st_st2, st_st11, st_st8,  
ASSIGN, 27, 1305424, 1289810, 1306962, 1178194, 70445648, 2073424, 3910224, 1298368, 13871696, 9153360, 5303121, 5438032, 69454672, 7572304, 9694736, 1035088,  
Sat, 26, st_st4, st_st7, st_st15, st_st6, st_st1, st_st9, st_st3, st_st14, st_st10, st_st5, st_st13, st_st12, st_st0, st_st2, st_st11, st_st8,  
ASSIGN, 26, 15844482, 16040994, 6407331, 12043266, 15909954, 15811732, 13878404, 15782915, 14992518, 12960914, 15320704, 11715718, 49398848, 16106500, 15254722, 14795972,  
Sat, 25, st_st4, st_st7, st_st15, st_st6, st_st1, st_st9, st_st3, st_st14, st_st10, st_st5, st_st13, st_st12, st_st0, st_st2, st_st11, st_st8,  
ASSIGN, 25, 20445133, 20965085, 19265533, 20440957, 24637385, 19396511, 17823695, 20444861, 25159628, 20948943, 20381646, 24635309, 33028040, 20969418, 24638926, 31979405,  
Sat, 24, st_st4, st_st7, st_st15, st_st6, st_st1, st_st9, st_st3, st_st14, st_st10, st_st5, st_st13, st_st12, st_st0, st_st2, st_st11, st_st8,  
ASSIGN, 24, 454702, 193126, 516650, 258604, 324653, 421919, 413807, 1486891, 713262, 716878, 454757, 61999, 448044, 442990, 258602, 414782,  
Sat, 23, st_st4, st_st7, st_st15, st_st6, st_st1, st_st9, st_st3, st_st14, st_st10, st_st5, st_st13, st_st12, st_st0, st_st2, st_st11, st_st8,  
ASSIGN, 23, 7277834, 7291946, 7293250, 8324618, 8328202, 7290112, 8329474, 7147282, 7297034, 7291147, 7314440, 8342536, 7280654, 7018778, 7248906, 7223562,  
Sat, 22, st_st4, st_st7, st_st15, st_st6, st_st1, st_st9, st_st3, st_st14, st_st10, st_st5, st_st13, st_st12, st_st0, st_st2, st_st11, st_st8,  
ASSIGN, 22, 1884, 3196, 657176, 527956, 134236, 34381, 99868, 197212, 9844, 67428, 1367, 394836, 3661, 3644, 11092, 1867,  
Sat, 21, st_st4, st_st7, st_st15, st_st6, st_st1, st_st9, st_st3, st_st14, st_st10, st_st5, st_st13, st_st12, st_st0, st_st2, st_st11, st_st8,  
ASSIGN, 21, 217216, 149633, 82060, 723072, 197776, 246272, 231552, 149664, 155778, 29056, 151555, 197250, 230016, 253952, 1208320, 209408,  
Sat, 20, st_st4, st_st7, st_st15, st_st6, st_st1, st_st9, st_st3, st_st14, st_st10, st_st5, st_st13, st_st12, st_st0, st_st2, st_st11, st_st8,  
ASSIGN, 20, 131719, 397830, 394113, 4623, 262797, 136068, 656133, 787078, 394757, 266885, 132111, 262727, 397445, 917511, 1925, 4487,  
Sat, 19, st_st4, st_st7, st_st15, st_st6, st_st1, st_st9, st_st3, st_st14, st_st10, st_st5, st_st13, st_st12, st_st0, st_st2, st_st11, st_st8,  
ASSIGN, 19, 402184, 205352, 336138, 9001, 205065, 466953, 459304, 197448, 466954, 467460, 270862, 139562, 459273, 393754, 270603, 401925,  
Sat, 18, st_st4, st_st7, st_st15, st_st6, st_st1, st_st9, st_st3, st_st14, st_st10, st_st5, st_st13, st_st12, st_st0, st_st2, st_st11, st_st8,  
ASSIGN, 18, 9864, 1802, 8849, 149000, 38024, 10761, 11136, 651, 19976, 1578, 8334, 34314, 5000, 14856, 11777, 7688,  
Sat, 17, st_st4, st_st7, st_st15, st_st6, st_st1, st_st9, st_st3, st_st14, st_st10, st_st5, st_st13, st_st12, st_st0, st_st2, st_st11, st_st8,  
ASSIGN, 17, 74241, 73986, 76032, 771, 99840, 65555, 8722, 9760, 67074, 65795, 65547, 66336, 9730, 77826, 2563, 106498,  
Sat, 16, st_st4, st_st7, st_st15, st_st6, st_st1, st_st9, st_st3, st_st14, st_st10, st_st5, st_st13, st_st12, st_st0, st_st2, st_st11, st_st8,  
ASSIGN, 16, 564, 4868, 2070, 33568, 32852, 33304, 780, 547, 12308, 340, 774, 41008, 36912, 37380, 2324, 49172,  
Sat, 15, st_st4, st_st7, st_st15, st_st6, st_st1, st_st9, st_st3, st_st14, st_st10, st_st5, st_st13, st_st12, st_st0, st_st2, st_st11, st_st8,  
ASSIGN, 15, 2115, 643, 387, 16643, 89, 6464, 2321, 139, 6273, 2577, 585, 20545, 10320, 4177, 147, 10498,  
Sat, 14, st_st4, st_st7, st_st15, st_st6, st_st1, st_st9, st_st3, st_st14, st_st10, st_st5, st_st13, st_st12, st_st0, st_st2, st_st11, st_st8,  
ASSIGN, 14, 201, 408, 706, 177, 172, 149, 708, 2313, 4264, 240, 353, 226, 43, 108, 396, 71,  
Sat, 13, st_st4, st_st7, st_st15, st_st6, st_st1, st_st9, st_st3, st_st14, st_st10, st_st5, st_st13, st_st12, st_st0, st_st2, st_st11, st_st8,  
ASSIGN, 13, 912, 531, 712, 5648, 673, 4744, 4304, 643, 3600, 537, 2193, 593, 650, 2194, 5264, 840,  
Sat, 12, st_st4, st_st7, st_st15, st_st6, st_st1, st_st9, st_st3, st_st14, st_st10, st_st5, st_st13, st_st12, st_st0, st_st2, st_st11, st_st8,  
ASSIGN, 12, 4044, 2812, 1020, 2990, 1886, 2895, 4035, 3886, 3817, 3033, 3501, 1774, 1006, 3946, 1005, 3045,  
Sat, 11, st_st4, st_st7, st_st15, st_st6, st_st1, st_st9, st_st3, st_st14, st_st10, st_st5, st_st13, st_st12, st_st0, st_st2, st_st11, st_st8,  
ASSIGN, 11, 987, 1823, 1275, 951, 1631, 1997, 2006, 2040, 879, 1879, 1515, 1991, 703, 1935, 255, 893,  
Sat, 10, st_st4, st_st7, st_st15, st_st6, st_st1, st_st9, st_st3, st_st14, st_st10, st_st5, st_st13, st_st12, st_st0, st_st2, st_st11, st_st8,  
ASSIGN, 10, 21, 592, 274, 641, 521, 560, 44, 259, 196, 548, 208, 321, 784, 176, 524, 515,  
Sat, 9, st_st4, st_st7, st_st15, st_st6, st_st1, st_st9, st_st3, st_st14, st_st10, st_st5, st_st13, st_st12, st_st0, st_st2, st_st11, st_st8,  
ASSIGN, 9, 107, 217, 313, 61, 339, 31, 174, 248, 451, 334, 93, 155, 94, 358, 229, 302,  
Sat, 8, st_st4, st_st7, st_st15, st_st6, st_st1, st_st9, st_st3, st_st14, st_st10, st_st5, st_st13, st_st12, st_st0, st_st2, st_st11, st_st8,  
ASSIGN, 8, 88, 196, 42, 67, 145, 50, 21, 148, 137, 19, 11, 224, 41, 176, 194, 100,  
Sat, 7, st_st4, st_st7, st_st15, st_st6, st_st1, st_st9, st_st3, st_st14, st_st10, st_st5, st_st13, st_st12, st_st0, st_st2, st_st11, st_st8,  
ASSIGN, 7, 13, 26, 19, 35, 104, 100, 22, 42, 70, 81, 84, 52, 67, 88, 97, 49,  
NotSat, 6,  
