Sat, 35, st_st28, st_st7, st_st19, st_st15, st_st9, st_st23, st_st3, st_st26, st_st22, st_st10, st_st5, st_st21, st_st0, st_st27, st_st11, st_st16, st_st4, st_st29, st_st25, st_st6, st_st18, st_st24, st_st1, st_st17, st_st20, st_st14, st_st13, st_st12, st_st2, st_st8,  
ASSIGN, 35, 11781939620, 9641795748, 3214017704, 9639953572, 9642852772, 1050018724, 11787248000, 3192259492, 9631564212, 9643098532, 9641853313, 7492207016, 11787174308, 11781931492, 11777999270, 3197240486, 1051926916, 9639567781, 9501540836, 1051853221, 3213951400, 922091940, 9631367589, 3197239722, 4807852459, 9645981860, 11788223140, 11777999780, 9639698821, 9638715812,  
Sat, 34, st_st28, st_st7, st_st19, st_st15, st_st9, st_st23, st_st3, st_st26, st_st22, st_st10, st_st5, st_st21, st_st0, st_st27, st_st11, st_st16, st_st4, st_st29, st_st25, st_st6, st_st18, st_st24, st_st1, st_st17, st_st20, st_st14, st_st13, st_st12, st_st2, st_st8,  
ASSIGN, 34, 2504343440, 3558948784, 2621548472, 3489783736, 2470526896, 3510706104, 356859824, 3238215608, 3490791352, 2433040312, 2554675120, 2621454265, 2487304120, 2499952568, 3573627832, 2483154872, 365706928, 3561176752, 3489808316, 2488090288, 11077269176, 3506646968, 3024371632, 2487330745, 2420209593, 4026613688, 7314948016, 3573628848, 3036757936, 2621521840,  
Sat, 33, st_st28, st_st7, st_st19, st_st15, st_st9, st_st23, st_st3, st_st26, st_st22, st_st10, st_st5, st_st21, st_st0, st_st27, st_st11, st_st16, st_st4, st_st29, st_st25, st_st6, st_st18, st_st24, st_st1, st_st17, st_st20, st_st14, st_st13, st_st12, st_st2, st_st8,  
ASSIGN, 33, 839874039, 588211711, 990868980, 1243444727, 655320567, 1766815218, 5940131319, 1699706099, 1746892278, 1615820279, 1980708342, 655324668, 1661957622, 1699706356, 1716418038, 1510962678, 6007006711, 571471351, 1767863792, 1712272887, 2534372852, 1769944306, 1730098676, 1427076598, 89093630, 1226798582, 1263236598, 1783592436, 589247991, 1661941239,  
Sat, 32, st_st28, st_st7, st_st19, st_st15, st_st9, st_st23, st_st3, st_st26, st_st22, st_st10, st_st5, st_st21, st_st0, st_st27, st_st11, st_st16, st_st4, st_st29, st_st25, st_st6, st_st18, st_st24, st_st1, st_st17, st_st20, st_st14, st_st13, st_st12, st_st2, st_st8,  
ASSIGN, 32, 3978276775, 4245138935, 3303534511, 4231262095, 3979847607, 4248282031, 4278693806, 4231509927, 4248284943, 4248808327, 4253527975, 3441946543, 4247236519, 4232032165, 4247777158, 3693604783, 4247760558, 4245663669, 4230459311, 4248809125, 3844599727, 4231489455, 4246712227, 4247252781, 3962564399, 4265062279, 4281706407, 4248807207, 4278693811, 4246709687,  
Sat, 31, st_st28, st_st7, st_st19, st_st15, st_st9, st_st23, st_st3, st_st26, st_st22, st_st10, st_st5, st_st21, st_st0, st_st27, st_st11, st_st16, st_st4, st_st29, st_st25, st_st6, st_st18, st_st24, st_st1, st_st17, st_st20, st_st14, st_st13, st_st12, st_st2, st_st8,  
ASSIGN, 31, 244257563, 236657435, 153041675, 186528539, 236852123, 170636059, 169229087, 187396635, 152023835, 187634459, 169244191, 438188811, 169816859, 186340123, 185414459, 185809691, 1243036187, 504574747, 186553115, 236417563, 185809679, 185578266, 169300767, 437465887, 442118927, 169620347, 1260139291, 1259025179, 169810718, 238490395,  
Sat, 30, st_st28, st_st7, st_st19, st_st15, st_st9, st_st23, st_st3, st_st26, st_st22, st_st10, st_st5, st_st21, st_st0, st_st27, st_st11, st_st16, st_st4, st_st29, st_st25, st_st6, st_st18, st_st24, st_st1, st_st17, st_st20, st_st14, st_st13, st_st12, st_st2, st_st8,  
ASSIGN, 30, 277014093, 277016638, 344060460, 75690541, 276889101, 25424397, 545321533, 25227981, 8643373, 25354861, 545448621, 344650252, 277017133, 8581965, 310436461, 352383533, 813757197, 813887517, 12710669, 8581917, 281080620, 293720845, 8843917, 805368621, 277410573, 457261, 75561517, 25228077, 8581820, 277017103,  
Sat, 29, st_st28, st_st7, st_st19, st_st15, st_st9, st_st23, st_st3, st_st26, st_st22, st_st10, st_st5, st_st21, st_st0, st_st27, st_st11, st_st16, st_st4, st_st29, st_st25, st_st6, st_st18, st_st24, st_st1, st_st17, st_st20, st_st14, st_st13, st_st12, st_st2, st_st8,  
ASSIGN, 29, 375794190, 455493134, 309117470, 308169230, 291924494, 375790094, 442896134, 348543502, 382093838, 359025166, 459542150, 309216286, 308694542, 342252558, 409422350, 307119646, 459672590, 459688458, 373579278, 459558412, 309150478, 392450574, 457575950, 306661134, 309085966, 323373614, 275139182, 283531790, 438701583, 455485966,  
Sat, 28, st_st28, st_st7, st_st19, st_st15, st_st9, st_st23, st_st3, st_st26, st_st22, st_st10, st_st5, st_st21, st_st0, st_st27, st_st11, st_st16, st_st4, st_st29, st_st25, st_st6, st_st18, st_st24, st_st1, st_st17, st_st20, st_st14, st_st13, st_st12, st_st2, st_st8,  
ASSIGN, 28, 173972159, 257841843, 256572979, 189463735, 175037115, 122542775, 231659703, 105757375, 55565495, 38787775, 232692279, 189725243, 189717175, 55376575, 189778111, 189528755, 147774391, 240016063, 21954231, 173956023, 256614067, 38795959, 241081015, 189750963, 189789747, 189461183, 38730431, 22018743, 224318135, 243145403,  
Sat, 27, st_st28, st_st7, st_st19, st_st15, st_st9, st_st23, st_st3, st_st26, st_st22, st_st10, st_st5, st_st21, st_st0, st_st27, st_st11, st_st16, st_st4, st_st29, st_st25, st_st6, st_st18, st_st24, st_st1, st_st17, st_st20, st_st14, st_st13, st_st12, st_st2, st_st8,  
ASSIGN, 27, 99538400, 100585840, 16766912, 33542593, 100586785, 67029472, 83874145, 29346784, 67096992, 66508256, 100593953, 33542600, 33477089, 29284320, 66376177, 16700873, 16767585, 100593761, 62899168, 67033185, 16701281, 62819312, 67039393, 16699757, 32428524, 33543072, 33217441, 33480096, 134140193, 100594080,  
Sat, 26, st_st28, st_st7, st_st19, st_st15, st_st9, st_st23, st_st3, st_st26, st_st22, st_st10, st_st5, st_st21, st_st0, st_st27, st_st11, st_st16, st_st4, st_st29, st_st25, st_st6, st_st18, st_st24, st_st1, st_st17, st_st20, st_st14, st_st13, st_st12, st_st2, st_st8,  
ASSIGN, 26, 3166269, 3219503, 2765356, 35680299, 3682364, 3272740, 3154031, 11628832, 3239977, 3174949, 11608172, 2895918, 3174446, 3174697, 3305513, 35811372, 3735659, 3285102, 3241224, 3158123, 2243109, 3273472, 3156078, 2126381, 2110511, 2158650, 3207203, 1110061, 53485614, 3154045,  
Sat, 25, st_st28, st_st7, st_st19, st_st15, st_st9, st_st23, st_st3, st_st26, st_st22, st_st10, st_st5, st_st21, st_st0, st_st27, st_st11, st_st16, st_st4, st_st29, st_st25, st_st6, st_st18, st_st24, st_st1, st_st17, st_st20, st_st14, st_st13, st_st12, st_st2, st_st8,  
ASSIGN, 25, 16806572, 17182862, 17187374, 17049148, 12990, 16806445, 340540, 16986668, 292396, 16807466, 17105470, 16917039, 17052206, 16806700, 17183786, 17040190, 13244, 16789742, 16856620, 16789822, 21254700, 16888361, 17047678, 17060622, 17187343, 20193836, 19149368, 16791100, 405566, 17051836,  
Sat, 24, st_st28, st_st7, st_st19, st_st15, st_st9, st_st23, st_st3, st_st26, st_st22, st_st10, st_st5, st_st21, st_st0, st_st27, st_st11, st_st16, st_st4, st_st29, st_st25, st_st6, st_st18, st_st24, st_st1, st_st17, st_st20, st_st14, st_st13, st_st12, st_st2, st_st8,  
ASSIGN, 24, 5242878, 15466483, 14811135, 14671103, 2097147, 13631103, 14674939, 11526015, 15720159, 13631439, 16764915, 13434879, 13623291, 15654879, 15720287, 13500159, 10484479, 11534267, 7331711, 10477503, 15138813, 1048575, 4186107, 13564927, 2031615, 14671861, 14671711, 15728475, 16505851, 2883583,  
Sat, 23, st_st28, st_st7, st_st19, st_st15, st_st9, st_st23, st_st3, st_st26, st_st22, st_st10, st_st5, st_st21, st_st0, st_st27, st_st11, st_st16, st_st4, st_st29, st_st25, st_st6, st_st18, st_st24, st_st1, st_st17, st_st20, st_st14, st_st13, st_st12, st_st2, st_st8,  
ASSIGN, 23, 438986, 439506, 373680, 311106, 403402, 431811, 439776, 439233, 309955, 438723, 439622, 311200, 309186, 439186, 435142, 374608, 62946, 4633922, 299987, 4515266, 914304, 430539, 4634048, 374688, 1226656, 1161026, 374354, 504514, 431562, 439690,  
Sat, 22, st_st28, st_st7, st_st19, st_st15, st_st9, st_st23, st_st3, st_st26, st_st22, st_st10, st_st5, st_st21, st_st0, st_st27, st_st11, st_st16, st_st4, st_st29, st_st25, st_st6, st_st18, st_st24, st_st1, st_st17, st_st20, st_st14, st_st13, st_st12, st_st2, st_st8,  
ASSIGN, 22, 75533, 14094, 140061, 2124301, 145161, 3154959, 1074701, 74783, 2109967, 1057551, 1189133, 402972, 140815, 1187871, 1220623, 2106127, 1125900, 79373, 2240541, 12045, 206597, 2252815, 141132, 205582, 336668, 2240005, 2238990, 3277327, 1193484, 79688,  
Sat, 21, st_st28, st_st7, st_st19, st_st15, st_st9, st_st23, st_st3, st_st26, st_st22, st_st10, st_st5, st_st21, st_st0, st_st27, st_st11, st_st16, st_st4, st_st29, st_st25, st_st6, st_st18, st_st24, st_st1, st_st17, st_st20, st_st14, st_st13, st_st12, st_st2, st_st8,  
ASSIGN, 21, 557455, 136077, 688540, 956680, 299406, 688462, 176524, 529742, 693516, 692239, 700802, 528860, 659854, 529551, 656015, 690570, 111492, 1184135, 660509, 233862, 1737106, 689182, 1610118, 1704394, 1184216, 669962, 659818, 660558, 37263, 1085837,  
Sat, 20, st_st28, st_st7, st_st19, st_st15, st_st9, st_st23, st_st3, st_st26, st_st22, st_st10, st_st5, st_st21, st_st0, st_st27, st_st11, st_st16, st_st4, st_st29, st_st25, st_st6, st_st18, st_st24, st_st1, st_st17, st_st20, st_st14, st_st13, st_st12, st_st2, st_st8,  
ASSIGN, 20, 207448, 335965, 270939, 729304, 125016, 862290, 853084, 600115, 862360, 993352, 66782, 336476, 600156, 731248, 732184, 598107, 339032, 272988, 993440, 338076, 795345, 796912, 335966, 862289, 342608, 592090, 534650, 854136, 589919, 90716,  
Sat, 19, st_st28, st_st7, st_st19, st_st15, st_st9, st_st23, st_st3, st_st26, st_st22, st_st10, st_st5, st_st21, st_st0, st_st27, st_st11, st_st16, st_st4, st_st29, st_st25, st_st6, st_st18, st_st24, st_st1, st_st17, st_st20, st_st14, st_st13, st_st12, st_st2, st_st8,  
ASSIGN, 19, 406602, 406542, 160517, 154638, 160856, 356426, 220169, 488512, 31818, 291882, 146457, 225539, 226314, 357640, 161834, 159759, 87193, 487436, 163080, 218140, 152355, 293960, 144414, 225315, 213291, 29726, 357400, 359426, 160781, 405596,  
Sat, 18, st_st28, st_st7, st_st19, st_st15, st_st9, st_st23, st_st3, st_st26, st_st22, st_st10, st_st5, st_st21, st_st0, st_st27, st_st11, st_st16, st_st4, st_st29, st_st25, st_st6, st_st18, st_st24, st_st1, st_st17, st_st20, st_st14, st_st13, st_st12, st_st2, st_st8,  
ASSIGN, 18, 189186, 28939, 81981, 172075, 180997, 159766, 188454, 221222, 143399, 156198, 254468, 213007, 155911, 151846, 139847, 147503, 156422, 57359, 159878, 172551, 155701, 143570, 156174, 155814, 147758, 188682, 156171, 152071, 188427, 25351,  
Sat, 17, st_st28, st_st7, st_st19, st_st15, st_st9, st_st23, st_st3, st_st26, st_st22, st_st10, st_st5, st_st21, st_st0, st_st27, st_st11, st_st16, st_st4, st_st29, st_st25, st_st6, st_st18, st_st24, st_st1, st_st17, st_st20, st_st14, st_st13, st_st12, st_st2, st_st8,  
ASSIGN, 17, 2049, 288, 132, 18432, 768, 513, 17, 10, 96, 65540, 40, 65544, 130, 4112, 12288, 520, 8448, 10240, 2560, 68, 65538, 16640, 2304, 65, 32770, 4608, 65537, 3072, 516, 49152,  
Sat, 16, st_st28, st_st7, st_st19, st_st15, st_st9, st_st23, st_st3, st_st26, st_st22, st_st10, st_st5, st_st21, st_st0, st_st27, st_st11, st_st16, st_st4, st_st29, st_st25, st_st6, st_st18, st_st24, st_st1, st_st17, st_st20, st_st14, st_st13, st_st12, st_st2, st_st8,  
ASSIGN, 16, 1539, 25216, 1352, 12801, 1169, 20993, 22016, 21632, 1793, 50688, 3600, 21512, 25601, 17696, 27136, 13376, 49696, 18176, 42240, 50180, 1616, 38400, 19584, 24656, 29184, 28688, 16913, 49409, 18945, 1668,  
Sat, 15, st_st28, st_st7, st_st19, st_st15, st_st9, st_st23, st_st3, st_st26, st_st22, st_st10, st_st5, st_st21, st_st0, st_st27, st_st11, st_st16, st_st4, st_st29, st_st25, st_st6, st_st18, st_st24, st_st1, st_st17, st_st20, st_st14, st_st13, st_st12, st_st2, st_st8,  
ASSIGN, 15, 10759, 8758, 249, 11345, 8239, 2079, 2142, 10389, 11271, 10317, 4382, 246, 8279, 8412, 28741, 8561, 16726, 2583, 8335, 26646, 12401, 10510, 8350, 8314, 12528, 10387, 1175, 9245, 8796, 8731,  
Sat, 14, st_st28, st_st7, st_st19, st_st15, st_st9, st_st23, st_st3, st_st26, st_st22, st_st10, st_st5, st_st21, st_st0, st_st27, st_st11, st_st16, st_st4, st_st29, st_st25, st_st6, st_st18, st_st24, st_st1, st_st17, st_st20, st_st14, st_st13, st_st12, st_st2, st_st8,  
ASSIGN, 14, 14940, 12943, 15252, 11736, 9053, 16068, 12973, 14228, 14556, 10957, 13041, 14580, 13013, 11220, 14949, 12764, 9895, 12519, 10486, 13191, 14820, 11956, 12903, 12743, 10455, 10461, 14577, 14789, 12979, 12383,  
Sat, 13, st_st28, st_st7, st_st19, st_st15, st_st9, st_st23, st_st3, st_st26, st_st22, st_st10, st_st5, st_st21, st_st0, st_st27, st_st11, st_st16, st_st4, st_st29, st_st25, st_st6, st_st18, st_st24, st_st1, st_st17, st_st20, st_st14, st_st13, st_st12, st_st2, st_st8,  
ASSIGN, 13, 6839, 5116, 7486, 1981, 3647, 1663, 2813, 6271, 5947, 4859, 4076, 3899, 959, 1279, 1531, 3871, 2013, 4575, 5751, 5101, 7672, 6012, 3023, 3515, 7851, 6074, 3771, 2035, 2558, 767,  
Sat, 12, st_st28, st_st7, st_st19, st_st15, st_st9, st_st23, st_st3, st_st26, st_st22, st_st10, st_st5, st_st21, st_st0, st_st27, st_st11, st_st16, st_st4, st_st29, st_st25, st_st6, st_st18, st_st24, st_st1, st_st17, st_st20, st_st14, st_st13, st_st12, st_st2, st_st8,  
ASSIGN, 12, 450, 2448, 154, 368, 275, 645, 2224, 1164, 561, 658, 408, 688, 209, 1665, 1553, 51, 420, 452, 674, 226, 2256, 147, 90, 2145, 2098, 402, 1200, 163, 2067, 848,  
Sat, 11, st_st28, st_st7, st_st19, st_st15, st_st9, st_st23, st_st3, st_st26, st_st22, st_st10, st_st5, st_st21, st_st0, st_st27, st_st11, st_st16, st_st4, st_st29, st_st25, st_st6, st_st18, st_st24, st_st1, st_st17, st_st20, st_st14, st_st13, st_st12, st_st2, st_st8,  
ASSIGN, 11, 1013, 759, 1839, 2036, 1959, 1014, 765, 1991, 1662, 1719, 1743, 1005, 831, 1011, 1661, 1977, 1997, 1943, 1883, 735, 1916, 1895, 999, 989, 955, 1949, 1470, 255, 507, 1526,  
Sat, 10, st_st28, st_st7, st_st19, st_st15, st_st9, st_st23, st_st3, st_st26, st_st22, st_st10, st_st5, st_st21, st_st0, st_st27, st_st11, st_st16, st_st4, st_st29, st_st25, st_st6, st_st18, st_st24, st_st1, st_st17, st_st20, st_st14, st_st13, st_st12, st_st2, st_st8,  
ASSIGN, 10, 104, 176, 148, 97, 11, 268, 81, 88, 168, 38, 13, 50, 289, 67, 560, 548, 224, 546, 49, 577, 7, 42, 328, 162, 44, 521, 133, 386, 608, 648,  
Sat, 9, st_st28, st_st7, st_st19, st_st15, st_st9, st_st23, st_st3, st_st26, st_st22, st_st10, st_st5, st_st21, st_st0, st_st27, st_st11, st_st16, st_st4, st_st29, st_st25, st_st6, st_st18, st_st24, st_st1, st_st17, st_st20, st_st14, st_st13, st_st12, st_st2, st_st8,  
ASSIGN, 9, 81, 290, 289, 388, 98, 11, 73, 322, 38, 146, 35, 386, 161, 273, 140, 7, 37, 52, 296, 134, 67, 274, 21, 196, 292, 194, 100, 56, 112, 41,  
Sat, 8, st_st28, st_st7, st_st19, st_st15, st_st9, st_st23, st_st3, st_st26, st_st22, st_st10, st_st5, st_st21, st_st0, st_st27, st_st11, st_st16, st_st4, st_st29, st_st25, st_st6, st_st18, st_st24, st_st1, st_st17, st_st20, st_st14, st_st13, st_st12, st_st2, st_st8,  
ASSIGN, 8, 116, 43, 216, 170, 209, 149, 228, 15, 60, 39, 45, 169, 178, 195, 172, 57, 184, 53, 77, 212, 29, 113, 30, 139, 51, 135, 202, 27, 120, 71,  
NotSat, 7,  
