Sat, 35, st_st4, st_st7, st_st15, st_st11_n, st_st0_n, st_st6, st_st4_n, st_st9_n, st_st1, st_st9, st_st3, st_st14, st_st10, st_st2_n, st_st5, st_st12, st_st0, st_st2, st_st5_n, st_st13, st_st11, st_st8, st_st10_n,  
ASSIGN, 35, 9798826252, 5503871244, 25770735885, 10067257868, 9664609293, 1208940556, 10066737165, 14093596684, 18388760590, 13288486924, 5503858702, 11963083012, 9798838285, 14093791245, 9798818317, 9798854670, 5503859724, 1208891469, 9798830860, 9798105372, 8993515789, 14496446476, 31273658380,  
Sat, 34, st_st4, st_st7, st_st15, st_st11_n, st_st0_n, st_st6, st_st4_n, st_st9_n, st_st1, st_st9, st_st3, st_st14, st_st10, st_st2_n, st_st5, st_st12, st_st0, st_st2, st_st5_n, st_st13, st_st11, st_st8, st_st10_n,  
ASSIGN, 34, 12348010837, 16642978067, 12884873684, 12348010980, 16374542681, 12876493139, 3758076254, 14763929941, 16634589523, 16978522453, 17163071828, 12582891863, 16642978118, 12884881746, 12347945814, 17171460436, 16642978160, 12884881764, 12348011364, 16642990420, 3758076263, 17179783505, 17179848965,  
Sat, 33, st_st4, st_st7, st_st15, st_st11_n, st_st0_n, st_st6, st_st4_n, st_st9_n, st_st1, st_st9, st_st3, st_st14, st_st10, st_st2_n, st_st5, st_st12, st_st0, st_st2, st_st5_n, st_st13, st_st11, st_st8, st_st10_n,  
ASSIGN, 33, 4235771839, 3430547391, 8564281279, 8396537790, 4269587901, 7758987199, 4234805167, 3170680735, 4269334462, 3174875071, 3162357694, 4241539071, 3027894207, 3195617215, 4235852991, 3866689471, 4269555646, 4135174078, 8396537279, 8472018367, 4117299135, 3195322303, 3564830655,  
Sat, 32, st_st4, st_st7, st_st15, st_st11_n, st_st0_n, st_st6, st_st4_n, st_st9_n, st_st1, st_st9, st_st3, st_st14, st_st10, st_st2_n, st_st5, st_st12, st_st0, st_st2, st_st5_n, st_st13, st_st11, st_st8, st_st10_n,  
ASSIGN, 32, 4285595345, 4293951440, 3732733649, 4277205969, 4294483665, 4283531217, 4293973969, 4293979888, 4285693841, 4293983938, 4294110913, 4269080259, 4292931537, 4294029009, 4285648849, 4293935057, 4294098577, 4294241937, 4285722065, 4285591473, 3991994321, 4293934803, 4293947121,  
Sat, 31, st_st4, st_st7, st_st15, st_st11_n, st_st0_n, st_st6, st_st4_n, st_st9_n, st_st1, st_st9, st_st3, st_st14, st_st10, st_st2_n, st_st5, st_st12, st_st0, st_st2, st_st5_n, st_st13, st_st11, st_st8, st_st10_n,  
ASSIGN, 31, 940264610, 403392691, 941116579, 940247219, 940276738, 2014003378, 672089251, 940723363, 990596098, 940002339, 944131234, 1347112098, 940197043, 944391394, 940524720, 957039666, 944458818, 944393347, 940199092, 706430114, 940250275, 1007373315, 403391670,  
Sat, 30, st_st4, st_st7, st_st15, st_st11_n, st_st0_n, st_st6, st_st4_n, st_st9_n, st_st1, st_st9, st_st3, st_st14, st_st10, st_st2_n, st_st5, st_st12, st_st0, st_st2, st_st5_n, st_st13, st_st11, st_st8, st_st10_n,  
ASSIGN, 30, 889382656, 335736580, 654505472, 486600448, 889370176, 353035780, 336848640, 893429512, 890021632, 893413184, 894576384, 889450752, 286453504, 357623552, 554952448, 353953536, 890283840, 890269440, 822210304, 922791680, 369291008, 889333696, 336783232,  
Sat, 29, st_st4, st_st7, st_st15, st_st11_n, st_st0_n, st_st6, st_st4_n, st_st9_n, st_st1, st_st9, st_st3, st_st14, st_st10, st_st2_n, st_st5, st_st12, st_st0, st_st2, st_st5_n, st_st13, st_st11, st_st8, st_st10_n,  
ASSIGN, 29, 369305693, 311044189, 381823005, 374548493, 69937245, 310454397, 369240253, 503457949, 372320285, 469904477, 503393309, 369567956, 378677277, 379660317, 370354233, 378611789, 237185053, 371338269, 370288857, 369305942, 373434399, 235546717, 377629773,  
Sat, 28, st_st4, st_st7, st_st15, st_st11_n, st_st0_n, st_st6, st_st4_n, st_st9_n, st_st1, st_st9, st_st3, st_st14, st_st10, st_st2_n, st_st5, st_st12, st_st0, st_st2, st_st5_n, st_st13, st_st11, st_st8, st_st10_n,  
ASSIGN, 28, 264923393, 256797185, 248163073, 264825857, 266952961, 261777921, 248179713, 230911233, 130641153, 262302977, 264402177, 264399110, 265184257, 264990721, 214854913, 264793601, 130769665, 264987904, 248408069, 264923148, 264953861, 132801793, 264921603,  
Sat, 27, st_st4, st_st7, st_st15, st_st11_n, st_st0_n, st_st6, st_st4_n, st_st9_n, st_st1, st_st9, st_st3, st_st14, st_st10, st_st2_n, st_st5, st_st12, st_st0, st_st2, st_st5_n, st_st13, st_st11, st_st8, st_st10_n,  
ASSIGN, 27, 130486282, 114237450, 130420749, 65478666, 117904650, 114200586, 130289679, 114765832, 131339274, 131280898, 130232329, 130520064, 130424843, 131477512, 130220047, 130330634, 123147272, 130421769, 130228250, 121852170, 130359310, 118960138, 130523144,  
Sat, 26, st_st4, st_st7, st_st15, st_st11_n, st_st0_n, st_st6, st_st4_n, st_st9_n, st_st1, st_st9, st_st3, st_st14, st_st10, st_st2_n, st_st5, st_st12, st_st0, st_st2, st_st5_n, st_st13, st_st11, st_st8, st_st10_n,  
ASSIGN, 26, 14835231, 11689758, 14842430, 14835548, 31874063, 13852190, 14843676, 32659487, 15097118, 13793823, 15883038, 7495323, 14866206, 15881503, 48395806, 12746526, 23223583, 14835038, 14837535, 15359763, 15884046, 30563359, 13819422,  
Sat, 25, st_st4, st_st7, st_st15, st_st11_n, st_st0_n, st_st6, st_st4_n, st_st9_n, st_st1, st_st9, st_st3, st_st14, st_st10, st_st2_n, st_st5, st_st12, st_st0, st_st2, st_st5_n, st_st13, st_st11, st_st8, st_st10_n,  
ASSIGN, 25, 32833411, 32963466, 28835714, 33225603, 32800690, 29162379, 33087371, 32824275, 24248227, 32823219, 32694163, 30734251, 32570255, 31653767, 32636555, 33160067, 31522739, 32567191, 32571079, 33406723, 31653771, 32817073, 16120715,  
Sat, 24, st_st4, st_st7, st_st15, st_st11_n, st_st0_n, st_st6, st_st4_n, st_st9_n, st_st1, st_st9, st_st3, st_st14, st_st10, st_st2_n, st_st5, st_st12, st_st0, st_st2, st_st5_n, st_st13, st_st11, st_st8, st_st10_n,  
ASSIGN, 24, 1776706, 1252440, 3870787, 1776688, 1252387, 3808328, 3873282, 2821442, 1514592, 2300998, 11213826, 1824832, 3349522, 11672642, 3364930, 3873824, 1449027, 3808259, 3886082, 11213888, 12262400, 1252421, 10165264,  
Sat, 23, st_st4, st_st7, st_st15, st_st11_n, st_st0_n, st_st6, st_st4_n, st_st9_n, st_st1, st_st9, st_st3, st_st14, st_st10, st_st2_n, st_st5, st_st12, st_st0, st_st2, st_st5_n, st_st13, st_st11, st_st8, st_st10_n,  
ASSIGN, 23, 7560158, 7568246, 8149982, 5495550, 6519773, 7818230, 5471197, 7820191, 7558139, 5462975, 5461983, 7561070, 5467134, 7563230, 5491679, 7556093, 7435231, 5341150, 7539711, 6805982, 5503454, 7568159, 7502844,  
Sat, 22, st_st4, st_st7, st_st15, st_st11_n, st_st0_n, st_st6, st_st4_n, st_st9_n, st_st1, st_st9, st_st3, st_st14, st_st10, st_st2_n, st_st5, st_st12, st_st0, st_st2, st_st5_n, st_st13, st_st11, st_st8, st_st10_n,  
ASSIGN, 22, 3680802, 3157792, 2624046, 3676802, 3410470, 3156739, 3672707, 2624298, 3549218, 2640482, 3672928, 2108070, 3681152, 3156769, 3672740, 3287682, 3279650, 1714976, 3418784, 2632416, 3672850, 2755110, 3156802,  
Sat, 21, st_st4, st_st7, st_st15, st_st11_n, st_st0_n, st_st6, st_st4_n, st_st9_n, st_st1, st_st9, st_st3, st_st14, st_st10, st_st2_n, st_st5, st_st12, st_st0, st_st2, st_st5_n, st_st13, st_st11, st_st8, st_st10_n,  
ASSIGN, 21, 527923, 73266, 532020, 134961, 548386, 69411, 659120, 134451, 7857, 269363, 138801, 547363, 396850, 7858, 659042, 331313, 531619, 663074, 134819, 3646, 265905, 597042, 724528,  
Sat, 20, st_st4, st_st7, st_st15, st_st11_n, st_st0_n, st_st6, st_st4_n, st_st9_n, st_st1, st_st9, st_st3, st_st14, st_st10, st_st2_n, st_st5, st_st12, st_st0, st_st2, st_st5_n, st_st13, st_st11, st_st8, st_st10_n,  
ASSIGN, 20, 69120, 198658, 7170, 83972, 198912, 67856, 3329, 76032, 198664, 15360, 74753, 66817, 19458, 83969, 142336, 67590, 133633, 3105, 7169, 74496, 7172, 11008, 74754,  
Sat, 19, st_st4, st_st7, st_st15, st_st11_n, st_st0_n, st_st6, st_st4_n, st_st9_n, st_st1, st_st9, st_st3, st_st14, st_st10, st_st2_n, st_st5, st_st12, st_st0, st_st2, st_st5_n, st_st13, st_st11, st_st8, st_st10_n,  
ASSIGN, 19, 28430, 77708, 216590, 323084, 85263, 93957, 93004, 52046, 265999, 56590, 23326, 28500, 118540, 20316, 85830, 52999, 281886, 36638, 98052, 53018, 61252, 150830, 69391,  
Sat, 18, st_st4, st_st7, st_st15, st_st11_n, st_st0_n, st_st6, st_st4_n, st_st9_n, st_st1, st_st9, st_st3, st_st14, st_st10, st_st2_n, st_st5, st_st12, st_st0, st_st2, st_st5_n, st_st13, st_st11, st_st8, st_st10_n,  
ASSIGN, 18, 62978, 190208, 56578, 129026, 46672, 251392, 116227, 48131, 30465, 110082, 48896, 42515, 123650, 42762, 52994, 87810, 46852, 59137, 64256, 38662, 127489, 48641, 185090,  
Sat, 17, st_st4, st_st7, st_st15, st_st11_n, st_st0_n, st_st6, st_st4_n, st_st9_n, st_st1, st_st9, st_st3, st_st14, st_st10, st_st2_n, st_st5, st_st12, st_st0, st_st2, st_st5_n, st_st13, st_st11, st_st8, st_st10_n,  
ASSIGN, 17, 47117, 124937, 46604, 47185, 57613, 104459, 63498, 14606, 71725, 28687, 59406, 7183, 63521, 55340, 61447, 120837, 116749, 129032, 47619, 47178, 63556, 53325, 104489,  
Sat, 16, st_st4, st_st7, st_st15, st_st11_n, st_st0_n, st_st6, st_st4_n, st_st9_n, st_st1, st_st9, st_st3, st_st14, st_st10, st_st2_n, st_st5, st_st12, st_st0, st_st2, st_st5_n, st_st13, st_st11, st_st8, st_st10_n,  
ASSIGN, 16, 8800, 10305, 720, 1856, 8640, 10280, 10320, 41032, 8481, 33120, 9536, 108, 9408, 1602, 8514, 8368, 8962, 9729, 1122, 561, 1136, 8496, 9249,  
Sat, 15, st_st4, st_st7, st_st15, st_st11_n, st_st0_n, st_st6, st_st4_n, st_st9_n, st_st1, st_st9, st_st3, st_st14, st_st10, st_st2_n, st_st5, st_st12, st_st0, st_st2, st_st5_n, st_st13, st_st11, st_st8, st_st10_n,  
ASSIGN, 15, 16594, 1222, 16500, 1110, 20673, 9424, 234, 707, 16585, 206, 5314, 16774, 158, 17542, 16568, 248, 16547, 1202, 17434, 16609, 8282, 451, 1114,  
Sat, 14, st_st4, st_st7, st_st15, st_st11_n, st_st0_n, st_st6, st_st4_n, st_st9_n, st_st1, st_st9, st_st3, st_st14, st_st10, st_st2_n, st_st5, st_st12, st_st0, st_st2, st_st5_n, st_st13, st_st11, st_st8, st_st10_n,  
ASSIGN, 14, 900, 284, 212, 269, 432, 4496, 526, 12420, 135, 4420, 5636, 8864, 172, 1696, 808, 393, 1410, 1157, 293, 785, 649, 4481, 525,  
Sat, 13, st_st4, st_st7, st_st15, st_st11_n, st_st0_n, st_st6, st_st4_n, st_st9_n, st_st1, st_st9, st_st3, st_st14, st_st10, st_st2_n, st_st5, st_st12, st_st0, st_st2, st_st5_n, st_st13, st_st11, st_st8, st_st10_n,  
ASSIGN, 13, 4728, 748, 7008, 4316, 5016, 630, 7752, 4659, 6754, 4710, 629, 7280, 4685, 4707, 1644, 2668, 4938, 622, 4206, 5705, 5064, 4818, 4460,  
Sat, 12, st_st4, st_st7, st_st15, st_st11_n, st_st0_n, st_st6, st_st4_n, st_st9_n, st_st1, st_st9, st_st3, st_st14, st_st10, st_st2_n, st_st5, st_st12, st_st0, st_st2, st_st5_n, st_st13, st_st11, st_st8, st_st10_n,  
ASSIGN, 12, 3152, 1728, 593, 3081, 2148, 1100, 3112, 3204, 1376, 1094, 3330, 1091, 2248, 2115, 2074, 3336, 3106, 1098, 2626, 2146, 2145, 3084, 3232,  
Sat, 11, st_st4, st_st7, st_st15, st_st11_n, st_st0_n, st_st6, st_st4_n, st_st9_n, st_st1, st_st9, st_st3, st_st14, st_st10, st_st2_n, st_st5, st_st12, st_st0, st_st2, st_st5_n, st_st13, st_st11, st_st8, st_st10_n,  
ASSIGN, 11, 311, 1071, 1842, 1083, 694, 814, 828, 413, 497, 455, 365, 444, 189, 469, 1086, 380, 486, 399, 1141, 839, 126, 243, 1309,  
Sat, 10, st_st4, st_st7, st_st15, st_st11_n, st_st0_n, st_st6, st_st4_n, st_st9_n, st_st1, st_st9, st_st3, st_st14, st_st10, st_st2_n, st_st5, st_st12, st_st0, st_st2, st_st5_n, st_st13, st_st11, st_st8, st_st10_n,  
ASSIGN, 10, 676, 774, 547, 135, 356, 46, 424, 163, 53, 197, 519, 533, 452, 898, 780, 141, 417, 705, 912, 664, 897, 396, 293,  
Sat, 9, st_st4, st_st7, st_st15, st_st11_n, st_st0_n, st_st6, st_st4_n, st_st9_n, st_st1, st_st9, st_st3, st_st14, st_st10, st_st2_n, st_st5, st_st12, st_st0, st_st2, st_st5_n, st_st13, st_st11, st_st8, st_st10_n,  
ASSIGN, 9, 37, 196, 50, 388, 104, 145, 67, 73, 28, 324, 385, 262, 162, 140, 112, 304, 70, 11, 19, 42, 137, 193, 22,  
Sat, 8, st_st4, st_st7, st_st15, st_st11_n, st_st0_n, st_st6, st_st4_n, st_st9_n, st_st1, st_st9, st_st3, st_st14, st_st10, st_st2_n, st_st5, st_st12, st_st0, st_st2, st_st5_n, st_st13, st_st11, st_st8, st_st10_n,  
ASSIGN, 8, 140, 84, 26, 208, 22, 193, 69, 21, 88, 41, 131, 100, 104, 37, 161, 176, 11, 70, 25, 56, 52, 162, 38,  
NotSat, 7,  
